# compute-plp-feats --verbose=2 --config=config/plp.conf scp,p:new_data/make_plp/log/wav_new_data.1.scp ark:- | copy-feats --compress=true ark:- ark,scp:/home/ubuntu/kaldi-mirror/egs/kgz/kyrgyz-model/new_data/make_plp/raw_plp_new_data.1.ark,/home/ubuntu/kaldi-mirror/egs/kgz/kyrgyz-model/new_data/make_plp/raw_plp_new_data.1.scp 
# Started at Tue Oct 17 12:36:37 UTC 2017
#
copy-feats --compress=true ark:- ark,scp:/home/ubuntu/kaldi-mirror/egs/kgz/kyrgyz-model/new_data/make_plp/raw_plp_new_data.1.ark,/home/ubuntu/kaldi-mirror/egs/kgz/kyrgyz-model/new_data/make_plp/raw_plp_new_data.1.scp 
compute-plp-feats --verbose=2 --config=config/plp.conf scp,p:new_data/make_plp/log/wav_new_data.1.scp ark:- 
VLOG[2] (compute-plp-feats[5.2.163~1-3af47]:main():compute-plp-feats.cc:173) Processed features for key atai_20_part_001
VLOG[2] (compute-plp-feats[5.2.163~1-3af47]:main():compute-plp-feats.cc:173) Processed features for key atai_20_part_002
VLOG[2] (compute-plp-feats[5.2.163~1-3af47]:main():compute-plp-feats.cc:173) Processed features for key atai_20_part_003
VLOG[2] (compute-plp-feats[5.2.163~1-3af47]:main():compute-plp-feats.cc:173) Processed features for key atai_20_part_004
VLOG[2] (compute-plp-feats[5.2.163~1-3af47]:main():compute-plp-feats.cc:173) Processed features for key atai_20_part_005
VLOG[2] (compute-plp-feats[5.2.163~1-3af47]:main():compute-plp-feats.cc:173) Processed features for key atai_20_part_006
VLOG[2] (compute-plp-feats[5.2.163~1-3af47]:main():compute-plp-feats.cc:173) Processed features for key atai_20_part_007
VLOG[2] (compute-plp-feats[5.2.163~1-3af47]:main():compute-plp-feats.cc:173) Processed features for key atai_20_part_008
VLOG[2] (compute-plp-feats[5.2.163~1-3af47]:main():compute-plp-feats.cc:173) Processed features for key atai_20_part_009
LOG (compute-plp-feats[5.2.163~1-3af47]:main():compute-plp-feats.cc:172) Processed 10 utterances
VLOG[2] (compute-plp-feats[5.2.163~1-3af47]:main():compute-plp-feats.cc:173) Processed features for key atai_20_part_010
VLOG[2] (compute-plp-feats[5.2.163~1-3af47]:main():compute-plp-feats.cc:173) Processed features for key atai_20_part_011
VLOG[2] (compute-plp-feats[5.2.163~1-3af47]:main():compute-plp-feats.cc:173) Processed features for key atai_20_part_012
VLOG[2] (compute-plp-feats[5.2.163~1-3af47]:main():compute-plp-feats.cc:173) Processed features for key atai_20_part_013
VLOG[2] (compute-plp-feats[5.2.163~1-3af47]:main():compute-plp-feats.cc:173) Processed features for key atai_20_part_014
VLOG[2] (compute-plp-feats[5.2.163~1-3af47]:main():compute-plp-feats.cc:173) Processed features for key atai_20_part_015
VLOG[2] (compute-plp-feats[5.2.163~1-3af47]:main():compute-plp-feats.cc:173) Processed features for key atai_20_part_016
VLOG[2] (compute-plp-feats[5.2.163~1-3af47]:main():compute-plp-feats.cc:173) Processed features for key atai_20_part_017
VLOG[2] (compute-plp-feats[5.2.163~1-3af47]:main():compute-plp-feats.cc:173) Processed features for key atai_20_part_018
VLOG[2] (compute-plp-feats[5.2.163~1-3af47]:main():compute-plp-feats.cc:173) Processed features for key atai_20_part_019
LOG (compute-plp-feats[5.2.163~1-3af47]:main():compute-plp-feats.cc:172) Processed 20 utterances
VLOG[2] (compute-plp-feats[5.2.163~1-3af47]:main():compute-plp-feats.cc:173) Processed features for key atai_20_part_020
VLOG[2] (compute-plp-feats[5.2.163~1-3af47]:main():compute-plp-feats.cc:173) Processed features for key atai_20_part_021
VLOG[2] (compute-plp-feats[5.2.163~1-3af47]:main():compute-plp-feats.cc:173) Processed features for key atai_20_part_022
VLOG[2] (compute-plp-feats[5.2.163~1-3af47]:main():compute-plp-feats.cc:173) Processed features for key atai_20_part_023
VLOG[2] (compute-plp-feats[5.2.163~1-3af47]:main():compute-plp-feats.cc:173) Processed features for key atai_20_part_024
VLOG[2] (compute-plp-feats[5.2.163~1-3af47]:main():compute-plp-feats.cc:173) Processed features for key atai_20_part_025
VLOG[2] (compute-plp-feats[5.2.163~1-3af47]:main():compute-plp-feats.cc:173) Processed features for key atai_20_part_026
VLOG[2] (compute-plp-feats[5.2.163~1-3af47]:main():compute-plp-feats.cc:173) Processed features for key atai_20_part_027
VLOG[2] (compute-plp-feats[5.2.163~1-3af47]:main():compute-plp-feats.cc:173) Processed features for key atai_20_part_028
VLOG[2] (compute-plp-feats[5.2.163~1-3af47]:main():compute-plp-feats.cc:173) Processed features for key atai_20_part_029
LOG (compute-plp-feats[5.2.163~1-3af47]:main():compute-plp-feats.cc:172) Processed 30 utterances
VLOG[2] (compute-plp-feats[5.2.163~1-3af47]:main():compute-plp-feats.cc:173) Processed features for key atai_20_part_030
VLOG[2] (compute-plp-feats[5.2.163~1-3af47]:main():compute-plp-feats.cc:173) Processed features for key atai_20_part_031
VLOG[2] (compute-plp-feats[5.2.163~1-3af47]:main():compute-plp-feats.cc:173) Processed features for key atai_20_part_032
VLOG[2] (compute-plp-feats[5.2.163~1-3af47]:main():compute-plp-feats.cc:173) Processed features for key atai_20_part_033
VLOG[2] (compute-plp-feats[5.2.163~1-3af47]:main():compute-plp-feats.cc:173) Processed features for key atai_20_part_034
VLOG[2] (compute-plp-feats[5.2.163~1-3af47]:main():compute-plp-feats.cc:173) Processed features for key atai_20_part_035
VLOG[2] (compute-plp-feats[5.2.163~1-3af47]:main():compute-plp-feats.cc:173) Processed features for key atai_20_part_036
VLOG[2] (compute-plp-feats[5.2.163~1-3af47]:main():compute-plp-feats.cc:173) Processed features for key atai_20_part_037
VLOG[2] (compute-plp-feats[5.2.163~1-3af47]:main():compute-plp-feats.cc:173) Processed features for key atai_20_part_038
VLOG[2] (compute-plp-feats[5.2.163~1-3af47]:main():compute-plp-feats.cc:173) Processed features for key atai_20_part_039
LOG (compute-plp-feats[5.2.163~1-3af47]:main():compute-plp-feats.cc:172) Processed 40 utterances
VLOG[2] (compute-plp-feats[5.2.163~1-3af47]:main():compute-plp-feats.cc:173) Processed features for key atai_20_part_040
VLOG[2] (compute-plp-feats[5.2.163~1-3af47]:main():compute-plp-feats.cc:173) Processed features for key atai_20_part_041
VLOG[2] (compute-plp-feats[5.2.163~1-3af47]:main():compute-plp-feats.cc:173) Processed features for key atai_20_part_042
VLOG[2] (compute-plp-feats[5.2.163~1-3af47]:main():compute-plp-feats.cc:173) Processed features for key atai_20_part_043
VLOG[2] (compute-plp-feats[5.2.163~1-3af47]:main():compute-plp-feats.cc:173) Processed features for key atai_20_part_044
VLOG[2] (compute-plp-feats[5.2.163~1-3af47]:main():compute-plp-feats.cc:173) Processed features for key atai_20_part_045
VLOG[2] (compute-plp-feats[5.2.163~1-3af47]:main():compute-plp-feats.cc:173) Processed features for key atai_20_part_046
VLOG[2] (compute-plp-feats[5.2.163~1-3af47]:main():compute-plp-feats.cc:173) Processed features for key atai_20_part_047
VLOG[2] (compute-plp-feats[5.2.163~1-3af47]:main():compute-plp-feats.cc:173) Processed features for key atai_20_part_048
VLOG[2] (compute-plp-feats[5.2.163~1-3af47]:main():compute-plp-feats.cc:173) Processed features for key atai_20_part_049
LOG (compute-plp-feats[5.2.163~1-3af47]:main():compute-plp-feats.cc:172) Processed 50 utterances
VLOG[2] (compute-plp-feats[5.2.163~1-3af47]:main():compute-plp-feats.cc:173) Processed features for key atai_20_part_050
VLOG[2] (compute-plp-feats[5.2.163~1-3af47]:main():compute-plp-feats.cc:173) Processed features for key atai_20_part_051
VLOG[2] (compute-plp-feats[5.2.163~1-3af47]:main():compute-plp-feats.cc:173) Processed features for key atai_20_part_052
VLOG[2] (compute-plp-feats[5.2.163~1-3af47]:main():compute-plp-feats.cc:173) Processed features for key atai_20_part_053
VLOG[2] (compute-plp-feats[5.2.163~1-3af47]:main():compute-plp-feats.cc:173) Processed features for key atai_20_part_054
VLOG[2] (compute-plp-feats[5.2.163~1-3af47]:main():compute-plp-feats.cc:173) Processed features for key atai_20_part_055
VLOG[2] (compute-plp-feats[5.2.163~1-3af47]:main():compute-plp-feats.cc:173) Processed features for key atai_20_part_056
VLOG[2] (compute-plp-feats[5.2.163~1-3af47]:main():compute-plp-feats.cc:173) Processed features for key atai_20_part_057
VLOG[2] (compute-plp-feats[5.2.163~1-3af47]:main():compute-plp-feats.cc:173) Processed features for key atai_20_part_058
VLOG[2] (compute-plp-feats[5.2.163~1-3af47]:main():compute-plp-feats.cc:173) Processed features for key atai_20_part_059
LOG (compute-plp-feats[5.2.163~1-3af47]:main():compute-plp-feats.cc:172) Processed 60 utterances
VLOG[2] (compute-plp-feats[5.2.163~1-3af47]:main():compute-plp-feats.cc:173) Processed features for key atai_20_part_060
LOG (compute-plp-feats[5.2.163~1-3af47]:main():compute-plp-feats.cc:176)  Done 60 out of 60 utterances.
LOG (copy-feats[5.2.163~1-3af47]:main():copy-feats.cc:143) Copied 60 feature matrices.
# Accounting: time=2 threads=1
# Ended (code 0) at Tue Oct 17 12:36:39 UTC 2017, elapsed time 2 seconds
