# compute-plp-feats --verbose=2 --config=config/plp.conf scp,p:new_data/make_plp/log/wav_new_data.3.scp ark:- | copy-feats --compress=true ark:- ark,scp:/home/ubuntu/kaldi-mirror/egs/kgz/kyrgyz-model/new_data/make_plp/raw_plp_new_data.3.ark,/home/ubuntu/kaldi-mirror/egs/kgz/kyrgyz-model/new_data/make_plp/raw_plp_new_data.3.scp 
# Started at Tue Oct 17 12:36:37 UTC 2017
#
copy-feats --compress=true ark:- ark,scp:/home/ubuntu/kaldi-mirror/egs/kgz/kyrgyz-model/new_data/make_plp/raw_plp_new_data.3.ark,/home/ubuntu/kaldi-mirror/egs/kgz/kyrgyz-model/new_data/make_plp/raw_plp_new_data.3.scp 
compute-plp-feats --verbose=2 --config=config/plp.conf scp,p:new_data/make_plp/log/wav_new_data.3.scp ark:- 
VLOG[2] (compute-plp-feats[5.2.163~1-3af47]:main():compute-plp-feats.cc:173) Processed features for key atai_20_part_121
VLOG[2] (compute-plp-feats[5.2.163~1-3af47]:main():compute-plp-feats.cc:173) Processed features for key atai_20_part_122
VLOG[2] (compute-plp-feats[5.2.163~1-3af47]:main():compute-plp-feats.cc:173) Processed features for key atai_20_part_123
VLOG[2] (compute-plp-feats[5.2.163~1-3af47]:main():compute-plp-feats.cc:173) Processed features for key atai_20_part_124
VLOG[2] (compute-plp-feats[5.2.163~1-3af47]:main():compute-plp-feats.cc:173) Processed features for key atai_20_part_125
VLOG[2] (compute-plp-feats[5.2.163~1-3af47]:main():compute-plp-feats.cc:173) Processed features for key atai_20_part_126
VLOG[2] (compute-plp-feats[5.2.163~1-3af47]:main():compute-plp-feats.cc:173) Processed features for key atai_20_part_127
VLOG[2] (compute-plp-feats[5.2.163~1-3af47]:main():compute-plp-feats.cc:173) Processed features for key atai_20_part_128
VLOG[2] (compute-plp-feats[5.2.163~1-3af47]:main():compute-plp-feats.cc:173) Processed features for key atai_20_part_129
LOG (compute-plp-feats[5.2.163~1-3af47]:main():compute-plp-feats.cc:172) Processed 10 utterances
VLOG[2] (compute-plp-feats[5.2.163~1-3af47]:main():compute-plp-feats.cc:173) Processed features for key atai_20_part_130
VLOG[2] (compute-plp-feats[5.2.163~1-3af47]:main():compute-plp-feats.cc:173) Processed features for key atai_20_part_131
VLOG[2] (compute-plp-feats[5.2.163~1-3af47]:main():compute-plp-feats.cc:173) Processed features for key atai_20_part_132
VLOG[2] (compute-plp-feats[5.2.163~1-3af47]:main():compute-plp-feats.cc:173) Processed features for key atai_20_part_133
VLOG[2] (compute-plp-feats[5.2.163~1-3af47]:main():compute-plp-feats.cc:173) Processed features for key atai_20_part_134
VLOG[2] (compute-plp-feats[5.2.163~1-3af47]:main():compute-plp-feats.cc:173) Processed features for key atai_20_part_135
VLOG[2] (compute-plp-feats[5.2.163~1-3af47]:main():compute-plp-feats.cc:173) Processed features for key atai_20_part_136
VLOG[2] (compute-plp-feats[5.2.163~1-3af47]:main():compute-plp-feats.cc:173) Processed features for key atai_20_part_137
VLOG[2] (compute-plp-feats[5.2.163~1-3af47]:main():compute-plp-feats.cc:173) Processed features for key atai_20_part_138
VLOG[2] (compute-plp-feats[5.2.163~1-3af47]:main():compute-plp-feats.cc:173) Processed features for key atai_20_part_139
LOG (compute-plp-feats[5.2.163~1-3af47]:main():compute-plp-feats.cc:172) Processed 20 utterances
VLOG[2] (compute-plp-feats[5.2.163~1-3af47]:main():compute-plp-feats.cc:173) Processed features for key atai_20_part_140
VLOG[2] (compute-plp-feats[5.2.163~1-3af47]:main():compute-plp-feats.cc:173) Processed features for key atai_20_part_141
VLOG[2] (compute-plp-feats[5.2.163~1-3af47]:main():compute-plp-feats.cc:173) Processed features for key atai_20_part_142
VLOG[2] (compute-plp-feats[5.2.163~1-3af47]:main():compute-plp-feats.cc:173) Processed features for key atai_20_part_143
VLOG[2] (compute-plp-feats[5.2.163~1-3af47]:main():compute-plp-feats.cc:173) Processed features for key atai_20_part_144
VLOG[2] (compute-plp-feats[5.2.163~1-3af47]:main():compute-plp-feats.cc:173) Processed features for key atai_20_part_145
VLOG[2] (compute-plp-feats[5.2.163~1-3af47]:main():compute-plp-feats.cc:173) Processed features for key atai_20_part_146
VLOG[2] (compute-plp-feats[5.2.163~1-3af47]:main():compute-plp-feats.cc:173) Processed features for key atai_20_part_147
VLOG[2] (compute-plp-feats[5.2.163~1-3af47]:main():compute-plp-feats.cc:173) Processed features for key atai_20_part_148
VLOG[2] (compute-plp-feats[5.2.163~1-3af47]:main():compute-plp-feats.cc:173) Processed features for key atai_20_part_149
LOG (compute-plp-feats[5.2.163~1-3af47]:main():compute-plp-feats.cc:172) Processed 30 utterances
VLOG[2] (compute-plp-feats[5.2.163~1-3af47]:main():compute-plp-feats.cc:173) Processed features for key atai_20_part_150
VLOG[2] (compute-plp-feats[5.2.163~1-3af47]:main():compute-plp-feats.cc:173) Processed features for key atai_20_part_151
VLOG[2] (compute-plp-feats[5.2.163~1-3af47]:main():compute-plp-feats.cc:173) Processed features for key atai_20_part_152
VLOG[2] (compute-plp-feats[5.2.163~1-3af47]:main():compute-plp-feats.cc:173) Processed features for key atai_20_part_153
VLOG[2] (compute-plp-feats[5.2.163~1-3af47]:main():compute-plp-feats.cc:173) Processed features for key atai_20_part_154
VLOG[2] (compute-plp-feats[5.2.163~1-3af47]:main():compute-plp-feats.cc:173) Processed features for key atai_20_part_155
VLOG[2] (compute-plp-feats[5.2.163~1-3af47]:main():compute-plp-feats.cc:173) Processed features for key atai_20_part_156
VLOG[2] (compute-plp-feats[5.2.163~1-3af47]:main():compute-plp-feats.cc:173) Processed features for key atai_20_part_157
VLOG[2] (compute-plp-feats[5.2.163~1-3af47]:main():compute-plp-feats.cc:173) Processed features for key atai_20_part_158
VLOG[2] (compute-plp-feats[5.2.163~1-3af47]:main():compute-plp-feats.cc:173) Processed features for key atai_20_part_159
LOG (compute-plp-feats[5.2.163~1-3af47]:main():compute-plp-feats.cc:172) Processed 40 utterances
VLOG[2] (compute-plp-feats[5.2.163~1-3af47]:main():compute-plp-feats.cc:173) Processed features for key atai_20_part_160
VLOG[2] (compute-plp-feats[5.2.163~1-3af47]:main():compute-plp-feats.cc:173) Processed features for key atai_20_part_161
VLOG[2] (compute-plp-feats[5.2.163~1-3af47]:main():compute-plp-feats.cc:173) Processed features for key atai_20_part_162
VLOG[2] (compute-plp-feats[5.2.163~1-3af47]:main():compute-plp-feats.cc:173) Processed features for key atai_20_part_163
VLOG[2] (compute-plp-feats[5.2.163~1-3af47]:main():compute-plp-feats.cc:173) Processed features for key atai_20_part_164
VLOG[2] (compute-plp-feats[5.2.163~1-3af47]:main():compute-plp-feats.cc:173) Processed features for key atai_20_part_165
VLOG[2] (compute-plp-feats[5.2.163~1-3af47]:main():compute-plp-feats.cc:173) Processed features for key atai_20_part_166
VLOG[2] (compute-plp-feats[5.2.163~1-3af47]:main():compute-plp-feats.cc:173) Processed features for key atai_20_part_167
VLOG[2] (compute-plp-feats[5.2.163~1-3af47]:main():compute-plp-feats.cc:173) Processed features for key atai_20_part_168
VLOG[2] (compute-plp-feats[5.2.163~1-3af47]:main():compute-plp-feats.cc:173) Processed features for key atai_20_part_169
LOG (compute-plp-feats[5.2.163~1-3af47]:main():compute-plp-feats.cc:172) Processed 50 utterances
VLOG[2] (compute-plp-feats[5.2.163~1-3af47]:main():compute-plp-feats.cc:173) Processed features for key atai_20_part_170
VLOG[2] (compute-plp-feats[5.2.163~1-3af47]:main():compute-plp-feats.cc:173) Processed features for key atai_20_part_171
VLOG[2] (compute-plp-feats[5.2.163~1-3af47]:main():compute-plp-feats.cc:173) Processed features for key atai_20_part_172
VLOG[2] (compute-plp-feats[5.2.163~1-3af47]:main():compute-plp-feats.cc:173) Processed features for key atai_20_part_173
VLOG[2] (compute-plp-feats[5.2.163~1-3af47]:main():compute-plp-feats.cc:173) Processed features for key atai_20_part_174
VLOG[2] (compute-plp-feats[5.2.163~1-3af47]:main():compute-plp-feats.cc:173) Processed features for key atai_20_part_175
VLOG[2] (compute-plp-feats[5.2.163~1-3af47]:main():compute-plp-feats.cc:173) Processed features for key atai_20_part_176
VLOG[2] (compute-plp-feats[5.2.163~1-3af47]:main():compute-plp-feats.cc:173) Processed features for key atai_20_part_177
VLOG[2] (compute-plp-feats[5.2.163~1-3af47]:main():compute-plp-feats.cc:173) Processed features for key atai_20_part_178
VLOG[2] (compute-plp-feats[5.2.163~1-3af47]:main():compute-plp-feats.cc:173) Processed features for key atai_20_part_179
LOG (compute-plp-feats[5.2.163~1-3af47]:main():compute-plp-feats.cc:172) Processed 60 utterances
VLOG[2] (compute-plp-feats[5.2.163~1-3af47]:main():compute-plp-feats.cc:173) Processed features for key atai_20_part_180
LOG (compute-plp-feats[5.2.163~1-3af47]:main():compute-plp-feats.cc:176)  Done 60 out of 60 utterances.
LOG (copy-feats[5.2.163~1-3af47]:main():copy-feats.cc:143) Copied 60 feature matrices.
# Accounting: time=2 threads=1
# Ended (code 0) at Tue Oct 17 12:36:39 UTC 2017, elapsed time 2 seconds
