# build-tree --verbose=1 --max-leaves=1000 --cluster-thresh=-1 exp_org/triphones/treeacc data_org/lang/phones/roots.int exp_org/triphones/questions.qst data_org/lang/topo exp_org/triphones/tree 
# Started at Mon Dec 11 18:12:15 UTC 2017
#
build-tree --verbose=1 --max-leaves=1000 --cluster-thresh=-1 exp_org/triphones/treeacc data_org/lang/phones/roots.int exp_org/triphones/questions.qst data_org/lang/topo exp_org/triphones/tree 
LOG (build-tree[5.3.101~2-5c219]:main():build-tree.cc:100) Number of separate statistics is 12968
LOG (build-tree[5.3.101~2-5c219]:BuildTree():build-tree.cc:159) BuildTree: before building trees, map has 29 leaves.
LOG (build-tree[5.3.101~2-5c219]:SplitDecisionTree():build-tree-utils.cc:577) DoDecisionTreeSplit: split 913 times, #leaves now 942
LOG (build-tree[5.3.101~2-5c219]:BuildTree():build-tree.cc:185) Setting clustering threshold to smallest split 300.037
VLOG[1] (build-tree[5.3.101~2-5c219]:BuildTree():build-tree.cc:194) After decision tree split, num-leaves = 942, like-impr = 3.88675 per frame over 480044 frames.
VLOG[1] (build-tree[5.3.101~2-5c219]:BuildTree():build-tree.cc:198) Including just phones that were split, improvement is 3.88675 per frame over 480044 frames.
LOG (build-tree[5.3.101~2-5c219]:BuildTree():build-tree.cc:213) BuildTree: removed 172 leaves.
VLOG[1] (build-tree[5.3.101~2-5c219]:BuildTree():build-tree.cc:220) Objf change due to clustering -0.073912 per frame.
VLOG[1] (build-tree[5.3.101~2-5c219]:BuildTree():build-tree.cc:223) Normalizing over only split phones, this is: -0.073912 per frame.
VLOG[1] (build-tree[5.3.101~2-5c219]:BuildTree():build-tree.cc:226) Num-leaves is now 770
VLOG[1] (build-tree[5.3.101~2-5c219]:main():build-tree.cc:138) For pdf-id 8, low count 6
VLOG[1] (build-tree[5.3.101~2-5c219]:main():build-tree.cc:138) For pdf-id 18, low count 69
VLOG[1] (build-tree[5.3.101~2-5c219]:main():build-tree.cc:138) For pdf-id 25, low count 6
VLOG[1] (build-tree[5.3.101~2-5c219]:main():build-tree.cc:138) For pdf-id 43, low count 98
VLOG[1] (build-tree[5.3.101~2-5c219]:main():build-tree.cc:138) For pdf-id 59, low count 66
VLOG[1] (build-tree[5.3.101~2-5c219]:main():build-tree.cc:138) For pdf-id 68, low count 39
VLOG[1] (build-tree[5.3.101~2-5c219]:main():build-tree.cc:138) For pdf-id 79, low count 64
VLOG[1] (build-tree[5.3.101~2-5c219]:main():build-tree.cc:138) For pdf-id 82, low count 82
VLOG[1] (build-tree[5.3.101~2-5c219]:main():build-tree.cc:138) For pdf-id 110, low count 87
VLOG[1] (build-tree[5.3.101~2-5c219]:main():build-tree.cc:138) For pdf-id 118, low count 58
VLOG[1] (build-tree[5.3.101~2-5c219]:main():build-tree.cc:138) For pdf-id 160, low count 93
VLOG[1] (build-tree[5.3.101~2-5c219]:main():build-tree.cc:138) For pdf-id 203, low count 45
VLOG[1] (build-tree[5.3.101~2-5c219]:main():build-tree.cc:138) For pdf-id 207, low count 95
VLOG[1] (build-tree[5.3.101~2-5c219]:main():build-tree.cc:138) For pdf-id 208, low count 92
VLOG[1] (build-tree[5.3.101~2-5c219]:main():build-tree.cc:138) For pdf-id 210, low count 88
VLOG[1] (build-tree[5.3.101~2-5c219]:main():build-tree.cc:138) For pdf-id 220, low count 74
VLOG[1] (build-tree[5.3.101~2-5c219]:main():build-tree.cc:138) For pdf-id 224, low count 61
VLOG[1] (build-tree[5.3.101~2-5c219]:main():build-tree.cc:138) For pdf-id 239, low count 37
VLOG[1] (build-tree[5.3.101~2-5c219]:main():build-tree.cc:138) For pdf-id 243, low count 98
VLOG[1] (build-tree[5.3.101~2-5c219]:main():build-tree.cc:138) For pdf-id 266, low count 55
VLOG[1] (build-tree[5.3.101~2-5c219]:main():build-tree.cc:138) For pdf-id 270, low count 54
VLOG[1] (build-tree[5.3.101~2-5c219]:main():build-tree.cc:138) For pdf-id 292, low count 89
VLOG[1] (build-tree[5.3.101~2-5c219]:main():build-tree.cc:138) For pdf-id 298, low count 97
VLOG[1] (build-tree[5.3.101~2-5c219]:main():build-tree.cc:138) For pdf-id 317, low count 73
VLOG[1] (build-tree[5.3.101~2-5c219]:main():build-tree.cc:138) For pdf-id 353, low count 92
VLOG[1] (build-tree[5.3.101~2-5c219]:main():build-tree.cc:138) For pdf-id 378, low count 62
VLOG[1] (build-tree[5.3.101~2-5c219]:main():build-tree.cc:138) For pdf-id 393, low count 52
VLOG[1] (build-tree[5.3.101~2-5c219]:main():build-tree.cc:138) For pdf-id 404, low count 72
VLOG[1] (build-tree[5.3.101~2-5c219]:main():build-tree.cc:138) For pdf-id 414, low count 91
VLOG[1] (build-tree[5.3.101~2-5c219]:main():build-tree.cc:138) For pdf-id 420, low count 32
VLOG[1] (build-tree[5.3.101~2-5c219]:main():build-tree.cc:138) For pdf-id 435, low count 91
VLOG[1] (build-tree[5.3.101~2-5c219]:main():build-tree.cc:138) For pdf-id 464, low count 52
VLOG[1] (build-tree[5.3.101~2-5c219]:main():build-tree.cc:138) For pdf-id 486, low count 75
VLOG[1] (build-tree[5.3.101~2-5c219]:main():build-tree.cc:138) For pdf-id 487, low count 52
VLOG[1] (build-tree[5.3.101~2-5c219]:main():build-tree.cc:138) For pdf-id 549, low count 86
VLOG[1] (build-tree[5.3.101~2-5c219]:main():build-tree.cc:138) For pdf-id 623, low count 31
VLOG[1] (build-tree[5.3.101~2-5c219]:main():build-tree.cc:138) For pdf-id 664, low count 90
VLOG[1] (build-tree[5.3.101~2-5c219]:main():build-tree.cc:138) For pdf-id 727, low count 67
VLOG[1] (build-tree[5.3.101~2-5c219]:main():build-tree.cc:138) For pdf-id 735, low count 46
LOG (build-tree[5.3.101~2-5c219]:main():build-tree.cc:184) Wrote tree
# Accounting: time=2 threads=1
# Ended (code 0) at Mon Dec 11 18:12:17 UTC 2017, elapsed time 2 seconds
