# compile-train-graphs exp_org/triphones/tree exp_org/triphones/1.mdl data_org/lang/L.fst "ark:utils/sym2int.pl --map-oov 2 -f 2- data_org/lang/words.txt < data_org/train/split8/2/text |" "ark:|gzip -c >exp_org/triphones/fsts.2.gz" 
# Started at Mon Dec 11 18:12:17 UTC 2017
#
compile-train-graphs exp_org/triphones/tree exp_org/triphones/1.mdl data_org/lang/L.fst 'ark:utils/sym2int.pl --map-oov 2 -f 2- data_org/lang/words.txt < data_org/train/split8/2/text |' 'ark:|gzip -c >exp_org/triphones/fsts.2.gz' 
sym2int.pl: replacing тымпыйышат with 2
sym2int.pl: replacing этпеди with 2
sym2int.pl: replacing жанагыдан with 2
sym2int.pl: replacing чаңырды with 2
sym2int.pl: replacing кулагың with 2
sym2int.pl: replacing жуурканды with 2
sym2int.pl: replacing камчысынын with 2
sym2int.pl: replacing кайрыды with 2
sym2int.pl: replacing такалды with 2
sym2int.pl: replacing көзүңү with 2
sym2int.pl: replacing токмогу with 2
sym2int.pl: replacing немеге with 2
sym2int.pl: replacing бетмаңдайында with 2
sym2int.pl: replacing тебетейчен with 2
sym2int.pl: replacing тургансып with 2
sym2int.pl: replacing көзүндөй with 2
sym2int.pl: replacing өргөөлөр with 2
sym2int.pl: replacing сезбегендей with 2
sym2int.pl: replacing даңкайышат with 2
sym2int.pl: replacing ышка with 2
sym2int.pl: not warning for OOVs any more times
** Replaced 143 instances of OOVs with 2
LOG (compile-train-graphs[5.3.101~2-5c219]:main():compile-train-graphs.cc:147) compile-train-graphs: succeeded for 69 graphs, failed for 0
# Accounting: time=5 threads=1
# Ended (code 0) at Mon Dec 11 18:12:22 UTC 2017, elapsed time 5 seconds
