# compile-train-graphs exp_org/triphones/tree exp_org/triphones/1.mdl data_org/lang/L.fst "ark:utils/sym2int.pl --map-oov 2 -f 2- data_org/lang/words.txt < data_org/train/split8/8/text |" "ark:|gzip -c >exp_org/triphones/fsts.8.gz" 
# Started at Mon Dec 11 18:12:17 UTC 2017
#
compile-train-graphs exp_org/triphones/tree exp_org/triphones/1.mdl data_org/lang/L.fst 'ark:utils/sym2int.pl --map-oov 2 -f 2- data_org/lang/words.txt < data_org/train/split8/8/text |' 'ark:|gzip -c >exp_org/triphones/fsts.8.gz' 
sym2int.pl: replacing кызыган with 2
sym2int.pl: replacing көзде with 2
sym2int.pl: replacing термелип with 2
sym2int.pl: replacing этияттанууну with 2
sym2int.pl: replacing черте with 2
sym2int.pl: replacing чертпей with 2
sym2int.pl: replacing арманда with 2
sym2int.pl: replacing чымырканды with 2
sym2int.pl: replacing түрсүлдөдү with 2
sym2int.pl: replacing дүкүлдөтүп with 2
sym2int.pl: replacing келаткансыды with 2
sym2int.pl: replacing айбыгуу with 2
sym2int.pl: replacing жалооруу with 2
sym2int.pl: replacing өкүнүчтүн with 2
sym2int.pl: replacing кээри with 2
sym2int.pl: replacing эрине with 2
sym2int.pl: replacing бурулчанын with 2
sym2int.pl: replacing таңкалтты with 2
sym2int.pl: replacing таянеси with 2
sym2int.pl: replacing отурушкан with 2
sym2int.pl: not warning for OOVs any more times
** Replaced 194 instances of OOVs with 2
LOG (compile-train-graphs[5.3.101~2-5c219]:main():compile-train-graphs.cc:147) compile-train-graphs: succeeded for 68 graphs, failed for 0
# Accounting: time=5 threads=1
# Ended (code 0) at Mon Dec 11 18:12:22 UTC 2017, elapsed time 5 seconds
