# gmm-init-model --write-occs=exp_org/triphones/1.occs exp_org/triphones/tree exp_org/triphones/treeacc data_org/lang/topo exp_org/triphones/1.mdl 
# Started at Mon Dec 11 18:12:17 UTC 2017
#
gmm-init-model --write-occs=exp_org/triphones/1.occs exp_org/triphones/tree exp_org/triphones/treeacc data_org/lang/topo exp_org/triphones/1.mdl 
LOG (gmm-init-model[5.3.101~2-5c219]:main():gmm-init-model.cc:271) Number of separate statistics is 12968
WARNING (gmm-init-model[5.3.101~2-5c219]:InitAmGmm():gmm-init-model.cc:83) Very small count for state 8: 6; corresponding phone list: 9 
WARNING (gmm-init-model[5.3.101~2-5c219]:InitAmGmm():gmm-init-model.cc:83) Very small count for state 18: 69; corresponding phone list: 19 
WARNING (gmm-init-model[5.3.101~2-5c219]:InitAmGmm():gmm-init-model.cc:83) Very small count for state 25: 6; corresponding phone list: 26 
WARNING (gmm-init-model[5.3.101~2-5c219]:InitAmGmm():gmm-init-model.cc:83) Very small count for state 43: 98; corresponding phone list: 12 
WARNING (gmm-init-model[5.3.101~2-5c219]:InitAmGmm():gmm-init-model.cc:83) Very small count for state 59: 66; corresponding phone list: 18 
WARNING (gmm-init-model[5.3.101~2-5c219]:InitAmGmm():gmm-init-model.cc:83) Very small count for state 68: 39; corresponding phone list: 18 
WARNING (gmm-init-model[5.3.101~2-5c219]:InitAmGmm():gmm-init-model.cc:83) Very small count for state 79: 64; corresponding phone list: 10 
WARNING (gmm-init-model[5.3.101~2-5c219]:InitAmGmm():gmm-init-model.cc:83) Very small count for state 82: 82; corresponding phone list: 14 
WARNING (gmm-init-model[5.3.101~2-5c219]:InitAmGmm():gmm-init-model.cc:83) Very small count for state 110: 87; corresponding phone list: 15 
WARNING (gmm-init-model[5.3.101~2-5c219]:InitAmGmm():gmm-init-model.cc:83) Very small count for state 118: 58; corresponding phone list: 17 
WARNING (gmm-init-model[5.3.101~2-5c219]:InitAmGmm():gmm-init-model.cc:83) Very small count for state 160: 93; corresponding phone list: 15 
WARNING (gmm-init-model[5.3.101~2-5c219]:InitAmGmm():gmm-init-model.cc:83) Very small count for state 203: 45; corresponding phone list: 15 
WARNING (gmm-init-model[5.3.101~2-5c219]:InitAmGmm():gmm-init-model.cc:83) Very small count for state 207: 95; corresponding phone list: 8 
WARNING (gmm-init-model[5.3.101~2-5c219]:InitAmGmm():gmm-init-model.cc:83) Very small count for state 208: 92; corresponding phone list: 23 
WARNING (gmm-init-model[5.3.101~2-5c219]:InitAmGmm():gmm-init-model.cc:83) Very small count for state 210: 88; corresponding phone list: 2 
WARNING (gmm-init-model[5.3.101~2-5c219]:InitAmGmm():gmm-init-model.cc:83) Very small count for state 220: 74; corresponding phone list: 6 
WARNING (gmm-init-model[5.3.101~2-5c219]:InitAmGmm():gmm-init-model.cc:83) Very small count for state 224: 61; corresponding phone list: 7 
WARNING (gmm-init-model[5.3.101~2-5c219]:InitAmGmm():gmm-init-model.cc:83) Very small count for state 239: 37; corresponding phone list: 8 
WARNING (gmm-init-model[5.3.101~2-5c219]:InitAmGmm():gmm-init-model.cc:83) Very small count for state 243: 98; corresponding phone list: 12 
WARNING (gmm-init-model[5.3.101~2-5c219]:InitAmGmm():gmm-init-model.cc:83) Very small count for state 266: 55; corresponding phone list: 29 
WARNING (gmm-init-model[5.3.101~2-5c219]:InitAmGmm():gmm-init-model.cc:83) Very small count for state 270: 54; corresponding phone list: 25 
WARNING (gmm-init-model[5.3.101~2-5c219]:InitAmGmm():gmm-init-model.cc:83) Very small count for state 292: 89; corresponding phone list: 18 
WARNING (gmm-init-model[5.3.101~2-5c219]:InitAmGmm():gmm-init-model.cc:83) Very small count for state 298: 97; corresponding phone list: 13 
WARNING (gmm-init-model[5.3.101~2-5c219]:InitAmGmm():gmm-init-model.cc:83) Very small count for state 317: 73; corresponding phone list: 6 
WARNING (gmm-init-model[5.3.101~2-5c219]:InitAmGmm():gmm-init-model.cc:83) Very small count for state 353: 92; corresponding phone list: 15 
WARNING (gmm-init-model[5.3.101~2-5c219]:InitAmGmm():gmm-init-model.cc:83) Very small count for state 378: 62; corresponding phone list: 7 
WARNING (gmm-init-model[5.3.101~2-5c219]:InitAmGmm():gmm-init-model.cc:83) Very small count for state 393: 52; corresponding phone list: 3 
WARNING (gmm-init-model[5.3.101~2-5c219]:InitAmGmm():gmm-init-model.cc:83) Very small count for state 404: 72; corresponding phone list: 10 
WARNING (gmm-init-model[5.3.101~2-5c219]:InitAmGmm():gmm-init-model.cc:83) Very small count for state 414: 91; corresponding phone list: 15 
WARNING (gmm-init-model[5.3.101~2-5c219]:InitAmGmm():gmm-init-model.cc:83) Very small count for state 420: 32; corresponding phone list: 11 
WARNING (gmm-init-model[5.3.101~2-5c219]:InitAmGmm():gmm-init-model.cc:83) Very small count for state 435: 91; corresponding phone list: 4 
WARNING (gmm-init-model[5.3.101~2-5c219]:InitAmGmm():gmm-init-model.cc:83) Very small count for state 464: 52; corresponding phone list: 15 
WARNING (gmm-init-model[5.3.101~2-5c219]:InitAmGmm():gmm-init-model.cc:83) Very small count for state 486: 75; corresponding phone list: 10 
WARNING (gmm-init-model[5.3.101~2-5c219]:InitAmGmm():gmm-init-model.cc:83) Very small count for state 487: 52; corresponding phone list: 10 
WARNING (gmm-init-model[5.3.101~2-5c219]:InitAmGmm():gmm-init-model.cc:83) Very small count for state 549: 86; corresponding phone list: 13 
WARNING (gmm-init-model[5.3.101~2-5c219]:InitAmGmm():gmm-init-model.cc:83) Very small count for state 623: 31; corresponding phone list: 7 
WARNING (gmm-init-model[5.3.101~2-5c219]:InitAmGmm():gmm-init-model.cc:83) Very small count for state 664: 90; corresponding phone list: 18 
WARNING (gmm-init-model[5.3.101~2-5c219]:InitAmGmm():gmm-init-model.cc:83) Very small count for state 727: 67; corresponding phone list: 18 
WARNING (gmm-init-model[5.3.101~2-5c219]:InitAmGmm():gmm-init-model.cc:83) Very small count for state 735: 46; corresponding phone list: 19 
LOG (gmm-init-model[5.3.101~2-5c219]:main():gmm-init-model.cc:306) Wrote model.
# Accounting: time=0 threads=1
# Ended (code 0) at Mon Dec 11 18:12:17 UTC 2017, elapsed time 0 seconds
