# gmm-est --mix-up=1360 --power=0.25 --write-occs=exp_org/triphones/11.occs exp_org/triphones/10.mdl "gmm-sum-accs - exp_org/triphones/10.*.acc |" exp_org/triphones/11.mdl 
# Started at Mon Dec 11 18:12:33 UTC 2017
#
gmm-est --mix-up=1360 --power=0.25 --write-occs=exp_org/triphones/11.occs exp_org/triphones/10.mdl 'gmm-sum-accs - exp_org/triphones/10.*.acc |' exp_org/triphones/11.mdl 
gmm-sum-accs - exp_org/triphones/10.1.acc exp_org/triphones/10.2.acc exp_org/triphones/10.3.acc exp_org/triphones/10.4.acc exp_org/triphones/10.5.acc exp_org/triphones/10.6.acc exp_org/triphones/10.7.acc exp_org/triphones/10.8.acc 
LOG (gmm-sum-accs[5.3.101~2-5c219]:main():gmm-sum-accs.cc:63) Summed 8 stats, total count 479693, avg like/frame 15.2798
LOG (gmm-sum-accs[5.3.101~2-5c219]:main():gmm-sum-accs.cc:66) Total count of stats is 479693
LOG (gmm-sum-accs[5.3.101~2-5c219]:main():gmm-sum-accs.cc:67) Written stats to -
LOG (gmm-est[5.3.101~2-5c219]:MleUpdate():transition-model.cc:517) TransitionModel::Update, objf change is 0.00532117 per frame over 479693 frames. 
LOG (gmm-est[5.3.101~2-5c219]:MleUpdate():transition-model.cc:520) 60 probabilities floored, 5 out of 845 transition-states skipped due to insuffient data (it is normal to have some skipped.)
LOG (gmm-est[5.3.101~2-5c219]:main():gmm-est.cc:102) Transition model update: Overall 0.00532117 log-like improvement per frame over 479693 frames.
WARNING (gmm-est[5.3.101~2-5c219]:MleDiagGmmUpdate():mle-diag-gmm.cc:365) Gaussian has too little data but not removing it because it is the last Gaussian: i = 0, occ = 7, weight = 1
WARNING (gmm-est[5.3.101~2-5c219]:MleDiagGmmUpdate():mle-diag-gmm.cc:365) Gaussian has too little data but not removing it because it is the last Gaussian: i = 0, occ = 7, weight = 1
WARNING (gmm-est[5.3.101~2-5c219]:MleDiagGmmUpdate():mle-diag-gmm.cc:359) Too little data - removing Gaussian (weight 0.029006, occupation count 7.106590, vector size 39)
LOG (gmm-est[5.3.101~2-5c219]:MleAmDiagGmmUpdate():mle-am-diag-gmm.cc:225) 412 variance elements floored in 212 Gaussians, out of 1319
LOG (gmm-est[5.3.101~2-5c219]:MleAmDiagGmmUpdate():mle-am-diag-gmm.cc:229) Removed 1 Gaussians due to counts < --min-gaussian-occupancy=10 and --remove-low-count-gaussians=true
LOG (gmm-est[5.3.101~2-5c219]:main():gmm-est.cc:113) GMM update: Overall 0.219753 objective function improvement per frame over 479693 frames
LOG (gmm-est[5.3.101~2-5c219]:main():gmm-est.cc:116) GMM update: Overall avg like per frame = 15.2798 over 479693 frames.
LOG (gmm-est[5.3.101~2-5c219]:SplitByCount():am-diag-gmm.cc:116) Split 770 states with target = 1360, power = 0.25, perturb_factor = 0.01 and min_count = 20, split #Gauss from 1319 to 1372
LOG (gmm-est[5.3.101~2-5c219]:main():gmm-est.cc:146) Written model to exp_org/triphones/11.mdl
# Accounting: time=0 threads=1
# Ended (code 0) at Mon Dec 11 18:12:33 UTC 2017, elapsed time 0 seconds
