# gmm-est --mix-up=1200 --power=0.25 --write-occs=exp_org/triphones/7.occs exp_org/triphones/6.mdl "gmm-sum-accs - exp_org/triphones/6.*.acc |" exp_org/triphones/7.mdl 
# Started at Mon Dec 11 18:12:26 UTC 2017
#
gmm-est --mix-up=1200 --power=0.25 --write-occs=exp_org/triphones/7.occs exp_org/triphones/6.mdl 'gmm-sum-accs - exp_org/triphones/6.*.acc |' exp_org/triphones/7.mdl 
gmm-sum-accs - exp_org/triphones/6.1.acc exp_org/triphones/6.2.acc exp_org/triphones/6.3.acc exp_org/triphones/6.4.acc exp_org/triphones/6.5.acc exp_org/triphones/6.6.acc exp_org/triphones/6.7.acc exp_org/triphones/6.8.acc 
LOG (gmm-sum-accs[5.3.101~2-5c219]:main():gmm-sum-accs.cc:63) Summed 8 stats, total count 480044, avg like/frame 14.2484
LOG (gmm-sum-accs[5.3.101~2-5c219]:main():gmm-sum-accs.cc:66) Total count of stats is 480044
LOG (gmm-sum-accs[5.3.101~2-5c219]:main():gmm-sum-accs.cc:67) Written stats to -
LOG (gmm-est[5.3.101~2-5c219]:MleUpdate():transition-model.cc:517) TransitionModel::Update, objf change is 0 per frame over 480044 frames. 
LOG (gmm-est[5.3.101~2-5c219]:MleUpdate():transition-model.cc:520) 8 probabilities floored, 6 out of 845 transition-states skipped due to insuffient data (it is normal to have some skipped.)
LOG (gmm-est[5.3.101~2-5c219]:main():gmm-est.cc:102) Transition model update: Overall 0 log-like improvement per frame over 480044 frames.
WARNING (gmm-est[5.3.101~2-5c219]:MleDiagGmmUpdate():mle-diag-gmm.cc:365) Gaussian has too little data but not removing it because it is the last Gaussian: i = 0, occ = 6, weight = 1
WARNING (gmm-est[5.3.101~2-5c219]:MleDiagGmmUpdate():mle-diag-gmm.cc:365) Gaussian has too little data but not removing it because it is the last Gaussian: i = 0, occ = 6, weight = 1
LOG (gmm-est[5.3.101~2-5c219]:MleAmDiagGmmUpdate():mle-am-diag-gmm.cc:225) 246 variance elements floored in 139 Gaussians, out of 1160
LOG (gmm-est[5.3.101~2-5c219]:MleAmDiagGmmUpdate():mle-am-diag-gmm.cc:229) Removed 0 Gaussians due to counts < --min-gaussian-occupancy=10 and --remove-low-count-gaussians=true
LOG (gmm-est[5.3.101~2-5c219]:main():gmm-est.cc:113) GMM update: Overall 0.092631 objective function improvement per frame over 480044 frames
LOG (gmm-est[5.3.101~2-5c219]:main():gmm-est.cc:116) GMM update: Overall avg like per frame = 14.2484 over 480044 frames.
LOG (gmm-est[5.3.101~2-5c219]:SplitByCount():am-diag-gmm.cc:116) Split 770 states with target = 1200, power = 0.25, perturb_factor = 0.01 and min_count = 20, split #Gauss from 1160 to 1200
LOG (gmm-est[5.3.101~2-5c219]:main():gmm-est.cc:146) Written model to exp_org/triphones/7.mdl
# Accounting: time=0 threads=1
# Ended (code 0) at Mon Dec 11 18:12:26 UTC 2017, elapsed time 0 seconds
