# gmm-est --mix-up=2000 --power=0.25 --write-occs=exp_org/triphones/38.occs exp_org/triphones/37.mdl "gmm-sum-accs - exp_org/triphones/37.*.acc |" exp_org/triphones/38.mdl 
# Started at Mon Dec 11 18:13:02 UTC 2017
#
gmm-est --mix-up=2000 --power=0.25 --write-occs=exp_org/triphones/38.occs exp_org/triphones/37.mdl 'gmm-sum-accs - exp_org/triphones/37.*.acc |' exp_org/triphones/38.mdl 
gmm-sum-accs - exp_org/triphones/37.1.acc exp_org/triphones/37.2.acc exp_org/triphones/37.3.acc exp_org/triphones/37.4.acc exp_org/triphones/37.5.acc exp_org/triphones/37.6.acc exp_org/triphones/37.7.acc exp_org/triphones/37.8.acc 
LOG (gmm-sum-accs[5.3.101~2-5c219]:main():gmm-sum-accs.cc:63) Summed 8 stats, total count 469957, avg like/frame 16.8002
LOG (gmm-sum-accs[5.3.101~2-5c219]:main():gmm-sum-accs.cc:66) Total count of stats is 469957
LOG (gmm-sum-accs[5.3.101~2-5c219]:main():gmm-sum-accs.cc:67) Written stats to -
LOG (gmm-est[5.3.101~2-5c219]:MleUpdate():transition-model.cc:517) TransitionModel::Update, objf change is 0 per frame over 469957 frames. 
LOG (gmm-est[5.3.101~2-5c219]:MleUpdate():transition-model.cc:520) 62 probabilities floored, 5 out of 845 transition-states skipped due to insuffient data (it is normal to have some skipped.)
LOG (gmm-est[5.3.101~2-5c219]:main():gmm-est.cc:102) Transition model update: Overall 0 log-like improvement per frame over 469957 frames.
WARNING (gmm-est[5.3.101~2-5c219]:MleDiagGmmUpdate():mle-diag-gmm.cc:365) Gaussian has too little data but not removing it because it is the last Gaussian: i = 0, occ = 7, weight = 1
WARNING (gmm-est[5.3.101~2-5c219]:MleDiagGmmUpdate():mle-diag-gmm.cc:365) Gaussian has too little data but not removing it because it is the last Gaussian: i = 0, occ = 7, weight = 1
LOG (gmm-est[5.3.101~2-5c219]:MleAmDiagGmmUpdate():mle-am-diag-gmm.cc:225) 1284 variance elements floored in 541 Gaussians, out of 2001
LOG (gmm-est[5.3.101~2-5c219]:MleAmDiagGmmUpdate():mle-am-diag-gmm.cc:229) Removed 0 Gaussians due to counts < --min-gaussian-occupancy=10 and --remove-low-count-gaussians=true
LOG (gmm-est[5.3.101~2-5c219]:main():gmm-est.cc:113) GMM update: Overall 0.00131151 objective function improvement per frame over 469957 frames
LOG (gmm-est[5.3.101~2-5c219]:main():gmm-est.cc:116) GMM update: Overall avg like per frame = 16.8002 over 469957 frames.
LOG (gmm-est[5.3.101~2-5c219]:SplitByCount():am-diag-gmm.cc:116) Split 770 states with target = 2000, power = 0.25, perturb_factor = 0.01 and min_count = 20, split #Gauss from 2001 to 2001
LOG (gmm-est[5.3.101~2-5c219]:main():gmm-est.cc:146) Written model to exp_org/triphones/38.mdl
# Accounting: time=0 threads=1
# Ended (code 0) at Mon Dec 11 18:13:02 UTC 2017, elapsed time 0 seconds
