# compile-train-graphs exp_org/triphones_aligned/tree exp_org/triphones_aligned/final.mdl data_org/lang/L.fst "ark:utils/sym2int.pl --map-oov 2 -f 2- data_org/lang/words.txt data_org/train/split8/2/text|" ark:- | gmm-align-compiled --transition-scale=1.0 --acoustic-scale=0.1 --self-loop-scale=0.1 --beam=10 --retry-beam=40 --careful=false "gmm-boost-silence --boost=1.25 1 exp_org/triphones_aligned/final.mdl - |" ark:- "ark,s,cs:apply-cmvn  --utt2spk=ark:data_org/train/split8/2/utt2spk scp:data_org/train/split8/2/cmvn.scp scp:data_org/train/split8/2/feats.scp ark:- | add-deltas  ark:- ark:- |" "ark,t:|gzip -c >exp_org/triphones_aligned/ali.2.gz" 
# Started at Mon Dec 11 18:13:10 UTC 2017
#
compile-train-graphs exp_org/triphones_aligned/tree exp_org/triphones_aligned/final.mdl data_org/lang/L.fst 'ark:utils/sym2int.pl --map-oov 2 -f 2- data_org/lang/words.txt data_org/train/split8/2/text|' ark:- 
gmm-align-compiled --transition-scale=1.0 --acoustic-scale=0.1 --self-loop-scale=0.1 --beam=10 --retry-beam=40 --careful=false 'gmm-boost-silence --boost=1.25 1 exp_org/triphones_aligned/final.mdl - |' ark:- 'ark,s,cs:apply-cmvn  --utt2spk=ark:data_org/train/split8/2/utt2spk scp:data_org/train/split8/2/cmvn.scp scp:data_org/train/split8/2/feats.scp ark:- | add-deltas  ark:- ark:- |' 'ark,t:|gzip -c >exp_org/triphones_aligned/ali.2.gz' 
gmm-boost-silence --boost=1.25 1 exp_org/triphones_aligned/final.mdl - 
LOG (gmm-boost-silence[5.3.101~2-5c219]:main():gmm-boost-silence.cc:93) Boosted weights for 5 pdfs, by factor of 1.25
LOG (gmm-boost-silence[5.3.101~2-5c219]:main():gmm-boost-silence.cc:103) Wrote model to -
sym2int.pl: replacing тымпыйышат with 2
sym2int.pl: replacing этпеди with 2
sym2int.pl: replacing жанагыдан with 2
sym2int.pl: replacing чаңырды with 2
sym2int.pl: replacing кулагың with 2
sym2int.pl: replacing жуурканды with 2
sym2int.pl: replacing камчысынын with 2
sym2int.pl: replacing кайрыды with 2
sym2int.pl: replacing такалды with 2
sym2int.pl: replacing көзүңү with 2
sym2int.pl: replacing токмогу with 2
sym2int.pl: replacing немеге with 2
sym2int.pl: replacing бетмаңдайында with 2
sym2int.pl: replacing тебетейчен with 2
sym2int.pl: replacing тургансып with 2
sym2int.pl: replacing көзүндөй with 2
sym2int.pl: replacing өргөөлөр with 2
sym2int.pl: replacing сезбегендей with 2
sym2int.pl: replacing даңкайышат with 2
sym2int.pl: replacing ышка with 2
sym2int.pl: not warning for OOVs any more times
** Replaced 143 instances of OOVs with 2
add-deltas ark:- ark:- 
apply-cmvn --utt2spk=ark:data_org/train/split8/2/utt2spk scp:data_org/train/split8/2/cmvn.scp scp:data_org/train/split8/2/feats.scp ark:- 
LOG (gmm-align-compiled[5.3.101~2-5c219]:main():gmm-align-compiled.cc:127) org_atai_161
LOG (gmm-align-compiled[5.3.101~2-5c219]:main():gmm-align-compiled.cc:127) org_atai_163
LOG (gmm-align-compiled[5.3.101~2-5c219]:main():gmm-align-compiled.cc:127) org_atai_164
LOG (gmm-align-compiled[5.3.101~2-5c219]:main():gmm-align-compiled.cc:127) org_atai_165
LOG (gmm-align-compiled[5.3.101~2-5c219]:main():gmm-align-compiled.cc:127) org_atai_166
LOG (gmm-align-compiled[5.3.101~2-5c219]:main():gmm-align-compiled.cc:127) org_atai_168
LOG (gmm-align-compiled[5.3.101~2-5c219]:main():gmm-align-compiled.cc:127) org_atai_169
LOG (gmm-align-compiled[5.3.101~2-5c219]:main():gmm-align-compiled.cc:127) org_atai_17
LOG (gmm-align-compiled[5.3.101~2-5c219]:main():gmm-align-compiled.cc:127) org_atai_170
LOG (gmm-align-compiled[5.3.101~2-5c219]:main():gmm-align-compiled.cc:127) org_atai_171
LOG (gmm-align-compiled[5.3.101~2-5c219]:main():gmm-align-compiled.cc:127) org_atai_172
LOG (gmm-align-compiled[5.3.101~2-5c219]:main():gmm-align-compiled.cc:127) org_atai_173
LOG (gmm-align-compiled[5.3.101~2-5c219]:main():gmm-align-compiled.cc:127) org_atai_174
LOG (gmm-align-compiled[5.3.101~2-5c219]:main():gmm-align-compiled.cc:127) org_atai_175
LOG (gmm-align-compiled[5.3.101~2-5c219]:main():gmm-align-compiled.cc:127) org_atai_176
LOG (gmm-align-compiled[5.3.101~2-5c219]:main():gmm-align-compiled.cc:127) org_atai_177
LOG (gmm-align-compiled[5.3.101~2-5c219]:main():gmm-align-compiled.cc:127) org_atai_178
LOG (gmm-align-compiled[5.3.101~2-5c219]:main():gmm-align-compiled.cc:127) org_atai_179
LOG (gmm-align-compiled[5.3.101~2-5c219]:main():gmm-align-compiled.cc:127) org_atai_18
LOG (gmm-align-compiled[5.3.101~2-5c219]:main():gmm-align-compiled.cc:127) org_atai_180
LOG (gmm-align-compiled[5.3.101~2-5c219]:main():gmm-align-compiled.cc:127) org_atai_181
LOG (gmm-align-compiled[5.3.101~2-5c219]:main():gmm-align-compiled.cc:127) org_atai_182
LOG (gmm-align-compiled[5.3.101~2-5c219]:main():gmm-align-compiled.cc:127) org_atai_183
LOG (gmm-align-compiled[5.3.101~2-5c219]:main():gmm-align-compiled.cc:127) org_atai_184
LOG (gmm-align-compiled[5.3.101~2-5c219]:main():gmm-align-compiled.cc:127) org_atai_185
LOG (gmm-align-compiled[5.3.101~2-5c219]:main():gmm-align-compiled.cc:127) org_atai_186
LOG (gmm-align-compiled[5.3.101~2-5c219]:main():gmm-align-compiled.cc:127) org_atai_187
LOG (gmm-align-compiled[5.3.101~2-5c219]:main():gmm-align-compiled.cc:127) org_atai_189
LOG (gmm-align-compiled[5.3.101~2-5c219]:main():gmm-align-compiled.cc:127) org_atai_19
LOG (gmm-align-compiled[5.3.101~2-5c219]:main():gmm-align-compiled.cc:127) org_atai_190
LOG (gmm-align-compiled[5.3.101~2-5c219]:main():gmm-align-compiled.cc:127) org_atai_191
LOG (gmm-align-compiled[5.3.101~2-5c219]:main():gmm-align-compiled.cc:127) org_atai_192
LOG (gmm-align-compiled[5.3.101~2-5c219]:main():gmm-align-compiled.cc:127) org_atai_193
LOG (gmm-align-compiled[5.3.101~2-5c219]:main():gmm-align-compiled.cc:127) org_atai_194
LOG (gmm-align-compiled[5.3.101~2-5c219]:main():gmm-align-compiled.cc:127) org_atai_195
LOG (gmm-align-compiled[5.3.101~2-5c219]:main():gmm-align-compiled.cc:127) org_atai_196
WARNING (gmm-align-compiled[5.3.101~2-5c219]:AlignUtteranceWrapper():decoder-wrappers.cc:468) Retrying utterance org_atai_196 with beam 40
LOG (gmm-align-compiled[5.3.101~2-5c219]:main():gmm-align-compiled.cc:127) org_atai_197
LOG (gmm-align-compiled[5.3.101~2-5c219]:main():gmm-align-compiled.cc:127) org_atai_198
LOG (gmm-align-compiled[5.3.101~2-5c219]:main():gmm-align-compiled.cc:127) org_atai_199
LOG (gmm-align-compiled[5.3.101~2-5c219]:main():gmm-align-compiled.cc:127) org_atai_200
LOG (gmm-align-compiled[5.3.101~2-5c219]:main():gmm-align-compiled.cc:127) org_atai_201
LOG (gmm-align-compiled[5.3.101~2-5c219]:main():gmm-align-compiled.cc:127) org_atai_202
LOG (gmm-align-compiled[5.3.101~2-5c219]:main():gmm-align-compiled.cc:127) org_atai_203
LOG (gmm-align-compiled[5.3.101~2-5c219]:main():gmm-align-compiled.cc:127) org_atai_204
LOG (gmm-align-compiled[5.3.101~2-5c219]:main():gmm-align-compiled.cc:127) org_atai_205
LOG (gmm-align-compiled[5.3.101~2-5c219]:main():gmm-align-compiled.cc:127) org_atai_206
LOG (gmm-align-compiled[5.3.101~2-5c219]:main():gmm-align-compiled.cc:127) org_atai_207
LOG (gmm-align-compiled[5.3.101~2-5c219]:main():gmm-align-compiled.cc:127) org_atai_208
LOG (gmm-align-compiled[5.3.101~2-5c219]:main():gmm-align-compiled.cc:127) org_atai_209
LOG (gmm-align-compiled[5.3.101~2-5c219]:main():gmm-align-compiled.cc:127) org_atai_210
LOG (gmm-align-compiled[5.3.101~2-5c219]:main():gmm-align-compiled.cc:127) org_atai_211
LOG (gmm-align-compiled[5.3.101~2-5c219]:main():gmm-align-compiled.cc:127) org_atai_212
LOG (gmm-align-compiled[5.3.101~2-5c219]:main():gmm-align-compiled.cc:127) org_atai_213
LOG (gmm-align-compiled[5.3.101~2-5c219]:main():gmm-align-compiled.cc:127) org_atai_214
LOG (gmm-align-compiled[5.3.101~2-5c219]:main():gmm-align-compiled.cc:127) org_atai_215
LOG (gmm-align-compiled[5.3.101~2-5c219]:main():gmm-align-compiled.cc:127) org_atai_216
LOG (gmm-align-compiled[5.3.101~2-5c219]:main():gmm-align-compiled.cc:127) org_atai_217
LOG (gmm-align-compiled[5.3.101~2-5c219]:main():gmm-align-compiled.cc:127) org_atai_218
LOG (gmm-align-compiled[5.3.101~2-5c219]:main():gmm-align-compiled.cc:127) org_atai_219
LOG (gmm-align-compiled[5.3.101~2-5c219]:main():gmm-align-compiled.cc:127) org_atai_22
LOG (gmm-align-compiled[5.3.101~2-5c219]:main():gmm-align-compiled.cc:127) org_atai_220
LOG (gmm-align-compiled[5.3.101~2-5c219]:main():gmm-align-compiled.cc:127) org_atai_222
LOG (gmm-align-compiled[5.3.101~2-5c219]:main():gmm-align-compiled.cc:127) org_atai_223
LOG (compile-train-graphs[5.3.101~2-5c219]:main():compile-train-graphs.cc:147) compile-train-graphs: succeeded for 69 graphs, failed for 0
LOG (gmm-align-compiled[5.3.101~2-5c219]:main():gmm-align-compiled.cc:127) org_atai_224
LOG (apply-cmvn[5.3.101~2-5c219]:main():apply-cmvn.cc:162) Applied cepstral mean normalization to 69 utterances, errors on 0
LOG (gmm-align-compiled[5.3.101~2-5c219]:main():gmm-align-compiled.cc:127) org_atai_225
LOG (gmm-align-compiled[5.3.101~2-5c219]:main():gmm-align-compiled.cc:127) org_atai_226
LOG (gmm-align-compiled[5.3.101~2-5c219]:main():gmm-align-compiled.cc:127) org_atai_227
LOG (gmm-align-compiled[5.3.101~2-5c219]:main():gmm-align-compiled.cc:127) org_atai_228
LOG (gmm-align-compiled[5.3.101~2-5c219]:main():gmm-align-compiled.cc:127) org_atai_229
LOG (gmm-align-compiled[5.3.101~2-5c219]:main():gmm-align-compiled.cc:135) Overall log-likelihood per frame is 16.9268 over 42714 frames.
LOG (gmm-align-compiled[5.3.101~2-5c219]:main():gmm-align-compiled.cc:137) Retried 1 out of 69 utterances.
LOG (gmm-align-compiled[5.3.101~2-5c219]:main():gmm-align-compiled.cc:139) Done 69, errors on 0
# Accounting: time=7 threads=1
# Ended (code 0) at Mon Dec 11 18:13:17 UTC 2017, elapsed time 7 seconds
