
###### BEGIN LANGUAGE INFO ######
lang= libri-boot1
num_targets= 840
data_dir= data/libri-boot1/train
ali_dir= exp/libri-boot1/tri_ali
egs_dir= exp/libri-boot1/nnet3/egs
###### END LANGUAGE INFO ######


###### BEGIN LANGUAGE INFO ######
lang= libri-boot12
num_targets= 840
data_dir= data/libri-boot12/train
ali_dir= exp/libri-boot12/tri_ali
egs_dir= exp/libri-boot12/nnet3/egs
###### END LANGUAGE INFO ######


###### BEGIN LANGUAGE INFO ######
lang= libri-boot15
num_targets= 832
data_dir= data/libri-boot15/train
ali_dir= exp/libri-boot15/tri_ali
egs_dir= exp/libri-boot15/nnet3/egs
###### END LANGUAGE INFO ######


###### BEGIN LANGUAGE INFO ######
lang= libri-boot18
num_targets= 848
data_dir= data/libri-boot18/train
ali_dir= exp/libri-boot18/tri_ali
egs_dir= exp/libri-boot18/nnet3/egs
###### END LANGUAGE INFO ######


###### BEGIN LANGUAGE INFO ######
lang= libri-boot20
num_targets= 824
data_dir= data/libri-boot20/train
ali_dir= exp/libri-boot20/tri_ali
egs_dir= exp/libri-boot20/nnet3/egs
###### END LANGUAGE INFO ######


###### BEGIN LANGUAGE INFO ######
lang= libri-boot23
num_targets= 856
data_dir= data/libri-boot23/train
ali_dir= exp/libri-boot23/tri_ali
egs_dir= exp/libri-boot23/nnet3/egs
###### END LANGUAGE INFO ######


###### BEGIN LANGUAGE INFO ######
lang= libri-boot26
num_targets= 832
data_dir= data/libri-boot26/train
ali_dir= exp/libri-boot26/tri_ali
egs_dir= exp/libri-boot26/nnet3/egs
###### END LANGUAGE INFO ######


###### BEGIN LANGUAGE INFO ######
lang= libri-boot29
num_targets= 832
data_dir= data/libri-boot29/train
ali_dir= exp/libri-boot29/tri_ali
egs_dir= exp/libri-boot29/nnet3/egs
###### END LANGUAGE INFO ######


###### BEGIN LANGUAGE INFO ######
lang= libri-boot4
num_targets= 848
data_dir= data/libri-boot4/train
ali_dir= exp/libri-boot4/tri_ali
egs_dir= exp/libri-boot4/nnet3/egs
###### END LANGUAGE INFO ######


###### BEGIN LANGUAGE INFO ######
lang= libri-boot7
num_targets= 840
data_dir= data/libri-boot7/train
ali_dir= exp/libri-boot7/tri_ali
egs_dir= exp/libri-boot7/nnet3/egs
###### END LANGUAGE INFO ######


###### BEGIN LANGUAGE INFO ######
lang= libri-boot10
num_targets= 856
data_dir= data/libri-boot10/train
ali_dir= exp/libri-boot10/tri_ali
egs_dir= exp/libri-boot10/nnet3/egs
###### END LANGUAGE INFO ######


###### BEGIN LANGUAGE INFO ######
lang= libri-boot13
num_targets= 840
data_dir= data/libri-boot13/train
ali_dir= exp/libri-boot13/tri_ali
egs_dir= exp/libri-boot13/nnet3/egs
###### END LANGUAGE INFO ######


###### BEGIN LANGUAGE INFO ######
lang= libri-boot16
num_targets= 824
data_dir= data/libri-boot16/train
ali_dir= exp/libri-boot16/tri_ali
egs_dir= exp/libri-boot16/nnet3/egs
###### END LANGUAGE INFO ######


###### BEGIN LANGUAGE INFO ######
lang= libri-boot19
num_targets= 832
data_dir= data/libri-boot19/train
ali_dir= exp/libri-boot19/tri_ali
egs_dir= exp/libri-boot19/nnet3/egs
###### END LANGUAGE INFO ######


###### BEGIN LANGUAGE INFO ######
lang= libri-boot21
num_targets= 840
data_dir= data/libri-boot21/train
ali_dir= exp/libri-boot21/tri_ali
egs_dir= exp/libri-boot21/nnet3/egs
###### END LANGUAGE INFO ######


###### BEGIN LANGUAGE INFO ######
lang= libri-boot24
num_targets= 824
data_dir= data/libri-boot24/train
ali_dir= exp/libri-boot24/tri_ali
egs_dir= exp/libri-boot24/nnet3/egs
###### END LANGUAGE INFO ######


###### BEGIN LANGUAGE INFO ######
lang= libri-boot27
num_targets= 832
data_dir= data/libri-boot27/train
ali_dir= exp/libri-boot27/tri_ali
egs_dir= exp/libri-boot27/nnet3/egs
###### END LANGUAGE INFO ######


###### BEGIN LANGUAGE INFO ######
lang= libri-boot3
num_targets= 840
data_dir= data/libri-boot3/train
ali_dir= exp/libri-boot3/tri_ali
egs_dir= exp/libri-boot3/nnet3/egs
###### END LANGUAGE INFO ######


###### BEGIN LANGUAGE INFO ######
lang= libri-boot5
num_targets= 840
data_dir= data/libri-boot5/train
ali_dir= exp/libri-boot5/tri_ali
egs_dir= exp/libri-boot5/nnet3/egs
###### END LANGUAGE INFO ######


###### BEGIN LANGUAGE INFO ######
lang= libri-boot8
num_targets= 832
data_dir= data/libri-boot8/train
ali_dir= exp/libri-boot8/tri_ali
egs_dir= exp/libri-boot8/nnet3/egs
###### END LANGUAGE INFO ######


###### BEGIN LANGUAGE INFO ######
lang= libri-boot11
num_targets= 856
data_dir= data/libri-boot11/train
ali_dir= exp/libri-boot11/tri_ali
egs_dir= exp/libri-boot11/nnet3/egs
###### END LANGUAGE INFO ######


###### BEGIN LANGUAGE INFO ######
lang= libri-boot14
num_targets= 840
data_dir= data/libri-boot14/train
ali_dir= exp/libri-boot14/tri_ali
egs_dir= exp/libri-boot14/nnet3/egs
###### END LANGUAGE INFO ######


###### BEGIN LANGUAGE INFO ######
lang= libri-boot17
num_targets= 824
data_dir= data/libri-boot17/train
ali_dir= exp/libri-boot17/tri_ali
egs_dir= exp/libri-boot17/nnet3/egs
###### END LANGUAGE INFO ######


###### BEGIN LANGUAGE INFO ######
lang= libri-boot2
num_targets= 848
data_dir= data/libri-boot2/train
ali_dir= exp/libri-boot2/tri_ali
egs_dir= exp/libri-boot2/nnet3/egs
###### END LANGUAGE INFO ######


###### BEGIN LANGUAGE INFO ######
lang= libri-boot22
num_targets= 816
data_dir= data/libri-boot22/train
ali_dir= exp/libri-boot22/tri_ali
egs_dir= exp/libri-boot22/nnet3/egs
###### END LANGUAGE INFO ######


###### BEGIN LANGUAGE INFO ######
lang= libri-boot25
num_targets= 800
data_dir= data/libri-boot25/train
ali_dir= exp/libri-boot25/tri_ali
egs_dir= exp/libri-boot25/nnet3/egs
###### END LANGUAGE INFO ######


###### BEGIN LANGUAGE INFO ######
lang= libri-boot28
num_targets= 848
data_dir= data/libri-boot28/train
ali_dir= exp/libri-boot28/tri_ali
egs_dir= exp/libri-boot28/nnet3/egs
###### END LANGUAGE INFO ######


###### BEGIN LANGUAGE INFO ######
lang= libri-boot30
num_targets= 856
data_dir= data/libri-boot30/train
ali_dir= exp/libri-boot30/tri_ali
egs_dir= exp/libri-boot30/nnet3/egs
###### END LANGUAGE INFO ######


###### BEGIN LANGUAGE INFO ######
lang= libri-boot6
num_targets= 832
data_dir= data/libri-boot6/train
ali_dir= exp/libri-boot6/tri_ali
egs_dir= exp/libri-boot6/nnet3/egs
###### END LANGUAGE INFO ######


###### BEGIN LANGUAGE INFO ######
lang= libri-boot9
num_targets= 824
data_dir= data/libri-boot9/train
ali_dir= exp/libri-boot9/tri_ali
egs_dir= exp/libri-boot9/nnet3/egs
###### END LANGUAGE INFO ######

### ============================ ###
### CREATE CONFIG FILES FOR NNET ###
### ============================ ###
feat-to-dim scp:data/libri-boot1/train/feats.scp - 
nnet3-init exp/nnet3/multitask/configs//ref.config exp/nnet3/multitask/configs//ref.raw 
LOG (nnet3-init[5.3.7961~1-3dd6f]:main():nnet3-init.cc:80) Initialized raw neural net and wrote it to exp/nnet3/multitask/configs//ref.raw
nnet3-info "nnet3-copy --edits='rename-node old-name=output-0 new-name=output' exp/nnet3/multitask/configs//ref.raw - |" 
nnet3-copy '--edits=rename-node old-name=output-0 new-name=output' exp/nnet3/multitask/configs//ref.raw - 
LOG (nnet3-copy[5.3.7961~1-3dd6f]:main():nnet3-copy.cc:114) Copied raw neural net from exp/nnet3/multitask/configs//ref.raw to -
nnet3-init exp/nnet3/multitask/configs//ref.config exp/nnet3/multitask/configs//ref.raw 
LOG (nnet3-init[5.3.7961~1-3dd6f]:main():nnet3-init.cc:80) Initialized raw neural net and wrote it to exp/nnet3/multitask/configs//ref.raw
nnet3-info "nnet3-copy --edits='rename-node old-name=output-0 new-name=output' exp/nnet3/multitask/configs//ref.raw - |" 
nnet3-copy '--edits=rename-node old-name=output-0 new-name=output' exp/nnet3/multitask/configs//ref.raw - 
LOG (nnet3-copy[5.3.7961~1-3dd6f]:main():nnet3-copy.cc:114) Copied raw neural net from exp/nnet3/multitask/configs//ref.raw to -
steps/nnet3/xconfig_to_configs.py --xconfig-file exp/nnet3/multitask/configs/network.xconfig --config-dir exp/nnet3/multitask/configs/ --nnet-edits=rename-node old-name=output-0 new-name=output
### ====================================== ###
### MAKE INDIVIDUAL NNET3 EGS DIR per TASK ###
### ====================================== ###
### MAKE SEPARATE EGS DIR PER LANGUAGE ###
local/nnet3/prepare_multilingual_egs.sh --cmd utils/run.pl --cmvn-opts --norm-means=false --norm-vars=false --left-context 16 --right-context 12 30 data/libri-boot1/train data/libri-boot12/train data/libri-boot15/train data/libri-boot18/train data/libri-boot20/train data/libri-boot23/train data/libri-boot26/train data/libri-boot29/train data/libri-boot4/train data/libri-boot7/train data/libri-boot10/train data/libri-boot13/train data/libri-boot16/train data/libri-boot19/train data/libri-boot21/train data/libri-boot24/train data/libri-boot27/train data/libri-boot3/train data/libri-boot5/train data/libri-boot8/train data/libri-boot11/train data/libri-boot14/train data/libri-boot17/train data/libri-boot2/train data/libri-boot22/train data/libri-boot25/train data/libri-boot28/train data/libri-boot30/train data/libri-boot6/train data/libri-boot9/train exp/libri-boot1/tri_ali exp/libri-boot12/tri_ali exp/libri-boot15/tri_ali exp/libri-boot18/tri_ali exp/libri-boot20/tri_ali exp/libri-boot23/tri_ali exp/libri-boot26/tri_ali exp/libri-boot29/tri_ali exp/libri-boot4/tri_ali exp/libri-boot7/tri_ali exp/libri-boot10/tri_ali exp/libri-boot13/tri_ali exp/libri-boot16/tri_ali exp/libri-boot19/tri_ali exp/libri-boot21/tri_ali exp/libri-boot24/tri_ali exp/libri-boot27/tri_ali exp/libri-boot3/tri_ali exp/libri-boot5/tri_ali exp/libri-boot8/tri_ali exp/libri-boot11/tri_ali exp/libri-boot14/tri_ali exp/libri-boot17/tri_ali exp/libri-boot2/tri_ali exp/libri-boot22/tri_ali exp/libri-boot25/tri_ali exp/libri-boot28/tri_ali exp/libri-boot30/tri_ali exp/libri-boot6/tri_ali exp/libri-boot9/tri_ali exp/libri-boot1/nnet3/egs exp/libri-boot12/nnet3/egs exp/libri-boot15/nnet3/egs exp/libri-boot18/nnet3/egs exp/libri-boot20/nnet3/egs exp/libri-boot23/nnet3/egs exp/libri-boot26/nnet3/egs exp/libri-boot29/nnet3/egs exp/libri-boot4/nnet3/egs exp/libri-boot7/nnet3/egs exp/libri-boot10/nnet3/egs exp/libri-boot13/nnet3/egs exp/libri-boot16/nnet3/egs exp/libri-boot19/nnet3/egs exp/libri-boot21/nnet3/egs exp/libri-boot24/nnet3/egs exp/libri-boot27/nnet3/egs exp/libri-boot3/nnet3/egs exp/libri-boot5/nnet3/egs exp/libri-boot8/nnet3/egs exp/libri-boot11/nnet3/egs exp/libri-boot14/nnet3/egs exp/libri-boot17/nnet3/egs exp/libri-boot2/nnet3/egs exp/libri-boot22/nnet3/egs exp/libri-boot25/nnet3/egs exp/libri-boot28/nnet3/egs exp/libri-boot30/nnet3/egs exp/libri-boot6/nnet3/egs exp/libri-boot9/nnet3/egs tree tree tree tree tree tree tree tree tree tree tree tree tree tree tree tree tree tree tree tree tree tree tree tree tree tree tree tree tree tree
local/nnet3/prepare_multilingual_egs.sh --cmd utils/run.pl --cmvn-opts --norm-means=false --norm-vars=false --left-context 16 --right-context 12 30 data/libri-boot1/train data/libri-boot12/train data/libri-boot15/train data/libri-boot18/train data/libri-boot20/train data/libri-boot23/train data/libri-boot26/train data/libri-boot29/train data/libri-boot4/train data/libri-boot7/train data/libri-boot10/train data/libri-boot13/train data/libri-boot16/train data/libri-boot19/train data/libri-boot21/train data/libri-boot24/train data/libri-boot27/train data/libri-boot3/train data/libri-boot5/train data/libri-boot8/train data/libri-boot11/train data/libri-boot14/train data/libri-boot17/train data/libri-boot2/train data/libri-boot22/train data/libri-boot25/train data/libri-boot28/train data/libri-boot30/train data/libri-boot6/train data/libri-boot9/train exp/libri-boot1/tri_ali exp/libri-boot12/tri_ali exp/libri-boot15/tri_ali exp/libri-boot18/tri_ali exp/libri-boot20/tri_ali exp/libri-boot23/tri_ali exp/libri-boot26/tri_ali exp/libri-boot29/tri_ali exp/libri-boot4/tri_ali exp/libri-boot7/tri_ali exp/libri-boot10/tri_ali exp/libri-boot13/tri_ali exp/libri-boot16/tri_ali exp/libri-boot19/tri_ali exp/libri-boot21/tri_ali exp/libri-boot24/tri_ali exp/libri-boot27/tri_ali exp/libri-boot3/tri_ali exp/libri-boot5/tri_ali exp/libri-boot8/tri_ali exp/libri-boot11/tri_ali exp/libri-boot14/tri_ali exp/libri-boot17/tri_ali exp/libri-boot2/tri_ali exp/libri-boot22/tri_ali exp/libri-boot25/tri_ali exp/libri-boot28/tri_ali exp/libri-boot30/tri_ali exp/libri-boot6/tri_ali exp/libri-boot9/tri_ali exp/libri-boot1/nnet3/egs exp/libri-boot12/nnet3/egs exp/libri-boot15/nnet3/egs exp/libri-boot18/nnet3/egs exp/libri-boot20/nnet3/egs exp/libri-boot23/nnet3/egs exp/libri-boot26/nnet3/egs exp/libri-boot29/nnet3/egs exp/libri-boot4/nnet3/egs exp/libri-boot7/nnet3/egs exp/libri-boot10/nnet3/egs exp/libri-boot13/nnet3/egs exp/libri-boot16/nnet3/egs exp/libri-boot19/nnet3/egs exp/libri-boot21/nnet3/egs exp/libri-boot24/nnet3/egs exp/libri-boot27/nnet3/egs exp/libri-boot3/nnet3/egs exp/libri-boot5/nnet3/egs exp/libri-boot8/nnet3/egs exp/libri-boot11/nnet3/egs exp/libri-boot14/nnet3/egs exp/libri-boot17/nnet3/egs exp/libri-boot2/nnet3/egs exp/libri-boot22/nnet3/egs exp/libri-boot25/nnet3/egs exp/libri-boot28/nnet3/egs exp/libri-boot30/nnet3/egs exp/libri-boot6/nnet3/egs exp/libri-boot9/nnet3/egs tree tree tree tree tree tree tree tree tree tree tree tree tree tree tree tree tree tree tree tree tree tree tree tree tree tree tree tree tree tree
30
data/libri-boot1/train data/libri-boot12/train data/libri-boot15/train data/libri-boot18/train data/libri-boot20/train data/libri-boot23/train data/libri-boot26/train data/libri-boot29/train data/libri-boot4/train data/libri-boot7/train data/libri-boot10/train data/libri-boot13/train data/libri-boot16/train data/libri-boot19/train data/libri-boot21/train data/libri-boot24/train data/libri-boot27/train data/libri-boot3/train data/libri-boot5/train data/libri-boot8/train data/libri-boot11/train data/libri-boot14/train data/libri-boot17/train data/libri-boot2/train data/libri-boot22/train data/libri-boot25/train data/libri-boot28/train data/libri-boot30/train data/libri-boot6/train data/libri-boot9/train exp/libri-boot1/tri_ali exp/libri-boot12/tri_ali exp/libri-boot15/tri_ali exp/libri-boot18/tri_ali exp/libri-boot20/tri_ali exp/libri-boot23/tri_ali exp/libri-boot26/tri_ali exp/libri-boot29/tri_ali exp/libri-boot4/tri_ali exp/libri-boot7/tri_ali exp/libri-boot10/tri_ali exp/libri-boot13/tri_ali exp/libri-boot16/tri_ali exp/libri-boot19/tri_ali exp/libri-boot21/tri_ali exp/libri-boot24/tri_ali exp/libri-boot27/tri_ali exp/libri-boot3/tri_ali exp/libri-boot5/tri_ali exp/libri-boot8/tri_ali exp/libri-boot11/tri_ali exp/libri-boot14/tri_ali exp/libri-boot17/tri_ali exp/libri-boot2/tri_ali exp/libri-boot22/tri_ali exp/libri-boot25/tri_ali exp/libri-boot28/tri_ali exp/libri-boot30/tri_ali exp/libri-boot6/tri_ali exp/libri-boot9/tri_ali exp/libri-boot1/nnet3/egs exp/libri-boot12/nnet3/egs exp/libri-boot15/nnet3/egs exp/libri-boot18/nnet3/egs exp/libri-boot20/nnet3/egs exp/libri-boot23/nnet3/egs exp/libri-boot26/nnet3/egs exp/libri-boot29/nnet3/egs exp/libri-boot4/nnet3/egs exp/libri-boot7/nnet3/egs exp/libri-boot10/nnet3/egs exp/libri-boot13/nnet3/egs exp/libri-boot16/nnet3/egs exp/libri-boot19/nnet3/egs exp/libri-boot21/nnet3/egs exp/libri-boot24/nnet3/egs exp/libri-boot27/nnet3/egs exp/libri-boot3/nnet3/egs exp/libri-boot5/nnet3/egs exp/libri-boot8/nnet3/egs exp/libri-boot11/nnet3/egs exp/libri-boot14/nnet3/egs exp/libri-boot17/nnet3/egs exp/libri-boot2/nnet3/egs exp/libri-boot22/nnet3/egs exp/libri-boot25/nnet3/egs exp/libri-boot28/nnet3/egs exp/libri-boot30/nnet3/egs exp/libri-boot6/nnet3/egs exp/libri-boot9/nnet3/egs tree tree tree tree tree tree tree tree tree tree tree tree tree tree tree tree tree tree tree tree tree tree tree tree tree tree tree tree tree tree
local/nnet3/prepare_multilingual_egs.sh: num_targets_list= (tree tree tree tree tree tree tree tree tree tree tree tree tree tree tree tree tree tree tree tree tree tree tree tree tree tree tree tree tree tree)
local/nnet3/prepare_multilingual_egs.sh: Generate separate egs directory per language for multilingual training.
online_ivector_dir =
local/nnet3/prepare_multilingual_egs.sh: Generate egs for exp/libri-boot1/tri_ali
local/nnet3/prepare_multilingual_egs.sh: calling get_egs.sh
steps/nnet3/get_egs.sh --cmvn-opts --norm-means=false --norm-vars=false --left-context 16 --right-context 12 --num-targets tree --samples-per-iter 400000 --stage 0 --cmd utils/run.pl --generate-egs-scp true data/libri-boot1/train exp/libri-boot1/tri_ali exp/libri-boot1/nnet3/egs
steps/nnet3/get_egs.sh data/libri-boot1/train exp/libri-boot1/tri_ali exp/libri-boot1/nnet3/egs
steps/nnet3/get_egs.sh: num_targets = tree
utils/validate_data_dir.sh: Successfully validated data-directory data/libri-boot1/train/split6/1
utils/validate_data_dir.sh: Successfully validated data-directory data/libri-boot1/train/split6/2
utils/validate_data_dir.sh: Successfully validated data-directory data/libri-boot1/train/split6/3
utils/validate_data_dir.sh: Successfully validated data-directory data/libri-boot1/train/split6/4
utils/validate_data_dir.sh: Successfully validated data-directory data/libri-boot1/train/split6/5
utils/validate_data_dir.sh: Successfully validated data-directory data/libri-boot1/train/split6/6
steps/nnet3/get_egs.sh: Found 1400 utterances in data/libri-boot1/train/utt2spk
steps/nnet3/get_egs.sh: save list of validation utterances to exp/libri-boot1/nnet3/egs/valid_uttlist
steps/nnet3/get_egs.sh: save list of train utterances to exp/libri-boot1/nnet3/egs/train_uttlist
steps/nnet3/get_egs.sh: feature type is raw
steps/nnet3/get_egs.sh: working out number of frames of training data in data/libri-boot1/train
utils/data/get_utt2dur.sh: segments file does not exist so getting durations from wave files
utils/data/get_utt2dur.sh: could not get utterance lengths from sphere-file headers, using wav-to-duration
wav-to-duration scp:data/libri-boot1/train/wav.scp ark,t:data/libri-boot1/train/utt2dur 
LOG (wav-to-duration[5.3.7961~1-3dd6f]:main():wav-to-duration.cc:92) Printed duration for 1400 audio files.
LOG (wav-to-duration[5.3.7961~1-3dd6f]:main():wav-to-duration.cc:94) Mean duration was 12.5228, min and max durations were 1.87, 17.275
utils/data/get_utt2dur.sh: computed data/libri-boot1/train/utt2dur
feat-to-len scp:data/libri-boot1/train/feats.scp ark,t:- 
steps/nnet3/get_egs.sh: found 1753193 frames of training data
steps/nnet3/get_egs.sh: working out feature dim
steps/nnet3/get_egs.sh: found 1753193 frames in exp/libri-boot1/nnet3/egs/info/num_frames
steps/nnet3/get_egs.sh: found feat_dim=13 in exp/libri-boot1/nnet3/egs/info/feat_dim
*** steps/nnet3/get_egs.sh: warning: the --frames-per-eg is too large to generate one archive with
*** as many as --samples-per-iter egs in it.  Consider reducing --frames-per-eg.
steps/nnet3/get_egs.sh: creating 1 archives, each with 219149 egs, with
steps/nnet3/get_egs.sh:   8 labels per example, and (left,right) context = (16,12)
steps/nnet3/get_egs.sh: copying all train data alignments into exp/libri-boot1/nnet3/egs/ali.scp
copy-int-vector ark:- ark,scp:exp/libri-boot1/nnet3/egs/ali.ark,exp/libri-boot1/nnet3/egs/ali.scp 
LOG (copy-int-vector[5.3.7961~1-3dd6f]:main():copy-int-vector.cc:83) Copied 1400 vectors of int32.
steps/nnet3/get_egs.sh: num_pdfs= 840
steps/nnet3/get_egs.sh: Getting validation and training subset examples.
steps/nnet3/get_egs.sh: ... extracting validation and training-subset alignments.
copy-feats 'ark,s,cs:utils/filter_scp.pl exp/libri-boot1/nnet3/egs/train_uttlist data/libri-boot1/train/feats.scp | apply-cmvn --norm-means=false --norm-vars=false --utt2spk=ark:data/libri-boot1/train/utt2spk scp:data/libri-boot1/train/cmvn.scp scp:- ark:- |' ark,t:exp/libri-boot1/nnet3/egs/train_feats.txt 
apply-cmvn --norm-means=false --norm-vars=false --utt2spk=ark:data/libri-boot1/train/utt2spk scp:data/libri-boot1/train/cmvn.scp scp:- ark:- 
LOG (apply-cmvn[5.3.7961~1-3dd6f]:main():apply-cmvn.cc:81) Copied 100 utterances.
LOG (copy-feats[5.3.7961~1-3dd6f]:main():copy-feats.cc:143) Copied 100 feature matrices.
... Getting subsets of validation examples for diagnostics and combination.
nnet3-copy-egs ark:- ark,scp:exp/libri-boot1/nnet3/egs/combine.egs,exp/libri-boot1/nnet3/egs/combine.scp 
LOG (nnet3-copy-egs[5.3.7961~1-3dd6f]:main():nnet3-copy-egs.cc:436) Read 7625 neural-network training examples, wrote 7625, 0 examples had errors.
rm: cannot remove 'exp/libri-boot1/nnet3/egs/train_combine.scp': No such file or directory
rm: cannot remove 'exp/libri-boot1/nnet3/egs/valid_combine.scp': No such file or directory
steps/nnet3/get_egs.sh: Generating training examples on disk
steps/nnet3/get_egs.sh: recombining and shuffling order of archives on disk
steps/nnet3/get_egs.sh: removing temporary archives
steps/nnet3/get_egs.sh: removing temporary alignments and transforms
steps/nnet3/get_egs.sh: Finished preparing training examples
online_ivector_dir =
local/nnet3/prepare_multilingual_egs.sh: Generate egs for exp/libri-boot12/tri_ali
local/nnet3/prepare_multilingual_egs.sh: calling get_egs.sh
steps/nnet3/get_egs.sh --cmvn-opts --norm-means=false --norm-vars=false --left-context 16 --right-context 12 --num-targets tree --samples-per-iter 400000 --stage 0 --cmd utils/run.pl --generate-egs-scp true data/libri-boot12/train exp/libri-boot12/tri_ali exp/libri-boot12/nnet3/egs
steps/nnet3/get_egs.sh data/libri-boot12/train exp/libri-boot12/tri_ali exp/libri-boot12/nnet3/egs
steps/nnet3/get_egs.sh: num_targets = tree
utils/validate_data_dir.sh: Successfully validated data-directory data/libri-boot12/train/split6/1
utils/validate_data_dir.sh: Successfully validated data-directory data/libri-boot12/train/split6/2
utils/validate_data_dir.sh: Successfully validated data-directory data/libri-boot12/train/split6/3
utils/validate_data_dir.sh: Successfully validated data-directory data/libri-boot12/train/split6/4
utils/validate_data_dir.sh: Successfully validated data-directory data/libri-boot12/train/split6/5
utils/validate_data_dir.sh: Successfully validated data-directory data/libri-boot12/train/split6/6
steps/nnet3/get_egs.sh: Found 1400 utterances in data/libri-boot12/train/utt2spk
steps/nnet3/get_egs.sh: save list of validation utterances to exp/libri-boot12/nnet3/egs/valid_uttlist
steps/nnet3/get_egs.sh: save list of train utterances to exp/libri-boot12/nnet3/egs/train_uttlist
steps/nnet3/get_egs.sh: feature type is raw
steps/nnet3/get_egs.sh: working out number of frames of training data in data/libri-boot12/train
utils/data/get_utt2dur.sh: segments file does not exist so getting durations from wave files
utils/data/get_utt2dur.sh: could not get utterance lengths from sphere-file headers, using wav-to-duration
wav-to-duration scp:data/libri-boot12/train/wav.scp ark,t:data/libri-boot12/train/utt2dur 
LOG (wav-to-duration[5.3.7961~1-3dd6f]:main():wav-to-duration.cc:92) Printed duration for 1400 audio files.
LOG (wav-to-duration[5.3.7961~1-3dd6f]:main():wav-to-duration.cc:94) Mean duration was 12.5228, min and max durations were 1.87, 17.275
utils/data/get_utt2dur.sh: computed data/libri-boot12/train/utt2dur
feat-to-len scp:data/libri-boot12/train/feats.scp ark,t:- 
steps/nnet3/get_egs.sh: found 1753193 frames of training data
steps/nnet3/get_egs.sh: working out feature dim
steps/nnet3/get_egs.sh: found 1753193 frames in exp/libri-boot12/nnet3/egs/info/num_frames
steps/nnet3/get_egs.sh: found feat_dim=13 in exp/libri-boot12/nnet3/egs/info/feat_dim
*** steps/nnet3/get_egs.sh: warning: the --frames-per-eg is too large to generate one archive with
*** as many as --samples-per-iter egs in it.  Consider reducing --frames-per-eg.
steps/nnet3/get_egs.sh: creating 1 archives, each with 219149 egs, with
steps/nnet3/get_egs.sh:   8 labels per example, and (left,right) context = (16,12)
steps/nnet3/get_egs.sh: copying all train data alignments into exp/libri-boot12/nnet3/egs/ali.scp
copy-int-vector ark:- ark,scp:exp/libri-boot12/nnet3/egs/ali.ark,exp/libri-boot12/nnet3/egs/ali.scp 
LOG (copy-int-vector[5.3.7961~1-3dd6f]:main():copy-int-vector.cc:83) Copied 1400 vectors of int32.
steps/nnet3/get_egs.sh: num_pdfs= 840
steps/nnet3/get_egs.sh: Getting validation and training subset examples.
steps/nnet3/get_egs.sh: ... extracting validation and training-subset alignments.
copy-feats 'ark,s,cs:utils/filter_scp.pl exp/libri-boot12/nnet3/egs/train_uttlist data/libri-boot12/train/feats.scp | apply-cmvn --norm-means=false --norm-vars=false --utt2spk=ark:data/libri-boot12/train/utt2spk scp:data/libri-boot12/train/cmvn.scp scp:- ark:- |' ark,t:exp/libri-boot12/nnet3/egs/train_feats.txt 
apply-cmvn --norm-means=false --norm-vars=false --utt2spk=ark:data/libri-boot12/train/utt2spk scp:data/libri-boot12/train/cmvn.scp scp:- ark:- 
LOG (apply-cmvn[5.3.7961~1-3dd6f]:main():apply-cmvn.cc:81) Copied 100 utterances.
LOG (copy-feats[5.3.7961~1-3dd6f]:main():copy-feats.cc:143) Copied 100 feature matrices.
... Getting subsets of validation examples for diagnostics and combination.
nnet3-copy-egs ark:- ark,scp:exp/libri-boot12/nnet3/egs/combine.egs,exp/libri-boot12/nnet3/egs/combine.scp 
LOG (nnet3-copy-egs[5.3.7961~1-3dd6f]:main():nnet3-copy-egs.cc:436) Read 7625 neural-network training examples, wrote 7625, 0 examples had errors.
rm: cannot remove 'exp/libri-boot12/nnet3/egs/train_combine.scp': No such file or directory
rm: cannot remove 'exp/libri-boot12/nnet3/egs/valid_combine.scp': No such file or directory
steps/nnet3/get_egs.sh: Generating training examples on disk
steps/nnet3/get_egs.sh: recombining and shuffling order of archives on disk
steps/nnet3/get_egs.sh: removing temporary archives
steps/nnet3/get_egs.sh: removing temporary alignments and transforms
steps/nnet3/get_egs.sh: Finished preparing training examples
online_ivector_dir =
local/nnet3/prepare_multilingual_egs.sh: Generate egs for exp/libri-boot15/tri_ali
local/nnet3/prepare_multilingual_egs.sh: calling get_egs.sh
steps/nnet3/get_egs.sh --cmvn-opts --norm-means=false --norm-vars=false --left-context 16 --right-context 12 --num-targets tree --samples-per-iter 400000 --stage 0 --cmd utils/run.pl --generate-egs-scp true data/libri-boot15/train exp/libri-boot15/tri_ali exp/libri-boot15/nnet3/egs
steps/nnet3/get_egs.sh data/libri-boot15/train exp/libri-boot15/tri_ali exp/libri-boot15/nnet3/egs
steps/nnet3/get_egs.sh: num_targets = tree
utils/validate_data_dir.sh: Successfully validated data-directory data/libri-boot15/train/split6/1
utils/validate_data_dir.sh: Successfully validated data-directory data/libri-boot15/train/split6/2
utils/validate_data_dir.sh: Successfully validated data-directory data/libri-boot15/train/split6/3
utils/validate_data_dir.sh: Successfully validated data-directory data/libri-boot15/train/split6/4
utils/validate_data_dir.sh: Successfully validated data-directory data/libri-boot15/train/split6/5
utils/validate_data_dir.sh: Successfully validated data-directory data/libri-boot15/train/split6/6
steps/nnet3/get_egs.sh: Found 1400 utterances in data/libri-boot15/train/utt2spk
steps/nnet3/get_egs.sh: save list of validation utterances to exp/libri-boot15/nnet3/egs/valid_uttlist
steps/nnet3/get_egs.sh: save list of train utterances to exp/libri-boot15/nnet3/egs/train_uttlist
steps/nnet3/get_egs.sh: feature type is raw
steps/nnet3/get_egs.sh: working out number of frames of training data in data/libri-boot15/train
utils/data/get_utt2dur.sh: segments file does not exist so getting durations from wave files
utils/data/get_utt2dur.sh: could not get utterance lengths from sphere-file headers, using wav-to-duration
wav-to-duration scp:data/libri-boot15/train/wav.scp ark,t:data/libri-boot15/train/utt2dur 
LOG (wav-to-duration[5.3.7961~1-3dd6f]:main():wav-to-duration.cc:92) Printed duration for 1400 audio files.
LOG (wav-to-duration[5.3.7961~1-3dd6f]:main():wav-to-duration.cc:94) Mean duration was 12.5228, min and max durations were 1.87, 17.275
utils/data/get_utt2dur.sh: computed data/libri-boot15/train/utt2dur
feat-to-len scp:data/libri-boot15/train/feats.scp ark,t:- 
steps/nnet3/get_egs.sh: found 1753193 frames of training data
steps/nnet3/get_egs.sh: working out feature dim
steps/nnet3/get_egs.sh: found 1753193 frames in exp/libri-boot15/nnet3/egs/info/num_frames
steps/nnet3/get_egs.sh: found feat_dim=13 in exp/libri-boot15/nnet3/egs/info/feat_dim
*** steps/nnet3/get_egs.sh: warning: the --frames-per-eg is too large to generate one archive with
*** as many as --samples-per-iter egs in it.  Consider reducing --frames-per-eg.
steps/nnet3/get_egs.sh: creating 1 archives, each with 219149 egs, with
steps/nnet3/get_egs.sh:   8 labels per example, and (left,right) context = (16,12)
steps/nnet3/get_egs.sh: copying all train data alignments into exp/libri-boot15/nnet3/egs/ali.scp
copy-int-vector ark:- ark,scp:exp/libri-boot15/nnet3/egs/ali.ark,exp/libri-boot15/nnet3/egs/ali.scp 
LOG (copy-int-vector[5.3.7961~1-3dd6f]:main():copy-int-vector.cc:83) Copied 1400 vectors of int32.
steps/nnet3/get_egs.sh: num_pdfs= 832
steps/nnet3/get_egs.sh: Getting validation and training subset examples.
steps/nnet3/get_egs.sh: ... extracting validation and training-subset alignments.
copy-feats 'ark,s,cs:utils/filter_scp.pl exp/libri-boot15/nnet3/egs/train_uttlist data/libri-boot15/train/feats.scp | apply-cmvn --norm-means=false --norm-vars=false --utt2spk=ark:data/libri-boot15/train/utt2spk scp:data/libri-boot15/train/cmvn.scp scp:- ark:- |' ark,t:exp/libri-boot15/nnet3/egs/train_feats.txt 
apply-cmvn --norm-means=false --norm-vars=false --utt2spk=ark:data/libri-boot15/train/utt2spk scp:data/libri-boot15/train/cmvn.scp scp:- ark:- 
LOG (apply-cmvn[5.3.7961~1-3dd6f]:main():apply-cmvn.cc:81) Copied 100 utterances.
LOG (copy-feats[5.3.7961~1-3dd6f]:main():copy-feats.cc:143) Copied 100 feature matrices.
... Getting subsets of validation examples for diagnostics and combination.
nnet3-copy-egs ark:- ark,scp:exp/libri-boot15/nnet3/egs/combine.egs,exp/libri-boot15/nnet3/egs/combine.scp 
LOG (nnet3-copy-egs[5.3.7961~1-3dd6f]:main():nnet3-copy-egs.cc:436) Read 7625 neural-network training examples, wrote 7625, 0 examples had errors.
rm: cannot remove 'exp/libri-boot15/nnet3/egs/train_combine.scp': No such file or directory
rm: cannot remove 'exp/libri-boot15/nnet3/egs/valid_combine.scp': No such file or directory
steps/nnet3/get_egs.sh: Generating training examples on disk
steps/nnet3/get_egs.sh: recombining and shuffling order of archives on disk
steps/nnet3/get_egs.sh: removing temporary archives
steps/nnet3/get_egs.sh: removing temporary alignments and transforms
steps/nnet3/get_egs.sh: Finished preparing training examples
online_ivector_dir =
local/nnet3/prepare_multilingual_egs.sh: Generate egs for exp/libri-boot18/tri_ali
local/nnet3/prepare_multilingual_egs.sh: calling get_egs.sh
steps/nnet3/get_egs.sh --cmvn-opts --norm-means=false --norm-vars=false --left-context 16 --right-context 12 --num-targets tree --samples-per-iter 400000 --stage 0 --cmd utils/run.pl --generate-egs-scp true data/libri-boot18/train exp/libri-boot18/tri_ali exp/libri-boot18/nnet3/egs
steps/nnet3/get_egs.sh data/libri-boot18/train exp/libri-boot18/tri_ali exp/libri-boot18/nnet3/egs
steps/nnet3/get_egs.sh: num_targets = tree
utils/validate_data_dir.sh: Successfully validated data-directory data/libri-boot18/train/split6/1
utils/validate_data_dir.sh: Successfully validated data-directory data/libri-boot18/train/split6/2
utils/validate_data_dir.sh: Successfully validated data-directory data/libri-boot18/train/split6/3
utils/validate_data_dir.sh: Successfully validated data-directory data/libri-boot18/train/split6/4
utils/validate_data_dir.sh: Successfully validated data-directory data/libri-boot18/train/split6/5
utils/validate_data_dir.sh: Successfully validated data-directory data/libri-boot18/train/split6/6
steps/nnet3/get_egs.sh: Found 1400 utterances in data/libri-boot18/train/utt2spk
steps/nnet3/get_egs.sh: save list of validation utterances to exp/libri-boot18/nnet3/egs/valid_uttlist
steps/nnet3/get_egs.sh: save list of train utterances to exp/libri-boot18/nnet3/egs/train_uttlist
steps/nnet3/get_egs.sh: feature type is raw
steps/nnet3/get_egs.sh: working out number of frames of training data in data/libri-boot18/train
utils/data/get_utt2dur.sh: segments file does not exist so getting durations from wave files
utils/data/get_utt2dur.sh: could not get utterance lengths from sphere-file headers, using wav-to-duration
wav-to-duration scp:data/libri-boot18/train/wav.scp ark,t:data/libri-boot18/train/utt2dur 
LOG (wav-to-duration[5.3.7961~1-3dd6f]:main():wav-to-duration.cc:92) Printed duration for 1400 audio files.
LOG (wav-to-duration[5.3.7961~1-3dd6f]:main():wav-to-duration.cc:94) Mean duration was 12.5228, min and max durations were 1.87, 17.275
utils/data/get_utt2dur.sh: computed data/libri-boot18/train/utt2dur
feat-to-len scp:data/libri-boot18/train/feats.scp ark,t:- 
steps/nnet3/get_egs.sh: found 1753193 frames of training data
steps/nnet3/get_egs.sh: working out feature dim
steps/nnet3/get_egs.sh: found 1753193 frames in exp/libri-boot18/nnet3/egs/info/num_frames
steps/nnet3/get_egs.sh: found feat_dim=13 in exp/libri-boot18/nnet3/egs/info/feat_dim
*** steps/nnet3/get_egs.sh: warning: the --frames-per-eg is too large to generate one archive with
*** as many as --samples-per-iter egs in it.  Consider reducing --frames-per-eg.
steps/nnet3/get_egs.sh: creating 1 archives, each with 219149 egs, with
steps/nnet3/get_egs.sh:   8 labels per example, and (left,right) context = (16,12)
steps/nnet3/get_egs.sh: copying all train data alignments into exp/libri-boot18/nnet3/egs/ali.scp
copy-int-vector ark:- ark,scp:exp/libri-boot18/nnet3/egs/ali.ark,exp/libri-boot18/nnet3/egs/ali.scp 
LOG (copy-int-vector[5.3.7961~1-3dd6f]:main():copy-int-vector.cc:83) Copied 1400 vectors of int32.
steps/nnet3/get_egs.sh: num_pdfs= 848
steps/nnet3/get_egs.sh: Getting validation and training subset examples.
steps/nnet3/get_egs.sh: ... extracting validation and training-subset alignments.
copy-feats 'ark,s,cs:utils/filter_scp.pl exp/libri-boot18/nnet3/egs/train_uttlist data/libri-boot18/train/feats.scp | apply-cmvn --norm-means=false --norm-vars=false --utt2spk=ark:data/libri-boot18/train/utt2spk scp:data/libri-boot18/train/cmvn.scp scp:- ark:- |' ark,t:exp/libri-boot18/nnet3/egs/train_feats.txt 
apply-cmvn --norm-means=false --norm-vars=false --utt2spk=ark:data/libri-boot18/train/utt2spk scp:data/libri-boot18/train/cmvn.scp scp:- ark:- 
LOG (apply-cmvn[5.3.7961~1-3dd6f]:main():apply-cmvn.cc:81) Copied 100 utterances.
LOG (copy-feats[5.3.7961~1-3dd6f]:main():copy-feats.cc:143) Copied 100 feature matrices.
... Getting subsets of validation examples for diagnostics and combination.
nnet3-copy-egs ark:- ark,scp:exp/libri-boot18/nnet3/egs/combine.egs,exp/libri-boot18/nnet3/egs/combine.scp 
LOG (nnet3-copy-egs[5.3.7961~1-3dd6f]:main():nnet3-copy-egs.cc:436) Read 7625 neural-network training examples, wrote 7625, 0 examples had errors.
rm: cannot remove 'exp/libri-boot18/nnet3/egs/train_combine.scp': No such file or directory
rm: cannot remove 'exp/libri-boot18/nnet3/egs/valid_combine.scp': No such file or directory
steps/nnet3/get_egs.sh: Generating training examples on disk
steps/nnet3/get_egs.sh: recombining and shuffling order of archives on disk
bash: line 1: 11212 Aborted                 (core dumped) ( nnet3-shuffle-egs --srand=$[1+0] "ark:cat  exp/libri-boot18/nnet3/egs/egs_orig.1.1.ark exp/libri-boot18/nnet3/egs/egs_orig.2.1.ark exp/libri-boot18/nnet3/egs/egs_orig.3.1.ark exp/libri-boot18/nnet3/egs/egs_orig.4.1.ark exp/libri-boot18/nnet3/egs/egs_orig.5.1.ark exp/libri-boot18/nnet3/egs/egs_orig.6.1.ark|" ark,scp:exp/libri-boot18/nnet3/egs/egs.1.ark,exp/libri-boot18/nnet3/egs/egs.1.scp ) 2>> exp/libri-boot18/nnet3/egs/log/shuffle.1.log >> exp/libri-boot18/nnet3/egs/log/shuffle.1.log
run.pl: job failed, log is in exp/libri-boot18/nnet3/egs/log/shuffle.1.log
