
####==========================####
#### TRAINING AUDIO DATA PREP ####
####==========================####

./run_gmm.sh: Assuming your train audio data is in /data/atai/audio/8k/train
./run_gmm.sh: Making soflinks to original audio data with atai-org_ as prefix
local/prepare_audio_data.sh: looking for audio data in input_atai-org/audio

 1.59 hours of audio for training 
 in data_atai-org/train/wav.scp


####==========================####
#### TRAIN FEATURE EXTRACTION ####
####==========================####

MAKE PLPs:
nj=8
Source data dir: data_atai-org/train
Destination feats dir: plp_atai-org
Log dir: data_atai-org/train/make_plp_log
steps/make_plp.sh --cmd utils/run.pl --nj 8 data_atai-org/train plp_atai-org/make_plp_log plp_atai-org
utils/validate_data_dir.sh: Successfully validated data-directory data_atai-org/train
steps/make_plp.sh: [info]: no segments file exists: assuming wav.scp indexed by utterance.
Succeeded creating PLP features for train
fix_data_dir.sh: kept all 549 utterances.
fix_data_dir.sh: old files are kept in data_atai-org/train/.backup

Succeeded creating CMVN stats for train

fix_data_dir.sh: kept all 549 utterances.
fix_data_dir.sh: old files are kept in data_atai-org/train/.backup
./extract_feats.sh: splitting feats into 8 subdirs
utils/validate_data_dir.sh: Successfully validated data-directory data_atai-org/train/split8/1
utils/validate_data_dir.sh: Successfully validated data-directory data_atai-org/train/split8/2
utils/validate_data_dir.sh: Successfully validated data-directory data_atai-org/train/split8/3
utils/validate_data_dir.sh: Successfully validated data-directory data_atai-org/train/split8/4
utils/validate_data_dir.sh: Successfully validated data-directory data_atai-org/train/split8/5
utils/validate_data_dir.sh: Successfully validated data-directory data_atai-org/train/split8/6
utils/validate_data_dir.sh: Successfully validated data-directory data_atai-org/train/split8/7
utils/validate_data_dir.sh: Successfully validated data-directory data_atai-org/train/split8/8

####==============####
#### Create L.fst ####
####==============####

./compile_Lfst.sh: Looking for lexicon files in input_atai-org
./compile_Lfst.sh: Extracting phonemes from input_atai-org/lexicon.txt and saving them to input_atai-org/phones.txt
local/prepare_dict.sh: Creating data_atai-org/local/dict and moving lexicon files from input_atai-org into it.
local/prepare_dict.sh: This script really is just copy-pasting, nothing new generated.
Dictionary preparation succeeded

Checking data_atai-org/local/dict/silence_phones.txt ...
--> reading data_atai-org/local/dict/silence_phones.txt
--> data_atai-org/local/dict/silence_phones.txt is OK

Checking data_atai-org/local/dict/optional_silence.txt ...
--> reading data_atai-org/local/dict/optional_silence.txt
--> data_atai-org/local/dict/optional_silence.txt is OK

Checking data_atai-org/local/dict/nonsilence_phones.txt ...
--> reading data_atai-org/local/dict/nonsilence_phones.txt
--> data_atai-org/local/dict/nonsilence_phones.txt is OK

Checking disjoint: silence_phones.txt, nonsilence_phones.txt
--> disjoint property is OK.

Checking data_atai-org/local/dict/lexicon.txt
--> reading data_atai-org/local/dict/lexicon.txt
--> data_atai-org/local/dict/lexicon.txt is OK

Checking data_atai-org/local/dict/extra_questions.txt ...
--> data_atai-org/local/dict/extra_questions.txt is empty (this is OK)
--> SUCCESS [validating dictionary directory data_atai-org/local/dict]

**Creating data_atai-org/local/dict/lexiconp.txt from data_atai-org/local/dict/lexicon.txt
fstaddselfloops 'echo 30 |' 'echo 103998 |' 
Checking data_atai-org/lang/phones.txt ...
--> data_atai-org/lang/phones.txt is OK

Checking words.txt: #0 ...
--> data_atai-org/lang/words.txt has "#0"
--> data_atai-org/lang/words.txt is OK

Checking disjoint: silence.txt, nonsilence.txt, disambig.txt ...
--> silence.txt and nonsilence.txt are disjoint
--> silence.txt and disambig.txt are disjoint
--> disambig.txt and nonsilence.txt are disjoint
--> disjoint property is OK

Checking sumation: silence.txt, nonsilence.txt, disambig.txt ...
--> summation property is OK

Checking data_atai-org/lang/phones/context_indep.{txt, int, csl} ...
--> 1 entry/entries in data_atai-org/lang/phones/context_indep.txt
--> data_atai-org/lang/phones/context_indep.int corresponds to data_atai-org/lang/phones/context_indep.txt
--> data_atai-org/lang/phones/context_indep.csl corresponds to data_atai-org/lang/phones/context_indep.txt
--> data_atai-org/lang/phones/context_indep.{txt, int, csl} are OK

Checking data_atai-org/lang/phones/disambig.{txt, int, csl} ...
--> 6 entry/entries in data_atai-org/lang/phones/disambig.txt
--> data_atai-org/lang/phones/disambig.int corresponds to data_atai-org/lang/phones/disambig.txt
--> data_atai-org/lang/phones/disambig.csl corresponds to data_atai-org/lang/phones/disambig.txt
--> data_atai-org/lang/phones/disambig.{txt, int, csl} are OK

Checking data_atai-org/lang/phones/nonsilence.{txt, int, csl} ...
--> 28 entry/entries in data_atai-org/lang/phones/nonsilence.txt
--> data_atai-org/lang/phones/nonsilence.int corresponds to data_atai-org/lang/phones/nonsilence.txt
--> data_atai-org/lang/phones/nonsilence.csl corresponds to data_atai-org/lang/phones/nonsilence.txt
--> data_atai-org/lang/phones/nonsilence.{txt, int, csl} are OK

Checking data_atai-org/lang/phones/silence.{txt, int, csl} ...
--> 1 entry/entries in data_atai-org/lang/phones/silence.txt
--> data_atai-org/lang/phones/silence.int corresponds to data_atai-org/lang/phones/silence.txt
--> data_atai-org/lang/phones/silence.csl corresponds to data_atai-org/lang/phones/silence.txt
--> data_atai-org/lang/phones/silence.{txt, int, csl} are OK

Checking data_atai-org/lang/phones/optional_silence.{txt, int, csl} ...
--> 1 entry/entries in data_atai-org/lang/phones/optional_silence.txt
--> data_atai-org/lang/phones/optional_silence.int corresponds to data_atai-org/lang/phones/optional_silence.txt
--> data_atai-org/lang/phones/optional_silence.csl corresponds to data_atai-org/lang/phones/optional_silence.txt
--> data_atai-org/lang/phones/optional_silence.{txt, int, csl} are OK

Checking data_atai-org/lang/phones/roots.{txt, int} ...
--> 29 entry/entries in data_atai-org/lang/phones/roots.txt
--> data_atai-org/lang/phones/roots.int corresponds to data_atai-org/lang/phones/roots.txt
--> data_atai-org/lang/phones/roots.{txt, int} are OK

Checking data_atai-org/lang/phones/sets.{txt, int} ...
--> 29 entry/entries in data_atai-org/lang/phones/sets.txt
--> data_atai-org/lang/phones/sets.int corresponds to data_atai-org/lang/phones/sets.txt
--> data_atai-org/lang/phones/sets.{txt, int} are OK

Checking data_atai-org/lang/phones/extra_questions.{txt, int} ...
--> WARNING: the optional data_atai-org/lang/phones/extra_questions.{txt, int} are empty!

Checking optional_silence.txt ...
--> reading data_atai-org/lang/phones/optional_silence.txt
--> data_atai-org/lang/phones/optional_silence.txt is OK

Checking disambiguation symbols: #0 and #1
--> data_atai-org/lang/phones/disambig.txt has "#0" and "#1"
--> data_atai-org/lang/phones/disambig.txt is OK

Checking topo ...
--> data_atai-org/lang/topo's nonsilence section is OK
--> data_atai-org/lang/topo's silence section is OK
--> data_atai-org/lang/topo is OK

Checking data_atai-org/lang/oov.{txt, int} ...
--> 1 entry/entries in data_atai-org/lang/oov.txt
--> data_atai-org/lang/oov.int corresponds to data_atai-org/lang/oov.txt
--> data_atai-org/lang/oov.{txt, int} are OK

--> data_atai-org/lang/L.fst is olabel sorted
--> data_atai-org/lang/L_disambig.fst is olabel sorted
--> WARNING (check output above for warnings)

####===============####
#### TRAINING GMMs ####
####===============####


####===========================####
#### BEGIN TRAINING MONOPHONES ####
####===========================####

#### Train Monophones ####
### Define audio features ###
feat-to-dim 'ark,s,cs:apply-cmvn --norm-vars=true --utt2spk=ark:data_atai-org/train/split8/1/utt2spk scp:data_atai-org/train/split8/1/cmvn.scp scp:data_atai-org/train/split8/1/feats.scp ark:- | add-deltas ark:- ark:- |' - 
apply-cmvn --norm-vars=true --utt2spk=ark:data_atai-org/train/split8/1/utt2spk scp:data_atai-org/train/split8/1/cmvn.scp scp:data_atai-org/train/split8/1/feats.scp ark:- 
add-deltas ark:- ark:- 
WARNING (feat-to-dim[5.3.7961~1-3dd6f]:Close():kaldi-io.cc:512) Pipe apply-cmvn --norm-vars=true --utt2spk=ark:data_atai-org/train/split8/1/utt2spk scp:data_atai-org/train/split8/1/cmvn.scp scp:data_atai-org/train/split8/1/feats.scp ark:- | add-deltas ark:- ark:- | had nonzero return status 36096
steps/train_mono.sh: Initializing monophone system
steps/train_mono.sh: Compiling monophone training graphs

##########################################
### BEGIN FLATSTART MONOPHONE TRAINING ###
##########################################
steps/train_mono.sh: Aligning data from flat start (pass 0)
steps/train_mono.sh: Estimating model from flat start alignments

########################################
### BEGIN MAIN EM MONOPHONE TRAINING ###
########################################

steps/train_mono.sh: Pass 1
steps/train_mono.sh: Expectation Step in EM Algorithm
steps/train_mono.sh: Maximize-Step in EM Algorithm

steps/train_mono.sh: Pass 2
steps/train_mono.sh: Expectation Step in EM Algorithm
steps/train_mono.sh: Maximize-Step in EM Algorithm

steps/train_mono.sh: Pass 3
steps/train_mono.sh: Expectation Step in EM Algorithm
steps/train_mono.sh: Maximize-Step in EM Algorithm

steps/train_mono.sh: Pass 4
steps/train_mono.sh: Expectation Step in EM Algorithm
steps/train_mono.sh: Maximize-Step in EM Algorithm

steps/train_mono.sh: Pass 5
steps/train_mono.sh: Expectation Step in EM Algorithm
steps/train_mono.sh: Maximize-Step in EM Algorithm

steps/train_mono.sh: Pass 6
steps/train_mono.sh: Expectation Step in EM Algorithm
steps/train_mono.sh: Maximize-Step in EM Algorithm

steps/train_mono.sh: Pass 7
steps/train_mono.sh: Expectation Step in EM Algorithm
steps/train_mono.sh: Maximize-Step in EM Algorithm

steps/train_mono.sh: Pass 8
steps/train_mono.sh: Expectation Step in EM Algorithm
steps/train_mono.sh: Maximize-Step in EM Algorithm

steps/train_mono.sh: Pass 9
steps/train_mono.sh: Expectation Step in EM Algorithm
steps/train_mono.sh: Maximize-Step in EM Algorithm

steps/train_mono.sh: Pass 10
steps/train_mono.sh: Expectation Step in EM Algorithm
steps/train_mono.sh: Maximize-Step in EM Algorithm

steps/train_mono.sh: Pass 11
steps/train_mono.sh: Maximize-Step in EM Algorithm

steps/train_mono.sh: Pass 12
steps/train_mono.sh: Expectation Step in EM Algorithm
steps/train_mono.sh: Maximize-Step in EM Algorithm

steps/train_mono.sh: Pass 13
steps/train_mono.sh: Maximize-Step in EM Algorithm

steps/train_mono.sh: Pass 14
steps/train_mono.sh: Expectation Step in EM Algorithm
steps/train_mono.sh: Maximize-Step in EM Algorithm

steps/train_mono.sh: Pass 15
steps/train_mono.sh: Maximize-Step in EM Algorithm

steps/train_mono.sh: Pass 16
steps/train_mono.sh: Expectation Step in EM Algorithm
steps/train_mono.sh: Maximize-Step in EM Algorithm

steps/train_mono.sh: Pass 17
steps/train_mono.sh: Maximize-Step in EM Algorithm

steps/train_mono.sh: Pass 18
steps/train_mono.sh: Expectation Step in EM Algorithm
steps/train_mono.sh: Maximize-Step in EM Algorithm

steps/train_mono.sh: Pass 19
steps/train_mono.sh: Maximize-Step in EM Algorithm

steps/train_mono.sh: Pass 20
steps/train_mono.sh: Expectation Step in EM Algorithm
steps/train_mono.sh: Maximize-Step in EM Algorithm

steps/train_mono.sh: Pass 21
steps/train_mono.sh: Maximize-Step in EM Algorithm

steps/train_mono.sh: Pass 22
steps/train_mono.sh: Maximize-Step in EM Algorithm

steps/train_mono.sh: Pass 23
steps/train_mono.sh: Expectation Step in EM Algorithm
steps/train_mono.sh: Maximize-Step in EM Algorithm

steps/train_mono.sh: Pass 24
steps/train_mono.sh: Maximize-Step in EM Algorithm
../../../src/gmmbin/gmm-info exp_atai-org/monophones/final.mdl 
number of phones 29
number of pdfs 89
number of transition-ids 186
number of transition-states 89
feature dimension 39
number of gaussians 779
#### Align Monophones ####
cat: exp_atai-org/monophones/splice_opts: No such file or directory
cp: cannot stat 'exp_atai-org/monophones/splice_opts': No such file or directory
cat: exp_atai-org/monophones/delta_opts: No such file or directory
cp: cannot stat 'exp_atai-org/monophones/delta_opts': No such file or directory
steps/align_si.sh: feature type is delta
steps/align_si.sh: Aligning data in data_atai-org/train using model from exp_atai-org/monophones putting alignments in exp_atai-org/monophones_aligned

####===========================####
#### END TRAINING MONOPHONES ####
####===========================####


####==========================####
#### BEGIN TRAINING TRIPHONES ####
####==========================####

### Train Triphones ###
steps/train_deltas.sh --cmd utils/run.pl --num-iters 25 --beam 10 1000 2000 data_atai-org/train data_atai-org/lang exp_atai-org/monophones_aligned exp_atai-org/triphones
num_leaves = 1000
tot_gauss = 2000
steps/train_deltas.sh: accumulating tree stats
steps/train_deltas.sh: getting questions for tree-building, via clustering
steps/train_deltas.sh: building the tree
steps/train_deltas.sh: Initializing triphone model
steps/train_deltas.sh: converting alignments from exp_atai-org/monophones_aligned to use current senomes
steps/train_deltas.sh: compiling training graphs (HMMs) of transcripts

steps/train_deltas.sh: training pass 1
steps/train_deltas.sh: M-Step in EM Algorithm

steps/train_deltas.sh: training pass 2
steps/train_deltas.sh: M-Step in EM Algorithm

steps/train_deltas.sh: training pass 3
steps/train_deltas.sh: M-Step in EM Algorithm

steps/train_deltas.sh: training pass 4
steps/train_deltas.sh: M-Step in EM Algorithm

steps/train_deltas.sh: training pass 5
steps/train_deltas.sh: M-Step in EM Algorithm

steps/train_deltas.sh: training pass 6
steps/train_deltas.sh: M-Step in EM Algorithm

steps/train_deltas.sh: training pass 7
steps/train_deltas.sh: M-Step in EM Algorithm

steps/train_deltas.sh: training pass 8
steps/train_deltas.sh: M-Step in EM Algorithm

steps/train_deltas.sh: training pass 9
steps/train_deltas.sh: M-Step in EM Algorithm

steps/train_deltas.sh: training pass 10
steps/train_deltas.sh: E-Step in EM Algorithm
steps/train_deltas.sh: M-Step in EM Algorithm

steps/train_deltas.sh: training pass 11
steps/train_deltas.sh: M-Step in EM Algorithm

steps/train_deltas.sh: training pass 12
steps/train_deltas.sh: M-Step in EM Algorithm

steps/train_deltas.sh: training pass 13
steps/train_deltas.sh: M-Step in EM Algorithm

steps/train_deltas.sh: training pass 14
steps/train_deltas.sh: M-Step in EM Algorithm

steps/train_deltas.sh: training pass 15
steps/train_deltas.sh: M-Step in EM Algorithm

steps/train_deltas.sh: training pass 16
steps/train_deltas.sh: M-Step in EM Algorithm

steps/train_deltas.sh: training pass 17
steps/train_deltas.sh: M-Step in EM Algorithm

steps/train_deltas.sh: training pass 18
steps/train_deltas.sh: M-Step in EM Algorithm

steps/train_deltas.sh: training pass 19
steps/train_deltas.sh: M-Step in EM Algorithm

steps/train_deltas.sh: training pass 20
steps/train_deltas.sh: E-Step in EM Algorithm
steps/train_deltas.sh: M-Step in EM Algorithm

steps/train_deltas.sh: training pass 21
steps/train_deltas.sh: M-Step in EM Algorithm

steps/train_deltas.sh: training pass 22
steps/train_deltas.sh: M-Step in EM Algorithm

steps/train_deltas.sh: training pass 23
steps/train_deltas.sh: M-Step in EM Algorithm

steps/train_deltas.sh: training pass 24
steps/train_deltas.sh: M-Step in EM Algorithm

steps/train_deltas.sh: Done training system with delta+delta-delta features in exp_atai-org/triphones

../../../src/gmmbin/gmm-info exp_atai-org/triphones/final.mdl 
number of phones 29
number of pdfs 752
number of transition-ids 1666
number of transition-states 829
feature dimension 39
number of gaussians 1920
### Align Triphones ###
cat: exp_atai-org/triphones/splice_opts: No such file or directory
cp: cannot stat 'exp_atai-org/triphones/splice_opts': No such file or directory
cat: exp_atai-org/triphones/delta_opts: No such file or directory
cp: cannot stat 'exp_atai-org/triphones/delta_opts': No such file or directory
steps/align_si.sh: feature type is delta
steps/align_si.sh: Aligning data in data_atai-org/train using model from exp_atai-org/triphones putting alignments in exp_atai-org/triphones_aligned

####========================####
#### END TRAINING TRIPHONES ####
####========================####


####===================####
#### GRAPH COMPILATION ####
####===================####

arpa2fst - 
LOG (arpa2fst[5.3.7961~1-3dd6f]:Read():arpa-file-parser.cc:94) Reading \data\ section.
LOG (arpa2fst[5.3.7961~1-3dd6f]:Read():arpa-file-parser.cc:149) Reading \1-grams: section.
LOG (arpa2fst[5.3.7961~1-3dd6f]:Read():arpa-file-parser.cc:149) Reading \2-grams: section.
WARNING (arpa2fst[5.3.7961~1-3dd6f]:ConsumeNGram():arpa-lm-compiler.cc:313) line 104008 [-4.21811	<s> <s>] skipped: n-gram has invalid BOS/EOS placement
fstisstochastic data_atai-org/lang_decode/G.fst 
8.41921e-06 -0.116158
Succeeded in formatting data

### compile LG.fst ###
fstminimizeencoded 
fsttablecompose data_atai-org/lang_decode/L_disambig.fst data_atai-org/lang_decode/G.fst 
fstdeterminizestar --use-log=true 
fstpushspecial 
WARNING (fstpushspecial[5.3.7961~1-3dd6f]:Iterate():push-special.cc:182) push-special: finished 200 iterations without converging.  Output will be inaccurate.
fstisstochastic data_atai-org/lang_decode/tmp/LG.fst 
3.8096e-06 -0.00295842
### compile CLG.fst ###
fstcomposecontext --context-size=3 --central-position=1 --read-disambig-syms=data_atai-org/lang_decode/phones/disambig.int --write-disambig-syms=data_atai-org/lang_decode/tmp/disambig_ilabels_3_1.int data_atai-org/lang_decode/tmp/ilabels_3_1 
fstisstochastic data_atai-org/lang_decode/tmp/CLG_3_1.fst 
3.8096e-06 -0.00295842
### compile Ha.fst ###
make-h-transducer --disambig-syms-out=exp_atai-org/triphones/graph/disambig_tid.int --transition-scale=1.0 data_atai-org/lang_decode/tmp/ilabels_3_1 exp_atai-org/triphones/tree exp_atai-org/triphones/final.mdl 
### compile HCLGa.fst ###
fstrmepslocal 
fstdeterminizestar --use-log=true 
fsttablecompose exp_atai-org/triphones/graph/Ha.fst data_atai-org/lang_decode/tmp/CLG_3_1.fst 
fstrmsymbols exp_atai-org/triphones/graph/disambig_tid.int 
fstminimizeencoded 
fstisstochastic exp_atai-org/triphones/graph/HCLGa.fst 
0.000487613 -0.00799325
### compile HCLG.fst ###
add-self-loops --self-loop-scale=0.1 --reorder=true exp_atai-org/triphones/final.mdl 

####==========================####
#### TESTING AUDIO DATA PREP ####
####==========================####

local/prepare_audio_data.sh: looking for audio data in /data/atai/audio/8k/test

 .15 hours of audio for training 
 in data_atai-org/test/wav.scp


####=========================####
#### TEST FEATURE EXTRACTION ####
####=========================####

MAKE PLPs:
nj=8
Source data dir: data_atai-org/test
Destination feats dir: plp_atai-org
Log dir: data_atai-org/test/make_plp_log
steps/make_plp.sh --cmd utils/run.pl --nj 8 data_atai-org/test plp_atai-org/make_plp_log plp_atai-org
utils/validate_data_dir.sh: Successfully validated data-directory data_atai-org/test
steps/make_plp.sh: [info]: no segments file exists: assuming wav.scp indexed by utterance.
Succeeded creating PLP features for test
fix_data_dir.sh: kept all 62 utterances.
fix_data_dir.sh: old files are kept in data_atai-org/test/.backup

Succeeded creating CMVN stats for test

fix_data_dir.sh: kept all 62 utterances.
fix_data_dir.sh: old files are kept in data_atai-org/test/.backup
./extract_feats.sh: splitting feats into 8 subdirs
utils/validate_data_dir.sh: Successfully validated data-directory data_atai-org/test/split8/1
utils/validate_data_dir.sh: Successfully validated data-directory data_atai-org/test/split8/2
utils/validate_data_dir.sh: Successfully validated data-directory data_atai-org/test/split8/3
utils/validate_data_dir.sh: Successfully validated data-directory data_atai-org/test/split8/4
utils/validate_data_dir.sh: Successfully validated data-directory data_atai-org/test/split8/5
utils/validate_data_dir.sh: Successfully validated data-directory data_atai-org/test/split8/6
utils/validate_data_dir.sh: Successfully validated data-directory data_atai-org/test/split8/7
utils/validate_data_dir.sh: Successfully validated data-directory data_atai-org/test/split8/8

####================####
#### BEGIN DECODING ####
####================####


####================####
#### BEGIN DECODING ####
####================####


 ### Decoding with 8 jobs  ### steps/decode.sh 6
decode.sh: feature type is delta
#### BEGIN CALCULATE WER ####

####==============####
#### END DECODING ####
####==============####

###
###
../../../src/gmmbin/gmm-info exp_atai-org/triphones/final.mdl 
###
