
###### BEGIN LANGUAGE INFO ######
lang= libri-org
num_targets= 856
data_dir= data/libri-org/train
ali_dir= exp/libri-org/tri_ali
egs_dir= exp/libri-org/nnet3/egs
###### END LANGUAGE INFO ######


###### BEGIN LANGUAGE INFO ######
lang= libri-boot
num_targets= 832
data_dir= data/libri-boot/train
ali_dir= exp/libri-boot/tri_ali
egs_dir= exp/libri-boot/nnet3/egs
###### END LANGUAGE INFO ######

### ====================================== ###
### COMBINE ALL TASKS EGS INTO ONE BIG DIR ###
### ====================================== ###
steps/nnet3/multilingual/combine_egs.sh --cmd utils/run.pl --samples-per-iter 10000 --lang2weight 0.5,0.5 2 exp/libri-org/nnet3/egs exp/libri-boot/nnet3/egs exp/nnet3/multitask/egs
steps/nnet3/multilingual/combine_egs.sh: allocating multilingual examples for training.
steps/nnet3/multilingual/combine_egs.sh: combine combine.scp examples from all langs in exp/nnet3/multitask/egs/combine.scp.
steps/nnet3/multilingual/combine_egs.sh: combine train_diagnostic.scp examples from all langs in exp/nnet3/multitask/egs/train_diagnostic.scp.
steps/nnet3/multilingual/combine_egs.sh: combine valid_diagnostic.scp examples from all langs in exp/nnet3/multitask/egs/valid_diagnostic.scp.
steps/nnet3/multilingual/combine_egs.sh: Finished preparing multilingual training example.
### ================ ###
### BEGIN TRAIN NNET ###
### ================ ###
2018-02-02 15:58:41,571 [steps/nnet3/train_raw_dnn.py:34 - <module> - INFO ] Starting raw DNN trainer (train_raw_dnn.py)
2018-02-02 15:58:41,577 [steps/nnet3/train_raw_dnn.py:181 - train - INFO ] Arguments for the experiment
{'backstitch_training_interval': 1,
 'backstitch_training_scale': 0.0,
 'cleanup': True,
 'cmvn_opts': '--norm-means=false --norm-vars=false',
 'combine_sum_to_one_penalty': 0.0,
 'command': 'utils/run.pl',
 'compute_average_posteriors': False,
 'compute_per_dim_accuracy': False,
 'dir': 'exp/nnet3/multitask',
 'do_final_combination': True,
 'dropout_schedule': None,
 'egs_command': None,
 'egs_dir': 'exp/nnet3/multitask/egs',
 'egs_opts': None,
 'egs_stage': 0,
 'email': None,
 'exit_stage': None,
 'feat_dir': 'data/libri-org/train',
 'final_combination': True,
 'final_effective_lrate': 0.00015,
 'frames_per_eg': 8,
 'image_augmentation_opts': None,
 'initial_effective_lrate': 0.0015,
 'max_lda_jobs': 10,
 'max_models_combine': 20,
 'max_objective_evaluations': 30,
 'max_param_change': 2.0,
 'minibatch_size': '256,128',
 'momentum': 0.0,
 'nj': 4,
 'num_epochs': 5.0,
 'num_jobs_compute_prior': 10,
 'num_jobs_final': 1,
 'num_jobs_initial': 1,
 'online_ivector_dir': None,
 'preserve_model_interval': 100,
 'presoftmax_prior_scale_power': -0.25,
 'prior_subset_size': 20000,
 'proportional_shrink': 0.0,
 'rand_prune': 4.0,
 'remove_egs': True,
 'reporting_interval': 0.1,
 'samples_per_iter': 10000,
 'shuffle_buffer_size': 5000,
 'srand': 0,
 'stage': -5,
 'targets_scp': 'exp/libri-org/tri_ali',
 'transform_dir': None,
 'use_dense_targets': False,
 'use_gpu': True}
2018-02-02 15:58:41,583 [steps/nnet3/train_raw_dnn.py:294 - train - INFO ] Preparing the initial network.
2018-02-02 15:58:41,653 [steps/nnet3/train_raw_dnn.py:328 - train - INFO ] Training will run for 5.0 epochs = 1600 iterations
2018-02-02 15:58:41,653 [steps/libs/nnet3/train/frame_level_objf/common.py:201 - train_one_iteration - INFO ] Training neural net (pass 0)
2018-02-02 15:58:41,657 [steps/libs/nnet3/train/frame_level_objf/common.py:267 - train_one_iteration - INFO ] On iteration 0, learning rate is 0.0015.
2018-02-02 15:58:43,174 [steps/libs/nnet3/train/frame_level_objf/common.py:201 - train_one_iteration - INFO ] Training neural net (pass 1)
2018-02-02 15:58:43,180 [steps/libs/nnet3/train/frame_level_objf/common.py:267 - train_one_iteration - INFO ] On iteration 1, learning rate is 0.00149784287902.
bash: line 1: 31715 Aborted                 (core dumped) ( nnet3-train --read-cache=exp/nnet3/multitask/cache.1 --write-cache=exp/nnet3/multitask/cache.2 --print-interval=10 --momentum=0.0 --max-param-change=2.0 --backstitch-training-scale=0.0 --l2-regularize-factor=1.0 --backstitch-training-interval=1 --srand=1 "nnet3-copy --learning-rate=0.00149784287902 --scale=1.0 exp/nnet3/multitask/1.raw - |" "ark,bg:nnet3-copy-egs --frame=2 --outputs=ark:exp/nnet3/multitask/egs/egs.output.2.ark --weights=ark:exp/nnet3/multitask/egs/egs.weight.2.ark             scp:exp/nnet3/multitask/egs/egs.2.scp ark:- |             nnet3-shuffle-egs --buffer-size=5000             --srand=1 ark:- ark:- |              nnet3-merge-egs --minibatch-size=256,128 ark:- ark:- |" exp/nnet3/multitask/2.1.raw ) 2>> exp/nnet3/multitask/log/train.1.1.log >> exp/nnet3/multitask/log/train.1.1.log
run.pl: job failed, log is in exp/nnet3/multitask/log/train.1.1.log
2018-02-02 15:58:44,466 [steps/libs/common.py:170 - background_command_waiter - ERROR ] Command exited with status 1: utils/run.pl --gpu 1 exp/nnet3/multitask/log/train.1.1.log                     nnet3-train  --read-cache=exp/nnet3/multitask/cache.1 --write-cache=exp/nnet3/multitask/cache.2                       --print-interval=10                     --momentum=0.0                     --max-param-change=2.0                     --backstitch-training-scale=0.0                     --l2-regularize-factor=1.0                     --backstitch-training-interval=1                     --srand=1                      "nnet3-copy --learning-rate=0.00149784287902 --scale=1.0 exp/nnet3/multitask/1.raw - |" "ark,bg:nnet3-copy-egs --frame=2 --outputs=ark:exp/nnet3/multitask/egs/egs.output.2.ark --weights=ark:exp/nnet3/multitask/egs/egs.weight.2.ark             scp:exp/nnet3/multitask/egs/egs.2.scp ark:- |             nnet3-shuffle-egs --buffer-size=5000             --srand=1 ark:- ark:- |              nnet3-merge-egs --minibatch-size=256,128 ark:- ark:- |"                     exp/nnet3/multitask/2.1.raw
steps/nnet3/train_raw_dnn.py --stage=-5 --cmd=utils/run.pl --trainer.num-epochs 5 --trainer.optimization.num-jobs-initial=1 --trainer.optimization.num-jobs-final=1 --trainer.optimization.initial-effective-lrate=0.0015 --trainer.optimization.final-effective-lrate=0.00015 --trainer.optimization.minibatch-size=256,128 --trainer.samples-per-iter=10000 --trainer.max-param-change=2.0 --trainer.srand=0 --feat.cmvn-opts=--norm-means=false --norm-vars=false --feat-dir data/libri-org/train --egs.dir exp/nnet3/multitask/egs --use-dense-targets false --targets-scp exp/libri-org/tri_ali --cleanup.remove-egs true --use-gpu true --dir=exp/nnet3/multitask
['steps/nnet3/train_raw_dnn.py', '--stage=-5', '--cmd=utils/run.pl', '--trainer.num-epochs', '5', '--trainer.optimization.num-jobs-initial=1', '--trainer.optimization.num-jobs-final=1', '--trainer.optimization.initial-effective-lrate=0.0015', '--trainer.optimization.final-effective-lrate=0.00015', '--trainer.optimization.minibatch-size=256,128', '--trainer.samples-per-iter=10000', '--trainer.max-param-change=2.0', '--trainer.srand=0', '--feat.cmvn-opts=--norm-means=false --norm-vars=false', '--feat-dir', 'data/libri-org/train', '--egs.dir', 'exp/nnet3/multitask/egs', '--use-dense-targets', 'false', '--targets-scp', 'exp/libri-org/tri_ali', '--cleanup.remove-egs', 'true', '--use-gpu', 'true', '--dir=exp/nnet3/multitask']
use_multitask_egs=True
