
###### BEGIN LANGUAGE INFO ######
lang= libri-org
num_targets= 856
data_dir= data/libri-org/train
ali_dir= exp/libri-org/tri_ali
egs_dir= exp/libri-org/nnet3/egs
###### END LANGUAGE INFO ######


###### BEGIN LANGUAGE INFO ######
lang= libri-org
num_targets= 856
data_dir= data/libri-org/train
ali_dir= exp/libri-org/tri_ali
egs_dir= exp/libri-org/nnet3/egs
###### END LANGUAGE INFO ######


###### BEGIN LANGUAGE INFO ######
lang= libri-org
num_targets= 856
data_dir= data/libri-org/train
ali_dir= exp/libri-org/tri_ali
egs_dir= exp/libri-org/nnet3/egs
###### END LANGUAGE INFO ######

### ============================ ###
### CREATE CONFIG FILES FOR NNET ###
### ============================ ###
feat-to-dim scp:data/libri-org/train/feats.scp - 
nnet3-init exp/nnet3/multitask/configs//ref.config exp/nnet3/multitask/configs//ref.raw 
LOG (nnet3-init[5.3.252~1-13318]:main():nnet3-init.cc:80) Initialized raw neural net and wrote it to exp/nnet3/multitask/configs//ref.raw
nnet3-info "nnet3-copy --edits='rename-node old-name=output-0 new-name=output' exp/nnet3/multitask/configs//ref.raw - |" 
nnet3-copy '--edits=rename-node old-name=output-0 new-name=output' exp/nnet3/multitask/configs//ref.raw - 
LOG (nnet3-copy[5.3.252~1-13318]:main():nnet3-copy.cc:114) Copied raw neural net from exp/nnet3/multitask/configs//ref.raw to -
nnet3-init exp/nnet3/multitask/configs//ref.config exp/nnet3/multitask/configs//ref.raw 
LOG (nnet3-init[5.3.252~1-13318]:main():nnet3-init.cc:80) Initialized raw neural net and wrote it to exp/nnet3/multitask/configs//ref.raw
nnet3-info "nnet3-copy --edits='rename-node old-name=output-0 new-name=output' exp/nnet3/multitask/configs//ref.raw - |" 
nnet3-copy '--edits=rename-node old-name=output-0 new-name=output' exp/nnet3/multitask/configs//ref.raw - 
LOG (nnet3-copy[5.3.252~1-13318]:main():nnet3-copy.cc:114) Copied raw neural net from exp/nnet3/multitask/configs//ref.raw to -
steps/nnet3/xconfig_to_configs.py --xconfig-file exp/nnet3/multitask/configs/network.xconfig --config-dir exp/nnet3/multitask/configs/ --nnet-edits=rename-node old-name=output-0 new-name=output
### ====================================== ###
### MAKE INDIVIDUAL NNET3 EGS DIR per TASK ###
### ====================================== ###
### MAKE SEPARATE EGS DIR PER LANGUAGE ###
local/nnet3/prepare_multilingual_egs.sh --cmd utils/run.pl --cmvn-opts --norm-means=false --norm-vars=false --left-context 16 --right-context 12 3 data/libri-org/train data/libri-org/train data/libri-org/train exp/libri-org/tri_ali exp/libri-org/tri_ali exp/libri-org/tri_ali exp/libri-org/nnet3/egs exp/libri-org/nnet3/egs exp/libri-org/nnet3/egs tree tree tree
local/nnet3/prepare_multilingual_egs.sh --cmd utils/run.pl --cmvn-opts --norm-means=false --norm-vars=false --left-context 16 --right-context 12 3 data/libri-org/train data/libri-org/train data/libri-org/train exp/libri-org/tri_ali exp/libri-org/tri_ali exp/libri-org/tri_ali exp/libri-org/nnet3/egs exp/libri-org/nnet3/egs exp/libri-org/nnet3/egs tree tree tree
3
data/libri-org/train data/libri-org/train data/libri-org/train exp/libri-org/tri_ali exp/libri-org/tri_ali exp/libri-org/tri_ali exp/libri-org/nnet3/egs exp/libri-org/nnet3/egs exp/libri-org/nnet3/egs tree tree tree
local/nnet3/prepare_multilingual_egs.sh: num_targets_list= (tree tree tree)
local/nnet3/prepare_multilingual_egs.sh: Generate separate egs directory per language for multilingual training.
online_ivector_dir =
local/nnet3/prepare_multilingual_egs.sh: Generate egs for exp/libri-org/tri_ali
local/nnet3/prepare_multilingual_egs.sh: calling get_egs.sh
steps/nnet3/get_egs.sh --cmvn-opts --norm-means=false --norm-vars=false --left-context 16 --right-context 12 --num-targets tree --samples-per-iter 400000 --stage 0 --cmd utils/run.pl --generate-egs-scp true data/libri-org/train exp/libri-org/tri_ali exp/libri-org/nnet3/egs
steps/nnet3/get_egs.sh data/libri-org/train exp/libri-org/tri_ali exp/libri-org/nnet3/egs
steps/nnet3/get_egs.sh: num_targets = tree
steps/nnet3/get_egs.sh: Found 1400 utterances in data/libri-org/train/utt2spk
steps/nnet3/get_egs.sh: save list of validation utterances to exp/libri-org/nnet3/egs/valid_uttlist
steps/nnet3/get_egs.sh: save list of train utterances to exp/libri-org/nnet3/egs/train_uttlist
steps/nnet3/get_egs.sh: feature type is raw
steps/nnet3/get_egs.sh: working out number of frames of training data in data/libri-org/train
utils/data/get_utt2dur.sh: segments file does not exist so getting durations from wave files
utils/data/get_utt2dur.sh: could not get utterance lengths from sphere-file headers, using wav-to-duration
wav-to-duration scp:data/libri-org/train/wav.scp ark,t:data/libri-org/train/utt2dur 
LOG (wav-to-duration[5.3.252~1-13318]:main():wav-to-duration.cc:92) Printed duration for 1400 audio files.
LOG (wav-to-duration[5.3.252~1-13318]:main():wav-to-duration.cc:94) Mean duration was 12.5228, min and max durations were 1.87, 17.275
utils/data/get_utt2dur.sh: computed data/libri-org/train/utt2dur
feat-to-len scp:data/libri-org/train/feats.scp ark,t:- 
steps/nnet3/get_egs.sh: found 1753193 frames of training data
steps/nnet3/get_egs.sh: working out feature dim
steps/nnet3/get_egs.sh: found 1753193 frames in exp/libri-org/nnet3/egs/info/num_frames
steps/nnet3/get_egs.sh: found feat_dim=13 in exp/libri-org/nnet3/egs/info/feat_dim
*** steps/nnet3/get_egs.sh: warning: the --frames-per-eg is too large to generate one archive with
*** as many as --samples-per-iter egs in it.  Consider reducing --frames-per-eg.
steps/nnet3/get_egs.sh: creating 1 archives, each with 219149 egs, with
steps/nnet3/get_egs.sh:   8 labels per example, and (left,right) context = (16,12)
steps/nnet3/get_egs.sh: copying all train data alignments into exp/libri-org/nnet3/egs/ali.scp
copy-int-vector ark:- ark,scp:exp/libri-org/nnet3/egs/ali.ark,exp/libri-org/nnet3/egs/ali.scp 
LOG (copy-int-vector[5.3.252~1-13318]:main():copy-int-vector.cc:83) Copied 1400 vectors of int32.
steps/nnet3/get_egs.sh: num_pdfs= 856
steps/nnet3/get_egs.sh: Getting validation and training subset examples.
steps/nnet3/get_egs.sh: ... extracting validation and training-subset alignments.
copy-feats 'ark,s,cs:utils/filter_scp.pl exp/libri-org/nnet3/egs/train_uttlist data/libri-org/train/feats.scp | apply-cmvn --norm-means=false --norm-vars=false --utt2spk=ark:data/libri-org/train/utt2spk scp:data/libri-org/train/cmvn.scp scp:- ark:- |' ark,t:exp/libri-org/nnet3/egs/train_feats.txt 
apply-cmvn --norm-means=false --norm-vars=false --utt2spk=ark:data/libri-org/train/utt2spk scp:data/libri-org/train/cmvn.scp scp:- ark:- 
LOG (apply-cmvn[5.3.252~1-13318]:main():apply-cmvn.cc:81) Copied 100 utterances.
LOG (copy-feats[5.3.252~1-13318]:main():copy-feats.cc:143) Copied 100 feature matrices.
... Getting subsets of validation examples for diagnostics and combination.
nnet3-copy-egs ark:- ark,scp:exp/libri-org/nnet3/egs/combine.egs,exp/libri-org/nnet3/egs/combine.scp 
LOG (nnet3-copy-egs[5.3.252~1-13318]:main():nnet3-copy-egs.cc:436) Read 7625 neural-network training examples, wrote 7625, 0 examples had errors.
rm: cannot remove 'exp/libri-org/nnet3/egs/train_combine.scp': No such file or directory
rm: cannot remove 'exp/libri-org/nnet3/egs/valid_combine.scp': No such file or directory
steps/nnet3/get_egs.sh: Generating training examples on disk
steps/nnet3/get_egs.sh: recombining and shuffling order of archives on disk
steps/nnet3/get_egs.sh: removing temporary archives
steps/nnet3/get_egs.sh: removing temporary alignments and transforms
steps/nnet3/get_egs.sh: Finished preparing training examples
online_ivector_dir =
online_ivector_dir =
### ====================================== ###
### COMBINE ALL TASKS EGS INTO ONE BIG DIR ###
### ====================================== ###
steps/nnet3/multilingual/combine_egs.sh --cmd utils/run.pl --samples-per-iter 10000 --lang2weight 0.5,0.5,0.5 3 exp/libri-org/nnet3/egs exp/libri-org/nnet3/egs exp/libri-org/nnet3/egs exp/nnet3/multitask/egs
steps/nnet3/multilingual/combine_egs.sh: allocating multilingual examples for training.
steps/nnet3/multilingual/combine_egs.sh: combine combine.scp examples from all langs in exp/nnet3/multitask/egs/combine.scp.
steps/nnet3/multilingual/combine_egs.sh: combine train_diagnostic.scp examples from all langs in exp/nnet3/multitask/egs/train_diagnostic.scp.
steps/nnet3/multilingual/combine_egs.sh: combine valid_diagnostic.scp examples from all langs in exp/nnet3/multitask/egs/valid_diagnostic.scp.
steps/nnet3/multilingual/combine_egs.sh: Finished preparing multilingual training example.
### ================ ###
### BEGIN TRAIN NNET ###
### ================ ###
2018-02-02 17:25:29,221 [steps/nnet3/train_raw_dnn.py:34 - <module> - INFO ] Starting raw DNN trainer (train_raw_dnn.py)
2018-02-02 17:25:29,227 [steps/nnet3/train_raw_dnn.py:181 - train - INFO ] Arguments for the experiment
{'backstitch_training_interval': 1,
 'backstitch_training_scale': 0.0,
 'cleanup': True,
 'cmvn_opts': '--norm-means=false --norm-vars=false',
 'combine_sum_to_one_penalty': 0.0,
 'command': 'utils/run.pl',
 'compute_average_posteriors': False,
 'compute_per_dim_accuracy': False,
 'dir': 'exp/nnet3/multitask',
 'do_final_combination': True,
 'dropout_schedule': None,
 'egs_command': None,
 'egs_dir': 'exp/nnet3/multitask/egs',
 'egs_opts': None,
 'egs_stage': 0,
 'email': None,
 'exit_stage': None,
 'feat_dir': 'data/libri-org/train',
 'final_combination': True,
 'final_effective_lrate': 0.00015,
 'frames_per_eg': 8,
 'image_augmentation_opts': None,
 'initial_effective_lrate': 0.0015,
 'max_lda_jobs': 10,
 'max_models_combine': 20,
 'max_objective_evaluations': 30,
 'max_param_change': 2.0,
 'minibatch_size': '256,128',
 'momentum': 0.0,
 'nj': 4,
 'num_epochs': 5.0,
 'num_jobs_compute_prior': 10,
 'num_jobs_final': 1,
 'num_jobs_initial': 1,
 'online_ivector_dir': None,
 'preserve_model_interval': 100,
 'presoftmax_prior_scale_power': -0.25,
 'prior_subset_size': 20000,
 'proportional_shrink': 0.0,
 'rand_prune': 4.0,
 'remove_egs': True,
 'reporting_interval': 0.1,
 'samples_per_iter': 10000,
 'shuffle_buffer_size': 5000,
 'srand': 0,
 'stage': -5,
 'targets_scp': 'exp/libri-org/tri_ali',
 'transform_dir': None,
 'use_dense_targets': False,
 'use_gpu': True}
2018-02-02 17:25:29,233 [steps/nnet3/train_raw_dnn.py:294 - train - INFO ] Preparing the initial network.
2018-02-02 17:25:29,310 [steps/nnet3/train_raw_dnn.py:328 - train - INFO ] Training will run for 5.0 epochs = 2440 iterations
2018-02-02 17:25:29,310 [steps/libs/nnet3/train/frame_level_objf/common.py:201 - train_one_iteration - INFO ] Training neural net (pass 0)
2018-02-02 17:25:29,313 [steps/libs/nnet3/train/frame_level_objf/common.py:267 - train_one_iteration - INFO ] On iteration 0, learning rate is 0.0015.
2018-02-02 17:25:32,424 [steps/libs/nnet3/train/frame_level_objf/common.py:201 - train_one_iteration - INFO ] Training neural net (pass 1)
2018-02-02 17:25:32,432 [steps/libs/nnet3/train/frame_level_objf/common.py:267 - train_one_iteration - INFO ] On iteration 1, learning rate is 0.00149858514407.
2018-02-02 17:25:35,345 [steps/libs/nnet3/train/frame_level_objf/common.py:201 - train_one_iteration - INFO ] Training neural net (pass 2)
2018-02-02 17:25:35,350 [steps/libs/nnet3/train/frame_level_objf/common.py:267 - train_one_iteration - INFO ] On iteration 2, learning rate is 0.00149717162268.
2018-02-02 17:25:38,401 [steps/libs/nnet3/train/frame_level_objf/common.py:201 - train_one_iteration - INFO ] Training neural net (pass 3)
2018-02-02 17:25:38,407 [steps/libs/nnet3/train/frame_level_objf/common.py:267 - train_one_iteration - INFO ] On iteration 3, learning rate is 0.00149575943458.
2018-02-02 17:25:41,501 [steps/libs/nnet3/train/frame_level_objf/common.py:201 - train_one_iteration - INFO ] Training neural net (pass 4)
2018-02-02 17:25:41,507 [steps/libs/nnet3/train/frame_level_objf/common.py:267 - train_one_iteration - INFO ] On iteration 4, learning rate is 0.00149434857851.
2018-02-02 17:25:44,510 [steps/libs/nnet3/train/frame_level_objf/common.py:201 - train_one_iteration - INFO ] Training neural net (pass 5)
2018-02-02 17:25:44,516 [steps/libs/nnet3/train/frame_level_objf/common.py:267 - train_one_iteration - INFO ] On iteration 5, learning rate is 0.00149293905321.
2018-02-02 17:25:47,496 [steps/libs/nnet3/train/frame_level_objf/common.py:201 - train_one_iteration - INFO ] Training neural net (pass 6)
2018-02-02 17:25:47,502 [steps/libs/nnet3/train/frame_level_objf/common.py:267 - train_one_iteration - INFO ] On iteration 6, learning rate is 0.00149153085743.
2018-02-02 17:25:50,913 [steps/libs/nnet3/train/frame_level_objf/common.py:201 - train_one_iteration - INFO ] Training neural net (pass 7)
2018-02-02 17:25:50,918 [steps/libs/nnet3/train/frame_level_objf/common.py:267 - train_one_iteration - INFO ] On iteration 7, learning rate is 0.00149012398991.
2018-02-02 17:25:54,092 [steps/libs/nnet3/train/frame_level_objf/common.py:201 - train_one_iteration - INFO ] Training neural net (pass 8)
2018-02-02 17:25:54,097 [steps/libs/nnet3/train/frame_level_objf/common.py:267 - train_one_iteration - INFO ] On iteration 8, learning rate is 0.0014887184494.
2018-02-02 17:25:57,176 [steps/libs/nnet3/train/frame_level_objf/common.py:201 - train_one_iteration - INFO ] Training neural net (pass 9)
2018-02-02 17:25:57,185 [steps/libs/nnet3/train/frame_level_objf/common.py:267 - train_one_iteration - INFO ] On iteration 9, learning rate is 0.00148731423465.
2018-02-02 17:26:00,463 [steps/libs/nnet3/train/frame_level_objf/common.py:201 - train_one_iteration - INFO ] Training neural net (pass 10)
2018-02-02 17:26:00,469 [steps/libs/nnet3/train/frame_level_objf/common.py:267 - train_one_iteration - INFO ] On iteration 10, learning rate is 0.00148591134441.
2018-02-02 17:26:03,708 [steps/libs/nnet3/train/frame_level_objf/common.py:201 - train_one_iteration - INFO ] Training neural net (pass 11)
2018-02-02 17:26:03,713 [steps/libs/nnet3/train/frame_level_objf/common.py:267 - train_one_iteration - INFO ] On iteration 11, learning rate is 0.00148450977742.
2018-02-02 17:26:06,996 [steps/libs/nnet3/train/frame_level_objf/common.py:201 - train_one_iteration - INFO ] Training neural net (pass 12)
2018-02-02 17:26:07,002 [steps/libs/nnet3/train/frame_level_objf/common.py:267 - train_one_iteration - INFO ] On iteration 12, learning rate is 0.00148310953245.
2018-02-02 17:26:10,195 [steps/libs/nnet3/train/frame_level_objf/common.py:201 - train_one_iteration - INFO ] Training neural net (pass 13)
2018-02-02 17:26:10,204 [steps/libs/nnet3/train/frame_level_objf/common.py:267 - train_one_iteration - INFO ] On iteration 13, learning rate is 0.00148171060824.
2018-02-02 17:26:13,385 [steps/libs/nnet3/train/frame_level_objf/common.py:201 - train_one_iteration - INFO ] Training neural net (pass 14)
2018-02-02 17:26:13,395 [steps/libs/nnet3/train/frame_level_objf/common.py:267 - train_one_iteration - INFO ] On iteration 14, learning rate is 0.00148031300354.
2018-02-02 17:26:16,608 [steps/libs/nnet3/train/frame_level_objf/common.py:201 - train_one_iteration - INFO ] Training neural net (pass 15)
2018-02-02 17:26:16,614 [steps/libs/nnet3/train/frame_level_objf/common.py:267 - train_one_iteration - INFO ] On iteration 15, learning rate is 0.00147891671712.
2018-02-02 17:26:19,697 [steps/libs/nnet3/train/frame_level_objf/common.py:201 - train_one_iteration - INFO ] Training neural net (pass 16)
2018-02-02 17:26:19,703 [steps/libs/nnet3/train/frame_level_objf/common.py:267 - train_one_iteration - INFO ] On iteration 16, learning rate is 0.00147752174773.
2018-02-02 17:26:22,689 [steps/libs/nnet3/train/frame_level_objf/common.py:201 - train_one_iteration - INFO ] Training neural net (pass 17)
2018-02-02 17:26:22,699 [steps/libs/nnet3/train/frame_level_objf/common.py:267 - train_one_iteration - INFO ] On iteration 17, learning rate is 0.00147612809413.
2018-02-02 17:26:25,778 [steps/libs/nnet3/train/frame_level_objf/common.py:201 - train_one_iteration - INFO ] Training neural net (pass 18)
2018-02-02 17:26:25,784 [steps/libs/nnet3/train/frame_level_objf/common.py:267 - train_one_iteration - INFO ] On iteration 18, learning rate is 0.00147473575507.
2018-02-02 17:26:28,833 [steps/libs/nnet3/train/frame_level_objf/common.py:201 - train_one_iteration - INFO ] Training neural net (pass 19)
2018-02-02 17:26:28,839 [steps/libs/nnet3/train/frame_level_objf/common.py:267 - train_one_iteration - INFO ] On iteration 19, learning rate is 0.00147334472931.
2018-02-02 17:26:31,847 [steps/libs/nnet3/train/frame_level_objf/common.py:201 - train_one_iteration - INFO ] Training neural net (pass 20)
2018-02-02 17:26:31,854 [steps/libs/nnet3/train/frame_level_objf/common.py:267 - train_one_iteration - INFO ] On iteration 20, learning rate is 0.00147195501563.
2018-02-02 17:26:35,149 [steps/libs/nnet3/train/frame_level_objf/common.py:201 - train_one_iteration - INFO ] Training neural net (pass 21)
2018-02-02 17:26:35,155 [steps/libs/nnet3/train/frame_level_objf/common.py:267 - train_one_iteration - INFO ] On iteration 21, learning rate is 0.00147056661277.
2018-02-02 17:26:38,359 [steps/libs/nnet3/train/frame_level_objf/common.py:201 - train_one_iteration - INFO ] Training neural net (pass 22)
2018-02-02 17:26:38,366 [steps/libs/nnet3/train/frame_level_objf/common.py:267 - train_one_iteration - INFO ] On iteration 22, learning rate is 0.00146917951951.
2018-02-02 17:26:41,490 [steps/libs/nnet3/train/frame_level_objf/common.py:201 - train_one_iteration - INFO ] Training neural net (pass 23)
2018-02-02 17:26:41,496 [steps/libs/nnet3/train/frame_level_objf/common.py:267 - train_one_iteration - INFO ] On iteration 23, learning rate is 0.00146779373461.
2018-02-02 17:26:44,534 [steps/libs/nnet3/train/frame_level_objf/common.py:201 - train_one_iteration - INFO ] Training neural net (pass 24)
2018-02-02 17:26:44,542 [steps/libs/nnet3/train/frame_level_objf/common.py:267 - train_one_iteration - INFO ] On iteration 24, learning rate is 0.00146640925683.
2018-02-02 17:26:47,581 [steps/libs/nnet3/train/frame_level_objf/common.py:201 - train_one_iteration - INFO ] Training neural net (pass 25)
2018-02-02 17:26:47,587 [steps/libs/nnet3/train/frame_level_objf/common.py:267 - train_one_iteration - INFO ] On iteration 25, learning rate is 0.00146502608494.
2018-02-02 17:26:50,744 [steps/libs/nnet3/train/frame_level_objf/common.py:201 - train_one_iteration - INFO ] Training neural net (pass 26)
2018-02-02 17:26:50,750 [steps/libs/nnet3/train/frame_level_objf/common.py:267 - train_one_iteration - INFO ] On iteration 26, learning rate is 0.00146364421771.
2018-02-02 17:26:53,865 [steps/libs/nnet3/train/frame_level_objf/common.py:201 - train_one_iteration - INFO ] Training neural net (pass 27)
2018-02-02 17:26:53,871 [steps/libs/nnet3/train/frame_level_objf/common.py:267 - train_one_iteration - INFO ] On iteration 27, learning rate is 0.00146226365391.
2018-02-02 17:26:56,949 [steps/libs/nnet3/train/frame_level_objf/common.py:201 - train_one_iteration - INFO ] Training neural net (pass 28)
2018-02-02 17:26:56,959 [steps/libs/nnet3/train/frame_level_objf/common.py:267 - train_one_iteration - INFO ] On iteration 28, learning rate is 0.00146088439231.
2018-02-02 17:27:00,009 [steps/libs/nnet3/train/frame_level_objf/common.py:201 - train_one_iteration - INFO ] Training neural net (pass 29)
2018-02-02 17:27:00,014 [steps/libs/nnet3/train/frame_level_objf/common.py:267 - train_one_iteration - INFO ] On iteration 29, learning rate is 0.00145950643168.
2018-02-02 17:27:03,067 [steps/libs/nnet3/train/frame_level_objf/common.py:201 - train_one_iteration - INFO ] Training neural net (pass 30)
2018-02-02 17:27:03,073 [steps/libs/nnet3/train/frame_level_objf/common.py:267 - train_one_iteration - INFO ] On iteration 30, learning rate is 0.00145812977079.
2018-02-02 17:27:06,167 [steps/libs/nnet3/train/frame_level_objf/common.py:201 - train_one_iteration - INFO ] Training neural net (pass 31)
2018-02-02 17:27:06,172 [steps/libs/nnet3/train/frame_level_objf/common.py:267 - train_one_iteration - INFO ] On iteration 31, learning rate is 0.00145675440842.
2018-02-02 17:27:09,218 [steps/libs/nnet3/train/frame_level_objf/common.py:201 - train_one_iteration - INFO ] Training neural net (pass 32)
2018-02-02 17:27:09,223 [steps/libs/nnet3/train/frame_level_objf/common.py:267 - train_one_iteration - INFO ] On iteration 32, learning rate is 0.00145538034334.
2018-02-02 17:27:12,237 [steps/libs/nnet3/train/frame_level_objf/common.py:201 - train_one_iteration - INFO ] Training neural net (pass 33)
2018-02-02 17:27:12,244 [steps/libs/nnet3/train/frame_level_objf/common.py:267 - train_one_iteration - INFO ] On iteration 33, learning rate is 0.00145400757434.
2018-02-02 17:27:15,288 [steps/libs/nnet3/train/frame_level_objf/common.py:201 - train_one_iteration - INFO ] Training neural net (pass 34)
2018-02-02 17:27:15,297 [steps/libs/nnet3/train/frame_level_objf/common.py:267 - train_one_iteration - INFO ] On iteration 34, learning rate is 0.00145263610018.
2018-02-02 17:27:18,294 [steps/libs/nnet3/train/frame_level_objf/common.py:201 - train_one_iteration - INFO ] Training neural net (pass 35)
2018-02-02 17:27:18,300 [steps/libs/nnet3/train/frame_level_objf/common.py:267 - train_one_iteration - INFO ] On iteration 35, learning rate is 0.00145126591964.
2018-02-02 17:27:21,294 [steps/libs/nnet3/train/frame_level_objf/common.py:201 - train_one_iteration - INFO ] Training neural net (pass 36)
2018-02-02 17:27:21,300 [steps/libs/nnet3/train/frame_level_objf/common.py:267 - train_one_iteration - INFO ] On iteration 36, learning rate is 0.00144989703151.
2018-02-02 17:27:24,277 [steps/libs/nnet3/train/frame_level_objf/common.py:201 - train_one_iteration - INFO ] Training neural net (pass 37)
2018-02-02 17:27:24,283 [steps/libs/nnet3/train/frame_level_objf/common.py:267 - train_one_iteration - INFO ] On iteration 37, learning rate is 0.00144852943457.
2018-02-02 17:27:27,256 [steps/libs/nnet3/train/frame_level_objf/common.py:201 - train_one_iteration - INFO ] Training neural net (pass 38)
2018-02-02 17:27:27,262 [steps/libs/nnet3/train/frame_level_objf/common.py:267 - train_one_iteration - INFO ] On iteration 38, learning rate is 0.0014471631276.
2018-02-02 17:27:30,239 [steps/libs/nnet3/train/frame_level_objf/common.py:201 - train_one_iteration - INFO ] Training neural net (pass 39)
2018-02-02 17:27:30,247 [steps/libs/nnet3/train/frame_level_objf/common.py:267 - train_one_iteration - INFO ] On iteration 39, learning rate is 0.00144579810938.
2018-02-02 17:27:32,680 [steps/libs/nnet3/train/frame_level_objf/common.py:201 - train_one_iteration - INFO ] Training neural net (pass 40)
2018-02-02 17:27:32,686 [steps/libs/nnet3/train/frame_level_objf/common.py:267 - train_one_iteration - INFO ] On iteration 40, learning rate is 0.00144443437869.
2018-02-02 17:27:35,874 [steps/libs/nnet3/train/frame_level_objf/common.py:201 - train_one_iteration - INFO ] Training neural net (pass 41)
2018-02-02 17:27:35,879 [steps/libs/nnet3/train/frame_level_objf/common.py:267 - train_one_iteration - INFO ] On iteration 41, learning rate is 0.00144307193433.
2018-02-02 17:27:38,897 [steps/libs/nnet3/train/frame_level_objf/common.py:201 - train_one_iteration - INFO ] Training neural net (pass 42)
2018-02-02 17:27:38,903 [steps/libs/nnet3/train/frame_level_objf/common.py:267 - train_one_iteration - INFO ] On iteration 42, learning rate is 0.00144171077507.
2018-02-02 17:27:41,847 [steps/libs/nnet3/train/frame_level_objf/common.py:201 - train_one_iteration - INFO ] Training neural net (pass 43)
2018-02-02 17:27:41,853 [steps/libs/nnet3/train/frame_level_objf/common.py:267 - train_one_iteration - INFO ] On iteration 43, learning rate is 0.00144035089971.
2018-02-02 17:27:44,901 [steps/libs/nnet3/train/frame_level_objf/common.py:201 - train_one_iteration - INFO ] Training neural net (pass 44)
2018-02-02 17:27:44,906 [steps/libs/nnet3/train/frame_level_objf/common.py:267 - train_one_iteration - INFO ] On iteration 44, learning rate is 0.00143899230703.
2018-02-02 17:27:47,973 [steps/libs/nnet3/train/frame_level_objf/common.py:201 - train_one_iteration - INFO ] Training neural net (pass 45)
2018-02-02 17:27:47,978 [steps/libs/nnet3/train/frame_level_objf/common.py:267 - train_one_iteration - INFO ] On iteration 45, learning rate is 0.00143763499583.
2018-02-02 17:27:50,995 [steps/libs/nnet3/train/frame_level_objf/common.py:201 - train_one_iteration - INFO ] Training neural net (pass 46)
2018-02-02 17:27:51,001 [steps/libs/nnet3/train/frame_level_objf/common.py:267 - train_one_iteration - INFO ] On iteration 46, learning rate is 0.0014362789649.
2018-02-02 17:27:54,178 [steps/libs/nnet3/train/frame_level_objf/common.py:201 - train_one_iteration - INFO ] Training neural net (pass 47)
2018-02-02 17:27:54,183 [steps/libs/nnet3/train/frame_level_objf/common.py:267 - train_one_iteration - INFO ] On iteration 47, learning rate is 0.00143492421303.
2018-02-02 17:27:57,152 [steps/libs/nnet3/train/frame_level_objf/common.py:201 - train_one_iteration - INFO ] Training neural net (pass 48)
2018-02-02 17:27:57,157 [steps/libs/nnet3/train/frame_level_objf/common.py:267 - train_one_iteration - INFO ] On iteration 48, learning rate is 0.00143357073901.
2018-02-02 17:28:00,242 [steps/libs/nnet3/train/frame_level_objf/common.py:201 - train_one_iteration - INFO ] Training neural net (pass 49)
2018-02-02 17:28:00,253 [steps/libs/nnet3/train/frame_level_objf/common.py:267 - train_one_iteration - INFO ] On iteration 49, learning rate is 0.00143221854163.
2018-02-02 17:28:03,407 [steps/libs/nnet3/train/frame_level_objf/common.py:201 - train_one_iteration - INFO ] Training neural net (pass 50)
2018-02-02 17:28:03,413 [steps/libs/nnet3/train/frame_level_objf/common.py:267 - train_one_iteration - INFO ] On iteration 50, learning rate is 0.0014308676197.
2018-02-02 17:28:06,523 [steps/libs/nnet3/train/frame_level_objf/common.py:201 - train_one_iteration - INFO ] Training neural net (pass 51)
2018-02-02 17:28:06,528 [steps/libs/nnet3/train/frame_level_objf/common.py:267 - train_one_iteration - INFO ] On iteration 51, learning rate is 0.00142951797201.
2018-02-02 17:28:09,520 [steps/libs/nnet3/train/frame_level_objf/common.py:201 - train_one_iteration - INFO ] Training neural net (pass 52)
2018-02-02 17:28:09,525 [steps/libs/nnet3/train/frame_level_objf/common.py:267 - train_one_iteration - INFO ] On iteration 52, learning rate is 0.00142816959735.
2018-02-02 17:28:12,515 [steps/libs/nnet3/train/frame_level_objf/common.py:201 - train_one_iteration - INFO ] Training neural net (pass 53)
2018-02-02 17:28:12,521 [steps/libs/nnet3/train/frame_level_objf/common.py:267 - train_one_iteration - INFO ] On iteration 53, learning rate is 0.00142682249454.
2018-02-02 17:28:15,508 [steps/libs/nnet3/train/frame_level_objf/common.py:201 - train_one_iteration - INFO ] Training neural net (pass 54)
2018-02-02 17:28:15,514 [steps/libs/nnet3/train/frame_level_objf/common.py:267 - train_one_iteration - INFO ] On iteration 54, learning rate is 0.00142547666236.
2018-02-02 17:28:18,575 [steps/libs/nnet3/train/frame_level_objf/common.py:201 - train_one_iteration - INFO ] Training neural net (pass 55)
2018-02-02 17:28:18,581 [steps/libs/nnet3/train/frame_level_objf/common.py:267 - train_one_iteration - INFO ] On iteration 55, learning rate is 0.00142413209962.
2018-02-02 17:28:21,512 [steps/libs/nnet3/train/frame_level_objf/common.py:201 - train_one_iteration - INFO ] Training neural net (pass 56)
2018-02-02 17:28:21,518 [steps/libs/nnet3/train/frame_level_objf/common.py:267 - train_one_iteration - INFO ] On iteration 56, learning rate is 0.00142278880512.
2018-02-02 17:28:24,590 [steps/libs/nnet3/train/frame_level_objf/common.py:201 - train_one_iteration - INFO ] Training neural net (pass 57)
2018-02-02 17:28:24,595 [steps/libs/nnet3/train/frame_level_objf/common.py:267 - train_one_iteration - INFO ] On iteration 57, learning rate is 0.00142144677767.
2018-02-02 17:28:27,782 [steps/libs/nnet3/train/frame_level_objf/common.py:201 - train_one_iteration - INFO ] Training neural net (pass 58)
2018-02-02 17:28:27,788 [steps/libs/nnet3/train/frame_level_objf/common.py:267 - train_one_iteration - INFO ] On iteration 58, learning rate is 0.00142010601607.
2018-02-02 17:28:30,827 [steps/libs/nnet3/train/frame_level_objf/common.py:201 - train_one_iteration - INFO ] Training neural net (pass 59)
2018-02-02 17:28:30,843 [steps/libs/nnet3/train/frame_level_objf/common.py:267 - train_one_iteration - INFO ] On iteration 59, learning rate is 0.00141876651912.
2018-02-02 17:28:33,853 [steps/libs/nnet3/train/frame_level_objf/common.py:201 - train_one_iteration - INFO ] Training neural net (pass 60)
2018-02-02 17:28:33,859 [steps/libs/nnet3/train/frame_level_objf/common.py:267 - train_one_iteration - INFO ] On iteration 60, learning rate is 0.00141742828564.
2018-02-02 17:28:37,056 [steps/libs/nnet3/train/frame_level_objf/common.py:201 - train_one_iteration - INFO ] Training neural net (pass 61)
2018-02-02 17:28:37,062 [steps/libs/nnet3/train/frame_level_objf/common.py:267 - train_one_iteration - INFO ] On iteration 61, learning rate is 0.00141609131443.
2018-02-02 17:28:40,129 [steps/libs/nnet3/train/frame_level_objf/common.py:201 - train_one_iteration - INFO ] Training neural net (pass 62)
2018-02-02 17:28:40,135 [steps/libs/nnet3/train/frame_level_objf/common.py:267 - train_one_iteration - INFO ] On iteration 62, learning rate is 0.0014147556043.
2018-02-02 17:28:43,208 [steps/libs/nnet3/train/frame_level_objf/common.py:201 - train_one_iteration - INFO ] Training neural net (pass 63)
2018-02-02 17:28:43,213 [steps/libs/nnet3/train/frame_level_objf/common.py:267 - train_one_iteration - INFO ] On iteration 63, learning rate is 0.00141342115406.
2018-02-02 17:28:46,280 [steps/libs/nnet3/train/frame_level_objf/common.py:201 - train_one_iteration - INFO ] Training neural net (pass 64)
2018-02-02 17:28:46,285 [steps/libs/nnet3/train/frame_level_objf/common.py:267 - train_one_iteration - INFO ] On iteration 64, learning rate is 0.00141208796253.
2018-02-02 17:28:49,314 [steps/libs/nnet3/train/frame_level_objf/common.py:201 - train_one_iteration - INFO ] Training neural net (pass 65)
2018-02-02 17:28:49,322 [steps/libs/nnet3/train/frame_level_objf/common.py:267 - train_one_iteration - INFO ] On iteration 65, learning rate is 0.00141075602851.
2018-02-02 17:28:52,370 [steps/libs/nnet3/train/frame_level_objf/common.py:201 - train_one_iteration - INFO ] Training neural net (pass 66)
2018-02-02 17:28:52,376 [steps/libs/nnet3/train/frame_level_objf/common.py:267 - train_one_iteration - INFO ] On iteration 66, learning rate is 0.00140942535082.
2018-02-02 17:28:55,541 [steps/libs/nnet3/train/frame_level_objf/common.py:201 - train_one_iteration - INFO ] Training neural net (pass 67)
2018-02-02 17:28:55,546 [steps/libs/nnet3/train/frame_level_objf/common.py:267 - train_one_iteration - INFO ] On iteration 67, learning rate is 0.00140809592828.
2018-02-02 17:28:58,729 [steps/libs/nnet3/train/frame_level_objf/common.py:201 - train_one_iteration - INFO ] Training neural net (pass 68)
2018-02-02 17:28:58,737 [steps/libs/nnet3/train/frame_level_objf/common.py:267 - train_one_iteration - INFO ] On iteration 68, learning rate is 0.00140676775969.
2018-02-02 17:29:01,880 [steps/libs/nnet3/train/frame_level_objf/common.py:201 - train_one_iteration - INFO ] Training neural net (pass 69)
2018-02-02 17:29:01,889 [steps/libs/nnet3/train/frame_level_objf/common.py:267 - train_one_iteration - INFO ] On iteration 69, learning rate is 0.00140544084389.
2018-02-02 17:29:04,951 [steps/libs/nnet3/train/frame_level_objf/common.py:201 - train_one_iteration - INFO ] Training neural net (pass 70)
2018-02-02 17:29:04,961 [steps/libs/nnet3/train/frame_level_objf/common.py:267 - train_one_iteration - INFO ] On iteration 70, learning rate is 0.00140411517968.
2018-02-02 17:29:08,183 [steps/libs/nnet3/train/frame_level_objf/common.py:201 - train_one_iteration - INFO ] Training neural net (pass 71)
2018-02-02 17:29:08,189 [steps/libs/nnet3/train/frame_level_objf/common.py:267 - train_one_iteration - INFO ] On iteration 71, learning rate is 0.00140279076589.
2018-02-02 17:29:11,453 [steps/libs/nnet3/train/frame_level_objf/common.py:201 - train_one_iteration - INFO ] Training neural net (pass 72)
2018-02-02 17:29:11,459 [steps/libs/nnet3/train/frame_level_objf/common.py:267 - train_one_iteration - INFO ] On iteration 72, learning rate is 0.00140146760133.
2018-02-02 17:29:14,678 [steps/libs/nnet3/train/frame_level_objf/common.py:201 - train_one_iteration - INFO ] Training neural net (pass 73)
2018-02-02 17:29:14,684 [steps/libs/nnet3/train/frame_level_objf/common.py:267 - train_one_iteration - INFO ] On iteration 73, learning rate is 0.00140014568483.
2018-02-02 17:29:17,884 [steps/libs/nnet3/train/frame_level_objf/common.py:201 - train_one_iteration - INFO ] Training neural net (pass 74)
2018-02-02 17:29:17,892 [steps/libs/nnet3/train/frame_level_objf/common.py:267 - train_one_iteration - INFO ] On iteration 74, learning rate is 0.00139882501521.
2018-02-02 17:29:21,097 [steps/libs/nnet3/train/frame_level_objf/common.py:201 - train_one_iteration - INFO ] Training neural net (pass 75)
2018-02-02 17:29:21,103 [steps/libs/nnet3/train/frame_level_objf/common.py:267 - train_one_iteration - INFO ] On iteration 75, learning rate is 0.0013975055913.
2018-02-02 17:29:24,266 [steps/libs/nnet3/train/frame_level_objf/common.py:201 - train_one_iteration - INFO ] Training neural net (pass 76)
2018-02-02 17:29:24,272 [steps/libs/nnet3/train/frame_level_objf/common.py:267 - train_one_iteration - INFO ] On iteration 76, learning rate is 0.00139618741192.
2018-02-02 17:29:27,333 [steps/libs/nnet3/train/frame_level_objf/common.py:201 - train_one_iteration - INFO ] Training neural net (pass 77)
2018-02-02 17:29:27,339 [steps/libs/nnet3/train/frame_level_objf/common.py:267 - train_one_iteration - INFO ] On iteration 77, learning rate is 0.00139487047589.
2018-02-02 17:29:30,458 [steps/libs/nnet3/train/frame_level_objf/common.py:201 - train_one_iteration - INFO ] Training neural net (pass 78)
2018-02-02 17:29:30,464 [steps/libs/nnet3/train/frame_level_objf/common.py:267 - train_one_iteration - INFO ] On iteration 78, learning rate is 0.00139355478205.
2018-02-02 17:29:33,513 [steps/libs/nnet3/train/frame_level_objf/common.py:201 - train_one_iteration - INFO ] Training neural net (pass 79)
2018-02-02 17:29:33,523 [steps/libs/nnet3/train/frame_level_objf/common.py:267 - train_one_iteration - INFO ] On iteration 79, learning rate is 0.00139224032922.
2018-02-02 17:29:36,527 [steps/libs/nnet3/train/frame_level_objf/common.py:201 - train_one_iteration - INFO ] Training neural net (pass 80)
2018-02-02 17:29:36,533 [steps/libs/nnet3/train/frame_level_objf/common.py:267 - train_one_iteration - INFO ] On iteration 80, learning rate is 0.00139092711623.
2018-02-02 17:29:39,737 [steps/libs/nnet3/train/frame_level_objf/common.py:201 - train_one_iteration - INFO ] Training neural net (pass 81)
2018-02-02 17:29:39,743 [steps/libs/nnet3/train/frame_level_objf/common.py:267 - train_one_iteration - INFO ] On iteration 81, learning rate is 0.00138961514191.
2018-02-02 17:29:42,821 [steps/libs/nnet3/train/frame_level_objf/common.py:201 - train_one_iteration - INFO ] Training neural net (pass 82)
2018-02-02 17:29:42,826 [steps/libs/nnet3/train/frame_level_objf/common.py:267 - train_one_iteration - INFO ] On iteration 82, learning rate is 0.00138830440509.
2018-02-02 17:29:45,978 [steps/libs/nnet3/train/frame_level_objf/common.py:201 - train_one_iteration - INFO ] Training neural net (pass 83)
2018-02-02 17:29:45,983 [steps/libs/nnet3/train/frame_level_objf/common.py:267 - train_one_iteration - INFO ] On iteration 83, learning rate is 0.00138699490461.
2018-02-02 17:29:49,057 [steps/libs/nnet3/train/frame_level_objf/common.py:201 - train_one_iteration - INFO ] Training neural net (pass 84)
2018-02-02 17:29:49,063 [steps/libs/nnet3/train/frame_level_objf/common.py:267 - train_one_iteration - INFO ] On iteration 84, learning rate is 0.0013856866393.
2018-02-02 17:29:52,066 [steps/libs/nnet3/train/frame_level_objf/common.py:201 - train_one_iteration - INFO ] Training neural net (pass 85)
2018-02-02 17:29:52,072 [steps/libs/nnet3/train/frame_level_objf/common.py:267 - train_one_iteration - INFO ] On iteration 85, learning rate is 0.00138437960799.
2018-02-02 17:29:55,159 [steps/libs/nnet3/train/frame_level_objf/common.py:201 - train_one_iteration - INFO ] Training neural net (pass 86)
2018-02-02 17:29:55,164 [steps/libs/nnet3/train/frame_level_objf/common.py:267 - train_one_iteration - INFO ] On iteration 86, learning rate is 0.00138307380953.
2018-02-02 17:29:58,303 [steps/libs/nnet3/train/frame_level_objf/common.py:201 - train_one_iteration - INFO ] Training neural net (pass 87)
2018-02-02 17:29:58,309 [steps/libs/nnet3/train/frame_level_objf/common.py:267 - train_one_iteration - INFO ] On iteration 87, learning rate is 0.00138176924274.
2018-02-02 17:30:01,334 [steps/libs/nnet3/train/frame_level_objf/common.py:201 - train_one_iteration - INFO ] Training neural net (pass 88)
2018-02-02 17:30:01,343 [steps/libs/nnet3/train/frame_level_objf/common.py:267 - train_one_iteration - INFO ] On iteration 88, learning rate is 0.00138046590647.
2018-02-02 17:30:04,414 [steps/libs/nnet3/train/frame_level_objf/common.py:201 - train_one_iteration - INFO ] Training neural net (pass 89)
2018-02-02 17:30:04,419 [steps/libs/nnet3/train/frame_level_objf/common.py:267 - train_one_iteration - INFO ] On iteration 89, learning rate is 0.00137916379955.
2018-02-02 17:30:07,413 [steps/libs/nnet3/train/frame_level_objf/common.py:201 - train_one_iteration - INFO ] Training neural net (pass 90)
2018-02-02 17:30:07,419 [steps/libs/nnet3/train/frame_level_objf/common.py:267 - train_one_iteration - INFO ] On iteration 90, learning rate is 0.00137786292083.
2018-02-02 17:30:10,429 [steps/libs/nnet3/train/frame_level_objf/common.py:201 - train_one_iteration - INFO ] Training neural net (pass 91)
2018-02-02 17:30:10,434 [steps/libs/nnet3/train/frame_level_objf/common.py:267 - train_one_iteration - INFO ] On iteration 91, learning rate is 0.00137656326915.
2018-02-02 17:30:13,439 [steps/libs/nnet3/train/frame_level_objf/common.py:201 - train_one_iteration - INFO ] Training neural net (pass 92)
2018-02-02 17:30:13,445 [steps/libs/nnet3/train/frame_level_objf/common.py:267 - train_one_iteration - INFO ] On iteration 92, learning rate is 0.00137526484335.
2018-02-02 17:30:16,520 [steps/libs/nnet3/train/frame_level_objf/common.py:201 - train_one_iteration - INFO ] Training neural net (pass 93)
2018-02-02 17:30:16,526 [steps/libs/nnet3/train/frame_level_objf/common.py:267 - train_one_iteration - INFO ] On iteration 93, learning rate is 0.00137396764227.
2018-02-02 17:30:19,477 [steps/libs/nnet3/train/frame_level_objf/common.py:201 - train_one_iteration - INFO ] Training neural net (pass 94)
2018-02-02 17:30:19,482 [steps/libs/nnet3/train/frame_level_objf/common.py:267 - train_one_iteration - INFO ] On iteration 94, learning rate is 0.00137267166475.
2018-02-02 17:30:22,498 [steps/libs/nnet3/train/frame_level_objf/common.py:201 - train_one_iteration - INFO ] Training neural net (pass 95)
2018-02-02 17:30:22,504 [steps/libs/nnet3/train/frame_level_objf/common.py:267 - train_one_iteration - INFO ] On iteration 95, learning rate is 0.00137137690966.
2018-02-02 17:30:25,446 [steps/libs/nnet3/train/frame_level_objf/common.py:201 - train_one_iteration - INFO ] Training neural net (pass 96)
2018-02-02 17:30:25,452 [steps/libs/nnet3/train/frame_level_objf/common.py:267 - train_one_iteration - INFO ] On iteration 96, learning rate is 0.00137008337582.
2018-02-02 17:30:28,444 [steps/libs/nnet3/train/frame_level_objf/common.py:201 - train_one_iteration - INFO ] Training neural net (pass 97)
2018-02-02 17:30:28,449 [steps/libs/nnet3/train/frame_level_objf/common.py:267 - train_one_iteration - INFO ] On iteration 97, learning rate is 0.0013687910621.
2018-02-02 17:30:31,390 [steps/libs/nnet3/train/frame_level_objf/common.py:201 - train_one_iteration - INFO ] Training neural net (pass 98)
2018-02-02 17:30:31,395 [steps/libs/nnet3/train/frame_level_objf/common.py:267 - train_one_iteration - INFO ] On iteration 98, learning rate is 0.00136749996733.
2018-02-02 17:30:34,351 [steps/libs/nnet3/train/frame_level_objf/common.py:201 - train_one_iteration - INFO ] Training neural net (pass 99)
2018-02-02 17:30:34,357 [steps/libs/nnet3/train/frame_level_objf/common.py:267 - train_one_iteration - INFO ] On iteration 99, learning rate is 0.00136621009037.
2018-02-02 17:30:37,399 [steps/libs/nnet3/train/frame_level_objf/common.py:201 - train_one_iteration - INFO ] Training neural net (pass 100)
2018-02-02 17:30:37,405 [steps/libs/nnet3/train/frame_level_objf/common.py:267 - train_one_iteration - INFO ] On iteration 100, learning rate is 0.00136492143007.
2018-02-02 17:30:39,926 [steps/libs/nnet3/train/frame_level_objf/common.py:201 - train_one_iteration - INFO ] Training neural net (pass 101)
2018-02-02 17:30:39,932 [steps/libs/nnet3/train/frame_level_objf/common.py:267 - train_one_iteration - INFO ] On iteration 101, learning rate is 0.00136363398528.
2018-02-02 17:30:42,955 [steps/libs/nnet3/train/frame_level_objf/common.py:201 - train_one_iteration - INFO ] Training neural net (pass 102)
2018-02-02 17:30:42,961 [steps/libs/nnet3/train/frame_level_objf/common.py:267 - train_one_iteration - INFO ] On iteration 102, learning rate is 0.00136234775486.
2018-02-02 17:30:45,953 [steps/libs/nnet3/train/frame_level_objf/common.py:201 - train_one_iteration - INFO ] Training neural net (pass 103)
2018-02-02 17:30:45,958 [steps/libs/nnet3/train/frame_level_objf/common.py:267 - train_one_iteration - INFO ] On iteration 103, learning rate is 0.00136106273766.
2018-02-02 17:30:48,975 [steps/libs/nnet3/train/frame_level_objf/common.py:201 - train_one_iteration - INFO ] Training neural net (pass 104)
2018-02-02 17:30:48,980 [steps/libs/nnet3/train/frame_level_objf/common.py:267 - train_one_iteration - INFO ] On iteration 104, learning rate is 0.00135977893254.
2018-02-02 17:30:51,979 [steps/libs/nnet3/train/frame_level_objf/common.py:201 - train_one_iteration - INFO ] Training neural net (pass 105)
2018-02-02 17:30:51,985 [steps/libs/nnet3/train/frame_level_objf/common.py:267 - train_one_iteration - INFO ] On iteration 105, learning rate is 0.00135849633835.
2018-02-02 17:30:55,059 [steps/libs/nnet3/train/frame_level_objf/common.py:201 - train_one_iteration - INFO ] Training neural net (pass 106)
2018-02-02 17:30:55,065 [steps/libs/nnet3/train/frame_level_objf/common.py:267 - train_one_iteration - INFO ] On iteration 106, learning rate is 0.00135721495395.
2018-02-02 17:30:58,050 [steps/libs/nnet3/train/frame_level_objf/common.py:201 - train_one_iteration - INFO ] Training neural net (pass 107)
2018-02-02 17:30:58,055 [steps/libs/nnet3/train/frame_level_objf/common.py:267 - train_one_iteration - INFO ] On iteration 107, learning rate is 0.0013559347782.
2018-02-02 17:31:01,224 [steps/libs/nnet3/train/frame_level_objf/common.py:201 - train_one_iteration - INFO ] Training neural net (pass 108)
2018-02-02 17:31:01,230 [steps/libs/nnet3/train/frame_level_objf/common.py:267 - train_one_iteration - INFO ] On iteration 108, learning rate is 0.00135465580995.
2018-02-02 17:31:04,189 [steps/libs/nnet3/train/frame_level_objf/common.py:201 - train_one_iteration - INFO ] Training neural net (pass 109)
2018-02-02 17:31:04,194 [steps/libs/nnet3/train/frame_level_objf/common.py:267 - train_one_iteration - INFO ] On iteration 109, learning rate is 0.00135337804808.
2018-02-02 17:31:07,256 [steps/libs/nnet3/train/frame_level_objf/common.py:201 - train_one_iteration - INFO ] Training neural net (pass 110)
2018-02-02 17:31:07,263 [steps/libs/nnet3/train/frame_level_objf/common.py:267 - train_one_iteration - INFO ] On iteration 110, learning rate is 0.00135210149145.
2018-02-02 17:31:10,228 [steps/libs/nnet3/train/frame_level_objf/common.py:201 - train_one_iteration - INFO ] Training neural net (pass 111)
2018-02-02 17:31:10,239 [steps/libs/nnet3/train/frame_level_objf/common.py:267 - train_one_iteration - INFO ] On iteration 111, learning rate is 0.0013508261389.
2018-02-02 17:31:13,489 [steps/libs/nnet3/train/frame_level_objf/common.py:201 - train_one_iteration - INFO ] Training neural net (pass 112)
2018-02-02 17:31:13,495 [steps/libs/nnet3/train/frame_level_objf/common.py:267 - train_one_iteration - INFO ] On iteration 112, learning rate is 0.00134955198932.
2018-02-02 17:31:16,467 [steps/libs/nnet3/train/frame_level_objf/common.py:201 - train_one_iteration - INFO ] Training neural net (pass 113)
2018-02-02 17:31:16,473 [steps/libs/nnet3/train/frame_level_objf/common.py:267 - train_one_iteration - INFO ] On iteration 113, learning rate is 0.00134827904156.
2018-02-02 17:31:19,580 [steps/libs/nnet3/train/frame_level_objf/common.py:201 - train_one_iteration - INFO ] Training neural net (pass 114)
2018-02-02 17:31:19,592 [steps/libs/nnet3/train/frame_level_objf/common.py:267 - train_one_iteration - INFO ] On iteration 114, learning rate is 0.0013470072945.
2018-02-02 17:31:22,623 [steps/libs/nnet3/train/frame_level_objf/common.py:201 - train_one_iteration - INFO ] Training neural net (pass 115)
2018-02-02 17:31:22,629 [steps/libs/nnet3/train/frame_level_objf/common.py:267 - train_one_iteration - INFO ] On iteration 115, learning rate is 0.00134573674699.
2018-02-02 17:31:25,718 [steps/libs/nnet3/train/frame_level_objf/common.py:201 - train_one_iteration - INFO ] Training neural net (pass 116)
2018-02-02 17:31:25,723 [steps/libs/nnet3/train/frame_level_objf/common.py:267 - train_one_iteration - INFO ] On iteration 116, learning rate is 0.00134446739791.
2018-02-02 17:31:28,600 [steps/libs/nnet3/train/frame_level_objf/common.py:201 - train_one_iteration - INFO ] Training neural net (pass 117)
2018-02-02 17:31:28,609 [steps/libs/nnet3/train/frame_level_objf/common.py:267 - train_one_iteration - INFO ] On iteration 117, learning rate is 0.00134319924613.
2018-02-02 17:31:31,645 [steps/libs/nnet3/train/frame_level_objf/common.py:201 - train_one_iteration - INFO ] Training neural net (pass 118)
2018-02-02 17:31:31,651 [steps/libs/nnet3/train/frame_level_objf/common.py:267 - train_one_iteration - INFO ] On iteration 118, learning rate is 0.00134193229052.
2018-02-02 17:31:34,696 [steps/libs/nnet3/train/frame_level_objf/common.py:201 - train_one_iteration - INFO ] Training neural net (pass 119)
2018-02-02 17:31:34,702 [steps/libs/nnet3/train/frame_level_objf/common.py:267 - train_one_iteration - INFO ] On iteration 119, learning rate is 0.00134066652995.
2018-02-02 17:31:37,696 [steps/libs/nnet3/train/frame_level_objf/common.py:201 - train_one_iteration - INFO ] Training neural net (pass 120)
2018-02-02 17:31:37,701 [steps/libs/nnet3/train/frame_level_objf/common.py:267 - train_one_iteration - INFO ] On iteration 120, learning rate is 0.00133940196329.
2018-02-02 17:31:40,926 [steps/libs/nnet3/train/frame_level_objf/common.py:201 - train_one_iteration - INFO ] Training neural net (pass 121)
2018-02-02 17:31:40,931 [steps/libs/nnet3/train/frame_level_objf/common.py:267 - train_one_iteration - INFO ] On iteration 121, learning rate is 0.00133813858941.
2018-02-02 17:31:43,890 [steps/libs/nnet3/train/frame_level_objf/common.py:201 - train_one_iteration - INFO ] Training neural net (pass 122)
2018-02-02 17:31:43,896 [steps/libs/nnet3/train/frame_level_objf/common.py:267 - train_one_iteration - INFO ] On iteration 122, learning rate is 0.0013368764072.
2018-02-02 17:31:46,926 [steps/libs/nnet3/train/frame_level_objf/common.py:201 - train_one_iteration - INFO ] Training neural net (pass 123)
2018-02-02 17:31:46,932 [steps/libs/nnet3/train/frame_level_objf/common.py:267 - train_one_iteration - INFO ] On iteration 123, learning rate is 0.00133561541553.
2018-02-02 17:31:49,957 [steps/libs/nnet3/train/frame_level_objf/common.py:201 - train_one_iteration - INFO ] Training neural net (pass 124)
2018-02-02 17:31:49,963 [steps/libs/nnet3/train/frame_level_objf/common.py:267 - train_one_iteration - INFO ] On iteration 124, learning rate is 0.00133435561326.
2018-02-02 17:31:53,116 [steps/libs/nnet3/train/frame_level_objf/common.py:201 - train_one_iteration - INFO ] Training neural net (pass 125)
2018-02-02 17:31:53,121 [steps/libs/nnet3/train/frame_level_objf/common.py:267 - train_one_iteration - INFO ] On iteration 125, learning rate is 0.0013330969993.
2018-02-02 17:31:56,211 [steps/libs/nnet3/train/frame_level_objf/common.py:201 - train_one_iteration - INFO ] Training neural net (pass 126)
2018-02-02 17:31:56,217 [steps/libs/nnet3/train/frame_level_objf/common.py:267 - train_one_iteration - INFO ] On iteration 126, learning rate is 0.0013318395725.
2018-02-02 17:31:59,302 [steps/libs/nnet3/train/frame_level_objf/common.py:201 - train_one_iteration - INFO ] Training neural net (pass 127)
2018-02-02 17:31:59,307 [steps/libs/nnet3/train/frame_level_objf/common.py:267 - train_one_iteration - INFO ] On iteration 127, learning rate is 0.00133058333175.
2018-02-02 17:32:02,349 [steps/libs/nnet3/train/frame_level_objf/common.py:201 - train_one_iteration - INFO ] Training neural net (pass 128)
2018-02-02 17:32:02,355 [steps/libs/nnet3/train/frame_level_objf/common.py:267 - train_one_iteration - INFO ] On iteration 128, learning rate is 0.00132932827594.
2018-02-02 17:32:05,487 [steps/libs/nnet3/train/frame_level_objf/common.py:201 - train_one_iteration - INFO ] Training neural net (pass 129)
2018-02-02 17:32:05,493 [steps/libs/nnet3/train/frame_level_objf/common.py:267 - train_one_iteration - INFO ] On iteration 129, learning rate is 0.00132807440395.
2018-02-02 17:32:08,506 [steps/libs/nnet3/train/frame_level_objf/common.py:201 - train_one_iteration - INFO ] Training neural net (pass 130)
2018-02-02 17:32:08,511 [steps/libs/nnet3/train/frame_level_objf/common.py:267 - train_one_iteration - INFO ] On iteration 130, learning rate is 0.00132682171465.
2018-02-02 17:32:11,565 [steps/libs/nnet3/train/frame_level_objf/common.py:201 - train_one_iteration - INFO ] Training neural net (pass 131)
2018-02-02 17:32:11,571 [steps/libs/nnet3/train/frame_level_objf/common.py:267 - train_one_iteration - INFO ] On iteration 131, learning rate is 0.00132557020693.
2018-02-02 17:32:14,579 [steps/libs/nnet3/train/frame_level_objf/common.py:201 - train_one_iteration - INFO ] Training neural net (pass 132)
2018-02-02 17:32:14,589 [steps/libs/nnet3/train/frame_level_objf/common.py:267 - train_one_iteration - INFO ] On iteration 132, learning rate is 0.00132431987969.
2018-02-02 17:32:17,668 [steps/libs/nnet3/train/frame_level_objf/common.py:201 - train_one_iteration - INFO ] Training neural net (pass 133)
2018-02-02 17:32:17,673 [steps/libs/nnet3/train/frame_level_objf/common.py:267 - train_one_iteration - INFO ] On iteration 133, learning rate is 0.0013230707318.
2018-02-02 17:32:20,793 [steps/libs/nnet3/train/frame_level_objf/common.py:201 - train_one_iteration - INFO ] Training neural net (pass 134)
2018-02-02 17:32:20,798 [steps/libs/nnet3/train/frame_level_objf/common.py:267 - train_one_iteration - INFO ] On iteration 134, learning rate is 0.00132182276215.
2018-02-02 17:32:23,868 [steps/libs/nnet3/train/frame_level_objf/common.py:201 - train_one_iteration - INFO ] Training neural net (pass 135)
2018-02-02 17:32:23,874 [steps/libs/nnet3/train/frame_level_objf/common.py:267 - train_one_iteration - INFO ] On iteration 135, learning rate is 0.00132057596963.
2018-02-02 17:32:26,862 [steps/libs/nnet3/train/frame_level_objf/common.py:201 - train_one_iteration - INFO ] Training neural net (pass 136)
2018-02-02 17:32:26,868 [steps/libs/nnet3/train/frame_level_objf/common.py:267 - train_one_iteration - INFO ] On iteration 136, learning rate is 0.00131933035314.
2018-02-02 17:32:29,945 [steps/libs/nnet3/train/frame_level_objf/common.py:201 - train_one_iteration - INFO ] Training neural net (pass 137)
2018-02-02 17:32:29,951 [steps/libs/nnet3/train/frame_level_objf/common.py:267 - train_one_iteration - INFO ] On iteration 137, learning rate is 0.00131808591156.
2018-02-02 17:32:32,985 [steps/libs/nnet3/train/frame_level_objf/common.py:201 - train_one_iteration - INFO ] Training neural net (pass 138)
2018-02-02 17:32:32,990 [steps/libs/nnet3/train/frame_level_objf/common.py:267 - train_one_iteration - INFO ] On iteration 138, learning rate is 0.00131684264378.
2018-02-02 17:32:36,090 [steps/libs/nnet3/train/frame_level_objf/common.py:201 - train_one_iteration - INFO ] Training neural net (pass 139)
2018-02-02 17:32:36,095 [steps/libs/nnet3/train/frame_level_objf/common.py:267 - train_one_iteration - INFO ] On iteration 139, learning rate is 0.00131560054869.
2018-02-02 17:32:39,158 [steps/libs/nnet3/train/frame_level_objf/common.py:201 - train_one_iteration - INFO ] Training neural net (pass 140)
2018-02-02 17:32:39,164 [steps/libs/nnet3/train/frame_level_objf/common.py:267 - train_one_iteration - INFO ] On iteration 140, learning rate is 0.0013143596252.
2018-02-02 17:32:42,358 [steps/libs/nnet3/train/frame_level_objf/common.py:201 - train_one_iteration - INFO ] Training neural net (pass 141)
2018-02-02 17:32:42,364 [steps/libs/nnet3/train/frame_level_objf/common.py:267 - train_one_iteration - INFO ] On iteration 141, learning rate is 0.0013131198722.
2018-02-02 17:32:45,557 [steps/libs/nnet3/train/frame_level_objf/common.py:201 - train_one_iteration - INFO ] Training neural net (pass 142)
2018-02-02 17:32:45,563 [steps/libs/nnet3/train/frame_level_objf/common.py:267 - train_one_iteration - INFO ] On iteration 142, learning rate is 0.00131188128857.
2018-02-02 17:32:48,562 [steps/libs/nnet3/train/frame_level_objf/common.py:201 - train_one_iteration - INFO ] Training neural net (pass 143)
2018-02-02 17:32:48,567 [steps/libs/nnet3/train/frame_level_objf/common.py:267 - train_one_iteration - INFO ] On iteration 143, learning rate is 0.00131064387322.
2018-02-02 17:32:51,804 [steps/libs/nnet3/train/frame_level_objf/common.py:201 - train_one_iteration - INFO ] Training neural net (pass 144)
2018-02-02 17:32:51,810 [steps/libs/nnet3/train/frame_level_objf/common.py:267 - train_one_iteration - INFO ] On iteration 144, learning rate is 0.00130940762505.
2018-02-02 17:32:55,044 [steps/libs/nnet3/train/frame_level_objf/common.py:201 - train_one_iteration - INFO ] Training neural net (pass 145)
2018-02-02 17:32:55,050 [steps/libs/nnet3/train/frame_level_objf/common.py:267 - train_one_iteration - INFO ] On iteration 145, learning rate is 0.00130817254296.
2018-02-02 17:32:58,046 [steps/libs/nnet3/train/frame_level_objf/common.py:201 - train_one_iteration - INFO ] Training neural net (pass 146)
2018-02-02 17:32:58,052 [steps/libs/nnet3/train/frame_level_objf/common.py:267 - train_one_iteration - INFO ] On iteration 146, learning rate is 0.00130693862584.
2018-02-02 17:33:01,135 [steps/libs/nnet3/train/frame_level_objf/common.py:201 - train_one_iteration - INFO ] Training neural net (pass 147)
2018-02-02 17:33:01,141 [steps/libs/nnet3/train/frame_level_objf/common.py:267 - train_one_iteration - INFO ] On iteration 147, learning rate is 0.00130570587259.
2018-02-02 17:33:04,219 [steps/libs/nnet3/train/frame_level_objf/common.py:201 - train_one_iteration - INFO ] Training neural net (pass 148)
2018-02-02 17:33:04,225 [steps/libs/nnet3/train/frame_level_objf/common.py:267 - train_one_iteration - INFO ] On iteration 148, learning rate is 0.00130447428213.
2018-02-02 17:33:07,523 [steps/libs/nnet3/train/frame_level_objf/common.py:201 - train_one_iteration - INFO ] Training neural net (pass 149)
2018-02-02 17:33:07,528 [steps/libs/nnet3/train/frame_level_objf/common.py:267 - train_one_iteration - INFO ] On iteration 149, learning rate is 0.00130324385334.
2018-02-02 17:33:10,572 [steps/libs/nnet3/train/frame_level_objf/common.py:201 - train_one_iteration - INFO ] Training neural net (pass 150)
2018-02-02 17:33:10,578 [steps/libs/nnet3/train/frame_level_objf/common.py:267 - train_one_iteration - INFO ] On iteration 150, learning rate is 0.00130201458515.
2018-02-02 17:33:13,661 [steps/libs/nnet3/train/frame_level_objf/common.py:201 - train_one_iteration - INFO ] Training neural net (pass 151)
2018-02-02 17:33:13,667 [steps/libs/nnet3/train/frame_level_objf/common.py:267 - train_one_iteration - INFO ] On iteration 151, learning rate is 0.00130078647644.
2018-02-02 17:33:16,793 [steps/libs/nnet3/train/frame_level_objf/common.py:201 - train_one_iteration - INFO ] Training neural net (pass 152)
2018-02-02 17:33:16,805 [steps/libs/nnet3/train/frame_level_objf/common.py:267 - train_one_iteration - INFO ] On iteration 152, learning rate is 0.00129955952614.
2018-02-02 17:33:19,909 [steps/libs/nnet3/train/frame_level_objf/common.py:201 - train_one_iteration - INFO ] Training neural net (pass 153)
2018-02-02 17:33:19,915 [steps/libs/nnet3/train/frame_level_objf/common.py:267 - train_one_iteration - INFO ] On iteration 153, learning rate is 0.00129833373313.
2018-02-02 17:33:23,028 [steps/libs/nnet3/train/frame_level_objf/common.py:201 - train_one_iteration - INFO ] Training neural net (pass 154)
2018-02-02 17:33:23,034 [steps/libs/nnet3/train/frame_level_objf/common.py:267 - train_one_iteration - INFO ] On iteration 154, learning rate is 0.00129710909635.
2018-02-02 17:33:26,061 [steps/libs/nnet3/train/frame_level_objf/common.py:201 - train_one_iteration - INFO ] Training neural net (pass 155)
2018-02-02 17:33:26,067 [steps/libs/nnet3/train/frame_level_objf/common.py:267 - train_one_iteration - INFO ] On iteration 155, learning rate is 0.00129588561468.
2018-02-02 17:33:29,113 [steps/libs/nnet3/train/frame_level_objf/common.py:201 - train_one_iteration - INFO ] Training neural net (pass 156)
2018-02-02 17:33:29,119 [steps/libs/nnet3/train/frame_level_objf/common.py:267 - train_one_iteration - INFO ] On iteration 156, learning rate is 0.00129466328705.
2018-02-02 17:33:32,208 [steps/libs/nnet3/train/frame_level_objf/common.py:201 - train_one_iteration - INFO ] Training neural net (pass 157)
2018-02-02 17:33:32,215 [steps/libs/nnet3/train/frame_level_objf/common.py:267 - train_one_iteration - INFO ] On iteration 157, learning rate is 0.00129344211236.
2018-02-02 17:33:35,128 [steps/libs/nnet3/train/frame_level_objf/common.py:201 - train_one_iteration - INFO ] Training neural net (pass 158)
2018-02-02 17:33:35,135 [steps/libs/nnet3/train/frame_level_objf/common.py:267 - train_one_iteration - INFO ] On iteration 158, learning rate is 0.00129222208953.
2018-02-02 17:33:38,141 [steps/libs/nnet3/train/frame_level_objf/common.py:201 - train_one_iteration - INFO ] Training neural net (pass 159)
2018-02-02 17:33:38,147 [steps/libs/nnet3/train/frame_level_objf/common.py:267 - train_one_iteration - INFO ] On iteration 159, learning rate is 0.00129100321748.
2018-02-02 17:33:41,117 [steps/libs/nnet3/train/frame_level_objf/common.py:201 - train_one_iteration - INFO ] Training neural net (pass 160)
2018-02-02 17:33:41,124 [steps/libs/nnet3/train/frame_level_objf/common.py:267 - train_one_iteration - INFO ] On iteration 160, learning rate is 0.0012897854951.
2018-02-02 17:33:44,407 [steps/libs/nnet3/train/frame_level_objf/common.py:201 - train_one_iteration - INFO ] Training neural net (pass 161)
2018-02-02 17:33:44,414 [steps/libs/nnet3/train/frame_level_objf/common.py:267 - train_one_iteration - INFO ] On iteration 161, learning rate is 0.00128856892133.
2018-02-02 17:33:46,770 [steps/libs/nnet3/train/frame_level_objf/common.py:201 - train_one_iteration - INFO ] Training neural net (pass 162)
2018-02-02 17:33:46,775 [steps/libs/nnet3/train/frame_level_objf/common.py:267 - train_one_iteration - INFO ] On iteration 162, learning rate is 0.00128735349508.
2018-02-02 17:33:49,770 [steps/libs/nnet3/train/frame_level_objf/common.py:201 - train_one_iteration - INFO ] Training neural net (pass 163)
2018-02-02 17:33:49,775 [steps/libs/nnet3/train/frame_level_objf/common.py:267 - train_one_iteration - INFO ] On iteration 163, learning rate is 0.00128613921526.
2018-02-02 17:33:52,871 [steps/libs/nnet3/train/frame_level_objf/common.py:201 - train_one_iteration - INFO ] Training neural net (pass 164)
2018-02-02 17:33:52,877 [steps/libs/nnet3/train/frame_level_objf/common.py:267 - train_one_iteration - INFO ] On iteration 164, learning rate is 0.0012849260808.
2018-02-02 17:33:55,921 [steps/libs/nnet3/train/frame_level_objf/common.py:201 - train_one_iteration - INFO ] Training neural net (pass 165)
2018-02-02 17:33:55,927 [steps/libs/nnet3/train/frame_level_objf/common.py:267 - train_one_iteration - INFO ] On iteration 165, learning rate is 0.00128371409061.
2018-02-02 17:33:58,934 [steps/libs/nnet3/train/frame_level_objf/common.py:201 - train_one_iteration - INFO ] Training neural net (pass 166)
2018-02-02 17:33:58,940 [steps/libs/nnet3/train/frame_level_objf/common.py:267 - train_one_iteration - INFO ] On iteration 166, learning rate is 0.00128250324361.
2018-02-02 17:34:02,007 [steps/libs/nnet3/train/frame_level_objf/common.py:201 - train_one_iteration - INFO ] Training neural net (pass 167)
2018-02-02 17:34:02,012 [steps/libs/nnet3/train/frame_level_objf/common.py:267 - train_one_iteration - INFO ] On iteration 167, learning rate is 0.00128129353873.
2018-02-02 17:34:05,050 [steps/libs/nnet3/train/frame_level_objf/common.py:201 - train_one_iteration - INFO ] Training neural net (pass 168)
2018-02-02 17:34:05,055 [steps/libs/nnet3/train/frame_level_objf/common.py:267 - train_one_iteration - INFO ] On iteration 168, learning rate is 0.00128008497489.
2018-02-02 17:34:08,172 [steps/libs/nnet3/train/frame_level_objf/common.py:201 - train_one_iteration - INFO ] Training neural net (pass 169)
2018-02-02 17:34:08,178 [steps/libs/nnet3/train/frame_level_objf/common.py:267 - train_one_iteration - INFO ] On iteration 169, learning rate is 0.00127887755101.
2018-02-02 17:34:11,118 [steps/libs/nnet3/train/frame_level_objf/common.py:201 - train_one_iteration - INFO ] Training neural net (pass 170)
2018-02-02 17:34:11,124 [steps/libs/nnet3/train/frame_level_objf/common.py:267 - train_one_iteration - INFO ] On iteration 170, learning rate is 0.00127767126602.
2018-02-02 17:34:14,094 [steps/libs/nnet3/train/frame_level_objf/common.py:201 - train_one_iteration - INFO ] Training neural net (pass 171)
2018-02-02 17:34:14,100 [steps/libs/nnet3/train/frame_level_objf/common.py:267 - train_one_iteration - INFO ] On iteration 171, learning rate is 0.00127646611884.
2018-02-02 17:34:17,118 [steps/libs/nnet3/train/frame_level_objf/common.py:201 - train_one_iteration - INFO ] Training neural net (pass 172)
2018-02-02 17:34:17,124 [steps/libs/nnet3/train/frame_level_objf/common.py:267 - train_one_iteration - INFO ] On iteration 172, learning rate is 0.0012752621084.
2018-02-02 17:34:20,309 [steps/libs/nnet3/train/frame_level_objf/common.py:201 - train_one_iteration - INFO ] Training neural net (pass 173)
2018-02-02 17:34:20,315 [steps/libs/nnet3/train/frame_level_objf/common.py:267 - train_one_iteration - INFO ] On iteration 173, learning rate is 0.00127405923363.
2018-02-02 17:34:23,555 [steps/libs/nnet3/train/frame_level_objf/common.py:201 - train_one_iteration - INFO ] Training neural net (pass 174)
2018-02-02 17:34:23,561 [steps/libs/nnet3/train/frame_level_objf/common.py:267 - train_one_iteration - INFO ] On iteration 174, learning rate is 0.00127285749346.
2018-02-02 17:34:26,822 [steps/libs/nnet3/train/frame_level_objf/common.py:201 - train_one_iteration - INFO ] Training neural net (pass 175)
2018-02-02 17:34:26,827 [steps/libs/nnet3/train/frame_level_objf/common.py:267 - train_one_iteration - INFO ] On iteration 175, learning rate is 0.00127165688681.
2018-02-02 17:34:30,029 [steps/libs/nnet3/train/frame_level_objf/common.py:201 - train_one_iteration - INFO ] Training neural net (pass 176)
2018-02-02 17:34:30,034 [steps/libs/nnet3/train/frame_level_objf/common.py:267 - train_one_iteration - INFO ] On iteration 176, learning rate is 0.00127045741262.
2018-02-02 17:34:33,324 [steps/libs/nnet3/train/frame_level_objf/common.py:201 - train_one_iteration - INFO ] Training neural net (pass 177)
2018-02-02 17:34:33,329 [steps/libs/nnet3/train/frame_level_objf/common.py:267 - train_one_iteration - INFO ] On iteration 177, learning rate is 0.00126925906981.
2018-02-02 17:34:36,447 [steps/libs/nnet3/train/frame_level_objf/common.py:201 - train_one_iteration - INFO ] Training neural net (pass 178)
2018-02-02 17:34:36,453 [steps/libs/nnet3/train/frame_level_objf/common.py:267 - train_one_iteration - INFO ] On iteration 178, learning rate is 0.00126806185733.
2018-02-02 17:34:39,649 [steps/libs/nnet3/train/frame_level_objf/common.py:201 - train_one_iteration - INFO ] Training neural net (pass 179)
2018-02-02 17:34:39,655 [steps/libs/nnet3/train/frame_level_objf/common.py:267 - train_one_iteration - INFO ] On iteration 179, learning rate is 0.00126686577411.
2018-02-02 17:34:42,927 [steps/libs/nnet3/train/frame_level_objf/common.py:201 - train_one_iteration - INFO ] Training neural net (pass 180)
2018-02-02 17:34:42,933 [steps/libs/nnet3/train/frame_level_objf/common.py:267 - train_one_iteration - INFO ] On iteration 180, learning rate is 0.00126567081907.
2018-02-02 17:34:46,280 [steps/libs/nnet3/train/frame_level_objf/common.py:201 - train_one_iteration - INFO ] Training neural net (pass 181)
2018-02-02 17:34:46,286 [steps/libs/nnet3/train/frame_level_objf/common.py:267 - train_one_iteration - INFO ] On iteration 181, learning rate is 0.00126447699116.
2018-02-02 17:34:49,566 [steps/libs/nnet3/train/frame_level_objf/common.py:201 - train_one_iteration - INFO ] Training neural net (pass 182)
2018-02-02 17:34:49,572 [steps/libs/nnet3/train/frame_level_objf/common.py:267 - train_one_iteration - INFO ] On iteration 182, learning rate is 0.00126328428931.
2018-02-02 17:34:52,826 [steps/libs/nnet3/train/frame_level_objf/common.py:201 - train_one_iteration - INFO ] Training neural net (pass 183)
2018-02-02 17:34:52,832 [steps/libs/nnet3/train/frame_level_objf/common.py:267 - train_one_iteration - INFO ] On iteration 183, learning rate is 0.00126209271247.
2018-02-02 17:34:56,143 [steps/libs/nnet3/train/frame_level_objf/common.py:201 - train_one_iteration - INFO ] Training neural net (pass 184)
2018-02-02 17:34:56,149 [steps/libs/nnet3/train/frame_level_objf/common.py:267 - train_one_iteration - INFO ] On iteration 184, learning rate is 0.00126090225956.
2018-02-02 17:34:59,474 [steps/libs/nnet3/train/frame_level_objf/common.py:201 - train_one_iteration - INFO ] Training neural net (pass 185)
2018-02-02 17:34:59,480 [steps/libs/nnet3/train/frame_level_objf/common.py:267 - train_one_iteration - INFO ] On iteration 185, learning rate is 0.00125971292954.
2018-02-02 17:35:02,773 [steps/libs/nnet3/train/frame_level_objf/common.py:201 - train_one_iteration - INFO ] Training neural net (pass 186)
2018-02-02 17:35:02,779 [steps/libs/nnet3/train/frame_level_objf/common.py:267 - train_one_iteration - INFO ] On iteration 186, learning rate is 0.00125852472133.
2018-02-02 17:35:06,119 [steps/libs/nnet3/train/frame_level_objf/common.py:201 - train_one_iteration - INFO ] Training neural net (pass 187)
2018-02-02 17:35:06,125 [steps/libs/nnet3/train/frame_level_objf/common.py:267 - train_one_iteration - INFO ] On iteration 187, learning rate is 0.00125733763389.
2018-02-02 17:35:09,404 [steps/libs/nnet3/train/frame_level_objf/common.py:201 - train_one_iteration - INFO ] Training neural net (pass 188)
2018-02-02 17:35:09,410 [steps/libs/nnet3/train/frame_level_objf/common.py:267 - train_one_iteration - INFO ] On iteration 188, learning rate is 0.00125615166615.
2018-02-02 17:35:12,726 [steps/libs/nnet3/train/frame_level_objf/common.py:201 - train_one_iteration - INFO ] Training neural net (pass 189)
2018-02-02 17:35:12,731 [steps/libs/nnet3/train/frame_level_objf/common.py:267 - train_one_iteration - INFO ] On iteration 189, learning rate is 0.00125496681706.
2018-02-02 17:35:16,055 [steps/libs/nnet3/train/frame_level_objf/common.py:201 - train_one_iteration - INFO ] Training neural net (pass 190)
2018-02-02 17:35:16,061 [steps/libs/nnet3/train/frame_level_objf/common.py:267 - train_one_iteration - INFO ] On iteration 190, learning rate is 0.00125378308556.
2018-02-02 17:35:19,348 [steps/libs/nnet3/train/frame_level_objf/common.py:201 - train_one_iteration - INFO ] Training neural net (pass 191)
2018-02-02 17:35:19,354 [steps/libs/nnet3/train/frame_level_objf/common.py:267 - train_one_iteration - INFO ] On iteration 191, learning rate is 0.00125260047061.
2018-02-02 17:35:22,696 [steps/libs/nnet3/train/frame_level_objf/common.py:201 - train_one_iteration - INFO ] Training neural net (pass 192)
2018-02-02 17:35:22,701 [steps/libs/nnet3/train/frame_level_objf/common.py:267 - train_one_iteration - INFO ] On iteration 192, learning rate is 0.00125141897114.
2018-02-02 17:35:25,967 [steps/libs/nnet3/train/frame_level_objf/common.py:201 - train_one_iteration - INFO ] Training neural net (pass 193)
2018-02-02 17:35:25,972 [steps/libs/nnet3/train/frame_level_objf/common.py:267 - train_one_iteration - INFO ] On iteration 193, learning rate is 0.0012502385861.
2018-02-02 17:35:29,232 [steps/libs/nnet3/train/frame_level_objf/common.py:201 - train_one_iteration - INFO ] Training neural net (pass 194)
2018-02-02 17:35:29,238 [steps/libs/nnet3/train/frame_level_objf/common.py:267 - train_one_iteration - INFO ] On iteration 194, learning rate is 0.00124905931445.
2018-02-02 17:35:32,514 [steps/libs/nnet3/train/frame_level_objf/common.py:201 - train_one_iteration - INFO ] Training neural net (pass 195)
2018-02-02 17:35:32,520 [steps/libs/nnet3/train/frame_level_objf/common.py:267 - train_one_iteration - INFO ] On iteration 195, learning rate is 0.00124788115513.
2018-02-02 17:35:35,854 [steps/libs/nnet3/train/frame_level_objf/common.py:201 - train_one_iteration - INFO ] Training neural net (pass 196)
2018-02-02 17:35:35,860 [steps/libs/nnet3/train/frame_level_objf/common.py:267 - train_one_iteration - INFO ] On iteration 196, learning rate is 0.0012467041071.
2018-02-02 17:35:39,125 [steps/libs/nnet3/train/frame_level_objf/common.py:201 - train_one_iteration - INFO ] Training neural net (pass 197)
2018-02-02 17:35:39,131 [steps/libs/nnet3/train/frame_level_objf/common.py:267 - train_one_iteration - INFO ] On iteration 197, learning rate is 0.0012455281693.
2018-02-02 17:35:42,414 [steps/libs/nnet3/train/frame_level_objf/common.py:201 - train_one_iteration - INFO ] Training neural net (pass 198)
2018-02-02 17:35:42,419 [steps/libs/nnet3/train/frame_level_objf/common.py:267 - train_one_iteration - INFO ] On iteration 198, learning rate is 0.00124435334068.
2018-02-02 17:35:45,671 [steps/libs/nnet3/train/frame_level_objf/common.py:201 - train_one_iteration - INFO ] Training neural net (pass 199)
2018-02-02 17:35:45,677 [steps/libs/nnet3/train/frame_level_objf/common.py:267 - train_one_iteration - INFO ] On iteration 199, learning rate is 0.00124317962022.
2018-02-02 17:35:48,942 [steps/libs/nnet3/train/frame_level_objf/common.py:201 - train_one_iteration - INFO ] Training neural net (pass 200)
2018-02-02 17:35:48,948 [steps/libs/nnet3/train/frame_level_objf/common.py:267 - train_one_iteration - INFO ] On iteration 200, learning rate is 0.00124200700684.
2018-02-02 17:35:52,445 [steps/libs/nnet3/train/frame_level_objf/common.py:201 - train_one_iteration - INFO ] Training neural net (pass 201)
2018-02-02 17:35:52,450 [steps/libs/nnet3/train/frame_level_objf/common.py:267 - train_one_iteration - INFO ] On iteration 201, learning rate is 0.00124083549952.
2018-02-02 17:35:55,758 [steps/libs/nnet3/train/frame_level_objf/common.py:201 - train_one_iteration - INFO ] Training neural net (pass 202)
2018-02-02 17:35:55,764 [steps/libs/nnet3/train/frame_level_objf/common.py:267 - train_one_iteration - INFO ] On iteration 202, learning rate is 0.00123966509721.
2018-02-02 17:35:59,119 [steps/libs/nnet3/train/frame_level_objf/common.py:201 - train_one_iteration - INFO ] Training neural net (pass 203)
2018-02-02 17:35:59,125 [steps/libs/nnet3/train/frame_level_objf/common.py:267 - train_one_iteration - INFO ] On iteration 203, learning rate is 0.00123849579887.
2018-02-02 17:36:02,379 [steps/libs/nnet3/train/frame_level_objf/common.py:201 - train_one_iteration - INFO ] Training neural net (pass 204)
2018-02-02 17:36:02,385 [steps/libs/nnet3/train/frame_level_objf/common.py:267 - train_one_iteration - INFO ] On iteration 204, learning rate is 0.00123732760345.
2018-02-02 17:36:05,729 [steps/libs/nnet3/train/frame_level_objf/common.py:201 - train_one_iteration - INFO ] Training neural net (pass 205)
2018-02-02 17:36:05,735 [steps/libs/nnet3/train/frame_level_objf/common.py:267 - train_one_iteration - INFO ] On iteration 205, learning rate is 0.00123616050992.
2018-02-02 17:36:09,083 [steps/libs/nnet3/train/frame_level_objf/common.py:201 - train_one_iteration - INFO ] Training neural net (pass 206)
2018-02-02 17:36:09,089 [steps/libs/nnet3/train/frame_level_objf/common.py:267 - train_one_iteration - INFO ] On iteration 206, learning rate is 0.00123499451724.
2018-02-02 17:36:12,360 [steps/libs/nnet3/train/frame_level_objf/common.py:201 - train_one_iteration - INFO ] Training neural net (pass 207)
2018-02-02 17:36:12,366 [steps/libs/nnet3/train/frame_level_objf/common.py:267 - train_one_iteration - INFO ] On iteration 207, learning rate is 0.00123382962436.
2018-02-02 17:36:15,728 [steps/libs/nnet3/train/frame_level_objf/common.py:201 - train_one_iteration - INFO ] Training neural net (pass 208)
2018-02-02 17:36:15,734 [steps/libs/nnet3/train/frame_level_objf/common.py:267 - train_one_iteration - INFO ] On iteration 208, learning rate is 0.00123266583025.
2018-02-02 17:36:19,025 [steps/libs/nnet3/train/frame_level_objf/common.py:201 - train_one_iteration - INFO ] Training neural net (pass 209)
2018-02-02 17:36:19,030 [steps/libs/nnet3/train/frame_level_objf/common.py:267 - train_one_iteration - INFO ] On iteration 209, learning rate is 0.00123150313388.
2018-02-02 17:36:22,350 [steps/libs/nnet3/train/frame_level_objf/common.py:201 - train_one_iteration - INFO ] Training neural net (pass 210)
2018-02-02 17:36:22,356 [steps/libs/nnet3/train/frame_level_objf/common.py:267 - train_one_iteration - INFO ] On iteration 210, learning rate is 0.0012303415342.
2018-02-02 17:36:25,613 [steps/libs/nnet3/train/frame_level_objf/common.py:201 - train_one_iteration - INFO ] Training neural net (pass 211)
2018-02-02 17:36:25,619 [steps/libs/nnet3/train/frame_level_objf/common.py:267 - train_one_iteration - INFO ] On iteration 211, learning rate is 0.00122918103019.
2018-02-02 17:36:28,815 [steps/libs/nnet3/train/frame_level_objf/common.py:201 - train_one_iteration - INFO ] Training neural net (pass 212)
2018-02-02 17:36:28,821 [steps/libs/nnet3/train/frame_level_objf/common.py:267 - train_one_iteration - INFO ] On iteration 212, learning rate is 0.00122802162081.
2018-02-02 17:36:32,128 [steps/libs/nnet3/train/frame_level_objf/common.py:201 - train_one_iteration - INFO ] Training neural net (pass 213)
2018-02-02 17:36:32,134 [steps/libs/nnet3/train/frame_level_objf/common.py:267 - train_one_iteration - INFO ] On iteration 213, learning rate is 0.00122686330503.
2018-02-02 17:36:35,445 [steps/libs/nnet3/train/frame_level_objf/common.py:201 - train_one_iteration - INFO ] Training neural net (pass 214)
2018-02-02 17:36:35,451 [steps/libs/nnet3/train/frame_level_objf/common.py:267 - train_one_iteration - INFO ] On iteration 214, learning rate is 0.00122570608181.
2018-02-02 17:36:38,732 [steps/libs/nnet3/train/frame_level_objf/common.py:201 - train_one_iteration - INFO ] Training neural net (pass 215)
2018-02-02 17:36:38,737 [steps/libs/nnet3/train/frame_level_objf/common.py:267 - train_one_iteration - INFO ] On iteration 215, learning rate is 0.00122454995014.
2018-02-02 17:36:41,976 [steps/libs/nnet3/train/frame_level_objf/common.py:201 - train_one_iteration - INFO ] Training neural net (pass 216)
2018-02-02 17:36:41,982 [steps/libs/nnet3/train/frame_level_objf/common.py:267 - train_one_iteration - INFO ] On iteration 216, learning rate is 0.00122339490896.
2018-02-02 17:36:45,252 [steps/libs/nnet3/train/frame_level_objf/common.py:201 - train_one_iteration - INFO ] Training neural net (pass 217)
2018-02-02 17:36:45,258 [steps/libs/nnet3/train/frame_level_objf/common.py:267 - train_one_iteration - INFO ] On iteration 217, learning rate is 0.00122224095727.
2018-02-02 17:36:48,524 [steps/libs/nnet3/train/frame_level_objf/common.py:201 - train_one_iteration - INFO ] Training neural net (pass 218)
2018-02-02 17:36:48,529 [steps/libs/nnet3/train/frame_level_objf/common.py:267 - train_one_iteration - INFO ] On iteration 218, learning rate is 0.00122108809402.
2018-02-02 17:36:51,756 [steps/libs/nnet3/train/frame_level_objf/common.py:201 - train_one_iteration - INFO ] Training neural net (pass 219)
2018-02-02 17:36:51,762 [steps/libs/nnet3/train/frame_level_objf/common.py:267 - train_one_iteration - INFO ] On iteration 219, learning rate is 0.0012199363182.
2018-02-02 17:36:54,947 [steps/libs/nnet3/train/frame_level_objf/common.py:201 - train_one_iteration - INFO ] Training neural net (pass 220)
2018-02-02 17:36:54,953 [steps/libs/nnet3/train/frame_level_objf/common.py:267 - train_one_iteration - INFO ] On iteration 220, learning rate is 0.00121878562878.
2018-02-02 17:36:58,342 [steps/libs/nnet3/train/frame_level_objf/common.py:201 - train_one_iteration - INFO ] Training neural net (pass 221)
2018-02-02 17:36:58,348 [steps/libs/nnet3/train/frame_level_objf/common.py:267 - train_one_iteration - INFO ] On iteration 221, learning rate is 0.00121763602473.
2018-02-02 17:37:01,583 [steps/libs/nnet3/train/frame_level_objf/common.py:201 - train_one_iteration - INFO ] Training neural net (pass 222)
2018-02-02 17:37:01,589 [steps/libs/nnet3/train/frame_level_objf/common.py:267 - train_one_iteration - INFO ] On iteration 222, learning rate is 0.00121648750503.
2018-02-02 17:37:04,086 [steps/libs/nnet3/train/frame_level_objf/common.py:201 - train_one_iteration - INFO ] Training neural net (pass 223)
2018-02-02 17:37:04,092 [steps/libs/nnet3/train/frame_level_objf/common.py:267 - train_one_iteration - INFO ] On iteration 223, learning rate is 0.00121534006865.
2018-02-02 17:37:07,247 [steps/libs/nnet3/train/frame_level_objf/common.py:201 - train_one_iteration - INFO ] Training neural net (pass 224)
2018-02-02 17:37:07,253 [steps/libs/nnet3/train/frame_level_objf/common.py:267 - train_one_iteration - INFO ] On iteration 224, learning rate is 0.00121419371459.
2018-02-02 17:37:10,446 [steps/libs/nnet3/train/frame_level_objf/common.py:201 - train_one_iteration - INFO ] Training neural net (pass 225)
2018-02-02 17:37:10,452 [steps/libs/nnet3/train/frame_level_objf/common.py:267 - train_one_iteration - INFO ] On iteration 225, learning rate is 0.0012130484418.
2018-02-02 17:37:13,660 [steps/libs/nnet3/train/frame_level_objf/common.py:201 - train_one_iteration - INFO ] Training neural net (pass 226)
2018-02-02 17:37:13,666 [steps/libs/nnet3/train/frame_level_objf/common.py:267 - train_one_iteration - INFO ] On iteration 226, learning rate is 0.00121190424928.
2018-02-02 17:37:16,881 [steps/libs/nnet3/train/frame_level_objf/common.py:201 - train_one_iteration - INFO ] Training neural net (pass 227)
2018-02-02 17:37:16,886 [steps/libs/nnet3/train/frame_level_objf/common.py:267 - train_one_iteration - INFO ] On iteration 227, learning rate is 0.001210761136.
2018-02-02 17:37:20,128 [steps/libs/nnet3/train/frame_level_objf/common.py:201 - train_one_iteration - INFO ] Training neural net (pass 228)
2018-02-02 17:37:20,134 [steps/libs/nnet3/train/frame_level_objf/common.py:267 - train_one_iteration - INFO ] On iteration 228, learning rate is 0.00120961910095.
2018-02-02 17:37:23,373 [steps/libs/nnet3/train/frame_level_objf/common.py:201 - train_one_iteration - INFO ] Training neural net (pass 229)
2018-02-02 17:37:23,379 [steps/libs/nnet3/train/frame_level_objf/common.py:267 - train_one_iteration - INFO ] On iteration 229, learning rate is 0.00120847814312.
2018-02-02 17:37:26,629 [steps/libs/nnet3/train/frame_level_objf/common.py:201 - train_one_iteration - INFO ] Training neural net (pass 230)
2018-02-02 17:37:26,634 [steps/libs/nnet3/train/frame_level_objf/common.py:267 - train_one_iteration - INFO ] On iteration 230, learning rate is 0.00120733826147.
2018-02-02 17:37:29,823 [steps/libs/nnet3/train/frame_level_objf/common.py:201 - train_one_iteration - INFO ] Training neural net (pass 231)
2018-02-02 17:37:29,829 [steps/libs/nnet3/train/frame_level_objf/common.py:267 - train_one_iteration - INFO ] On iteration 231, learning rate is 0.001206199455.
2018-02-02 17:37:33,055 [steps/libs/nnet3/train/frame_level_objf/common.py:201 - train_one_iteration - INFO ] Training neural net (pass 232)
2018-02-02 17:37:33,061 [steps/libs/nnet3/train/frame_level_objf/common.py:267 - train_one_iteration - INFO ] On iteration 232, learning rate is 0.0012050617227.
2018-02-02 17:37:36,277 [steps/libs/nnet3/train/frame_level_objf/common.py:201 - train_one_iteration - INFO ] Training neural net (pass 233)
2018-02-02 17:37:36,283 [steps/libs/nnet3/train/frame_level_objf/common.py:267 - train_one_iteration - INFO ] On iteration 233, learning rate is 0.00120392506355.
2018-02-02 17:37:39,470 [steps/libs/nnet3/train/frame_level_objf/common.py:201 - train_one_iteration - INFO ] Training neural net (pass 234)
2018-02-02 17:37:39,476 [steps/libs/nnet3/train/frame_level_objf/common.py:267 - train_one_iteration - INFO ] On iteration 234, learning rate is 0.00120278947654.
2018-02-02 17:37:42,703 [steps/libs/nnet3/train/frame_level_objf/common.py:201 - train_one_iteration - INFO ] Training neural net (pass 235)
2018-02-02 17:37:42,709 [steps/libs/nnet3/train/frame_level_objf/common.py:267 - train_one_iteration - INFO ] On iteration 235, learning rate is 0.00120165496066.
2018-02-02 17:37:45,901 [steps/libs/nnet3/train/frame_level_objf/common.py:201 - train_one_iteration - INFO ] Training neural net (pass 236)
2018-02-02 17:37:45,906 [steps/libs/nnet3/train/frame_level_objf/common.py:267 - train_one_iteration - INFO ] On iteration 236, learning rate is 0.00120052151489.
2018-02-02 17:37:49,115 [steps/libs/nnet3/train/frame_level_objf/common.py:201 - train_one_iteration - INFO ] Training neural net (pass 237)
2018-02-02 17:37:49,121 [steps/libs/nnet3/train/frame_level_objf/common.py:267 - train_one_iteration - INFO ] On iteration 237, learning rate is 0.00119938913824.
2018-02-02 17:37:52,331 [steps/libs/nnet3/train/frame_level_objf/common.py:201 - train_one_iteration - INFO ] Training neural net (pass 238)
2018-02-02 17:37:52,336 [steps/libs/nnet3/train/frame_level_objf/common.py:267 - train_one_iteration - INFO ] On iteration 238, learning rate is 0.00119825782968.
2018-02-02 17:37:55,483 [steps/libs/nnet3/train/frame_level_objf/common.py:201 - train_one_iteration - INFO ] Training neural net (pass 239)
2018-02-02 17:37:55,489 [steps/libs/nnet3/train/frame_level_objf/common.py:267 - train_one_iteration - INFO ] On iteration 239, learning rate is 0.00119712758822.
2018-02-02 17:37:58,735 [steps/libs/nnet3/train/frame_level_objf/common.py:201 - train_one_iteration - INFO ] Training neural net (pass 240)
2018-02-02 17:37:58,740 [steps/libs/nnet3/train/frame_level_objf/common.py:267 - train_one_iteration - INFO ] On iteration 240, learning rate is 0.00119599841284.
2018-02-02 17:38:02,191 [steps/libs/nnet3/train/frame_level_objf/common.py:201 - train_one_iteration - INFO ] Training neural net (pass 241)
2018-02-02 17:38:02,197 [steps/libs/nnet3/train/frame_level_objf/common.py:267 - train_one_iteration - INFO ] On iteration 241, learning rate is 0.00119487030254.
2018-02-02 17:38:05,362 [steps/libs/nnet3/train/frame_level_objf/common.py:201 - train_one_iteration - INFO ] Training neural net (pass 242)
2018-02-02 17:38:05,367 [steps/libs/nnet3/train/frame_level_objf/common.py:267 - train_one_iteration - INFO ] On iteration 242, learning rate is 0.00119374325632.
2018-02-02 17:38:08,587 [steps/libs/nnet3/train/frame_level_objf/common.py:201 - train_one_iteration - INFO ] Training neural net (pass 243)
2018-02-02 17:38:08,592 [steps/libs/nnet3/train/frame_level_objf/common.py:267 - train_one_iteration - INFO ] On iteration 243, learning rate is 0.00119261727317.
2018-02-02 17:38:11,881 [steps/libs/nnet3/train/frame_level_objf/common.py:201 - train_one_iteration - INFO ] Training neural net (pass 244)
2018-02-02 17:38:11,887 [steps/libs/nnet3/train/frame_level_objf/common.py:267 - train_one_iteration - INFO ] On iteration 244, learning rate is 0.00119149235209.
2018-02-02 17:38:15,138 [steps/libs/nnet3/train/frame_level_objf/common.py:201 - train_one_iteration - INFO ] Training neural net (pass 245)
2018-02-02 17:38:15,144 [steps/libs/nnet3/train/frame_level_objf/common.py:267 - train_one_iteration - INFO ] On iteration 245, learning rate is 0.00119036849207.
2018-02-02 17:38:18,396 [steps/libs/nnet3/train/frame_level_objf/common.py:201 - train_one_iteration - INFO ] Training neural net (pass 246)
2018-02-02 17:38:18,401 [steps/libs/nnet3/train/frame_level_objf/common.py:267 - train_one_iteration - INFO ] On iteration 246, learning rate is 0.00118924569213.
2018-02-02 17:38:21,708 [steps/libs/nnet3/train/frame_level_objf/common.py:201 - train_one_iteration - INFO ] Training neural net (pass 247)
2018-02-02 17:38:21,714 [steps/libs/nnet3/train/frame_level_objf/common.py:267 - train_one_iteration - INFO ] On iteration 247, learning rate is 0.00118812395125.
2018-02-02 17:38:24,977 [steps/libs/nnet3/train/frame_level_objf/common.py:201 - train_one_iteration - INFO ] Training neural net (pass 248)
2018-02-02 17:38:24,983 [steps/libs/nnet3/train/frame_level_objf/common.py:267 - train_one_iteration - INFO ] On iteration 248, learning rate is 0.00118700326843.
2018-02-02 17:38:28,275 [steps/libs/nnet3/train/frame_level_objf/common.py:201 - train_one_iteration - INFO ] Training neural net (pass 249)
2018-02-02 17:38:28,280 [steps/libs/nnet3/train/frame_level_objf/common.py:267 - train_one_iteration - INFO ] On iteration 249, learning rate is 0.00118588364269.
2018-02-02 17:38:31,609 [steps/libs/nnet3/train/frame_level_objf/common.py:201 - train_one_iteration - INFO ] Training neural net (pass 250)
2018-02-02 17:38:31,615 [steps/libs/nnet3/train/frame_level_objf/common.py:267 - train_one_iteration - INFO ] On iteration 250, learning rate is 0.00118476507302.
2018-02-02 17:38:34,940 [steps/libs/nnet3/train/frame_level_objf/common.py:201 - train_one_iteration - INFO ] Training neural net (pass 251)
2018-02-02 17:38:34,946 [steps/libs/nnet3/train/frame_level_objf/common.py:267 - train_one_iteration - INFO ] On iteration 251, learning rate is 0.00118364755843.
2018-02-02 17:38:38,250 [steps/libs/nnet3/train/frame_level_objf/common.py:201 - train_one_iteration - INFO ] Training neural net (pass 252)
2018-02-02 17:38:38,256 [steps/libs/nnet3/train/frame_level_objf/common.py:267 - train_one_iteration - INFO ] On iteration 252, learning rate is 0.00118253109792.
2018-02-02 17:38:41,573 [steps/libs/nnet3/train/frame_level_objf/common.py:201 - train_one_iteration - INFO ] Training neural net (pass 253)
2018-02-02 17:38:41,579 [steps/libs/nnet3/train/frame_level_objf/common.py:267 - train_one_iteration - INFO ] On iteration 253, learning rate is 0.00118141569049.
2018-02-02 17:38:44,884 [steps/libs/nnet3/train/frame_level_objf/common.py:201 - train_one_iteration - INFO ] Training neural net (pass 254)
2018-02-02 17:38:44,890 [steps/libs/nnet3/train/frame_level_objf/common.py:267 - train_one_iteration - INFO ] On iteration 254, learning rate is 0.00118030133516.
2018-02-02 17:38:48,227 [steps/libs/nnet3/train/frame_level_objf/common.py:201 - train_one_iteration - INFO ] Training neural net (pass 255)
2018-02-02 17:38:48,233 [steps/libs/nnet3/train/frame_level_objf/common.py:267 - train_one_iteration - INFO ] On iteration 255, learning rate is 0.00117918803093.
2018-02-02 17:38:51,650 [steps/libs/nnet3/train/frame_level_objf/common.py:201 - train_one_iteration - INFO ] Training neural net (pass 256)
2018-02-02 17:38:51,656 [steps/libs/nnet3/train/frame_level_objf/common.py:267 - train_one_iteration - INFO ] On iteration 256, learning rate is 0.00117807577681.
2018-02-02 17:38:54,987 [steps/libs/nnet3/train/frame_level_objf/common.py:201 - train_one_iteration - INFO ] Training neural net (pass 257)
2018-02-02 17:38:54,993 [steps/libs/nnet3/train/frame_level_objf/common.py:267 - train_one_iteration - INFO ] On iteration 257, learning rate is 0.00117696457181.
2018-02-02 17:38:58,241 [steps/libs/nnet3/train/frame_level_objf/common.py:201 - train_one_iteration - INFO ] Training neural net (pass 258)
2018-02-02 17:38:58,247 [steps/libs/nnet3/train/frame_level_objf/common.py:267 - train_one_iteration - INFO ] On iteration 258, learning rate is 0.00117585441494.
2018-02-02 17:39:01,487 [steps/libs/nnet3/train/frame_level_objf/common.py:201 - train_one_iteration - INFO ] Training neural net (pass 259)
2018-02-02 17:39:01,493 [steps/libs/nnet3/train/frame_level_objf/common.py:267 - train_one_iteration - INFO ] On iteration 259, learning rate is 0.00117474530522.
2018-02-02 17:39:04,667 [steps/libs/nnet3/train/frame_level_objf/common.py:201 - train_one_iteration - INFO ] Training neural net (pass 260)
2018-02-02 17:39:04,674 [steps/libs/nnet3/train/frame_level_objf/common.py:267 - train_one_iteration - INFO ] On iteration 260, learning rate is 0.00117363724164.
2018-02-02 17:39:08,003 [steps/libs/nnet3/train/frame_level_objf/common.py:201 - train_one_iteration - INFO ] Training neural net (pass 261)
2018-02-02 17:39:08,011 [steps/libs/nnet3/train/frame_level_objf/common.py:267 - train_one_iteration - INFO ] On iteration 261, learning rate is 0.00117253022323.
2018-02-02 17:39:11,047 [steps/libs/nnet3/train/frame_level_objf/common.py:201 - train_one_iteration - INFO ] Training neural net (pass 262)
2018-02-02 17:39:11,053 [steps/libs/nnet3/train/frame_level_objf/common.py:267 - train_one_iteration - INFO ] On iteration 262, learning rate is 0.00117142424901.
2018-02-02 17:39:14,248 [steps/libs/nnet3/train/frame_level_objf/common.py:201 - train_one_iteration - INFO ] Training neural net (pass 263)
2018-02-02 17:39:14,254 [steps/libs/nnet3/train/frame_level_objf/common.py:267 - train_one_iteration - INFO ] On iteration 263, learning rate is 0.00117031931798.
2018-02-02 17:39:17,396 [steps/libs/nnet3/train/frame_level_objf/common.py:201 - train_one_iteration - INFO ] Training neural net (pass 264)
2018-02-02 17:39:17,401 [steps/libs/nnet3/train/frame_level_objf/common.py:267 - train_one_iteration - INFO ] On iteration 264, learning rate is 0.00116921542916.
2018-02-02 17:39:20,525 [steps/libs/nnet3/train/frame_level_objf/common.py:201 - train_one_iteration - INFO ] Training neural net (pass 265)
2018-02-02 17:39:20,531 [steps/libs/nnet3/train/frame_level_objf/common.py:267 - train_one_iteration - INFO ] On iteration 265, learning rate is 0.00116811258157.
2018-02-02 17:39:23,694 [steps/libs/nnet3/train/frame_level_objf/common.py:201 - train_one_iteration - INFO ] Training neural net (pass 266)
2018-02-02 17:39:23,699 [steps/libs/nnet3/train/frame_level_objf/common.py:267 - train_one_iteration - INFO ] On iteration 266, learning rate is 0.00116701077423.
2018-02-02 17:39:27,011 [steps/libs/nnet3/train/frame_level_objf/common.py:201 - train_one_iteration - INFO ] Training neural net (pass 267)
2018-02-02 17:39:27,016 [steps/libs/nnet3/train/frame_level_objf/common.py:267 - train_one_iteration - INFO ] On iteration 267, learning rate is 0.00116591000615.
2018-02-02 17:39:30,032 [steps/libs/nnet3/train/frame_level_objf/common.py:201 - train_one_iteration - INFO ] Training neural net (pass 268)
2018-02-02 17:39:30,038 [steps/libs/nnet3/train/frame_level_objf/common.py:267 - train_one_iteration - INFO ] On iteration 268, learning rate is 0.00116481027636.
2018-02-02 17:39:33,140 [steps/libs/nnet3/train/frame_level_objf/common.py:201 - train_one_iteration - INFO ] Training neural net (pass 269)
2018-02-02 17:39:33,146 [steps/libs/nnet3/train/frame_level_objf/common.py:267 - train_one_iteration - INFO ] On iteration 269, learning rate is 0.00116371158387.
2018-02-02 17:39:36,136 [steps/libs/nnet3/train/frame_level_objf/common.py:201 - train_one_iteration - INFO ] Training neural net (pass 270)
2018-02-02 17:39:36,142 [steps/libs/nnet3/train/frame_level_objf/common.py:267 - train_one_iteration - INFO ] On iteration 270, learning rate is 0.00116261392772.
2018-02-02 17:39:39,183 [steps/libs/nnet3/train/frame_level_objf/common.py:201 - train_one_iteration - INFO ] Training neural net (pass 271)
2018-02-02 17:39:39,189 [steps/libs/nnet3/train/frame_level_objf/common.py:267 - train_one_iteration - INFO ] On iteration 271, learning rate is 0.00116151730691.
2018-02-02 17:39:42,187 [steps/libs/nnet3/train/frame_level_objf/common.py:201 - train_one_iteration - INFO ] Training neural net (pass 272)
2018-02-02 17:39:42,193 [steps/libs/nnet3/train/frame_level_objf/common.py:267 - train_one_iteration - INFO ] On iteration 272, learning rate is 0.00116042172048.
2018-02-02 17:39:45,108 [steps/libs/nnet3/train/frame_level_objf/common.py:201 - train_one_iteration - INFO ] Training neural net (pass 273)
2018-02-02 17:39:45,114 [steps/libs/nnet3/train/frame_level_objf/common.py:267 - train_one_iteration - INFO ] On iteration 273, learning rate is 0.00115932716744.
2018-02-02 17:39:48,310 [steps/libs/nnet3/train/frame_level_objf/common.py:201 - train_one_iteration - INFO ] Training neural net (pass 274)
2018-02-02 17:39:48,316 [steps/libs/nnet3/train/frame_level_objf/common.py:267 - train_one_iteration - INFO ] On iteration 274, learning rate is 0.00115823364683.
2018-02-02 17:39:51,281 [steps/libs/nnet3/train/frame_level_objf/common.py:201 - train_one_iteration - INFO ] Training neural net (pass 275)
2018-02-02 17:39:51,287 [steps/libs/nnet3/train/frame_level_objf/common.py:267 - train_one_iteration - INFO ] On iteration 275, learning rate is 0.00115714115767.
2018-02-02 17:39:54,338 [steps/libs/nnet3/train/frame_level_objf/common.py:201 - train_one_iteration - INFO ] Training neural net (pass 276)
2018-02-02 17:39:54,344 [steps/libs/nnet3/train/frame_level_objf/common.py:267 - train_one_iteration - INFO ] On iteration 276, learning rate is 0.00115604969898.
2018-02-02 17:39:57,318 [steps/libs/nnet3/train/frame_level_objf/common.py:201 - train_one_iteration - INFO ] Training neural net (pass 277)
2018-02-02 17:39:57,329 [steps/libs/nnet3/train/frame_level_objf/common.py:267 - train_one_iteration - INFO ] On iteration 277, learning rate is 0.0011549592698.
2018-02-02 17:40:00,353 [steps/libs/nnet3/train/frame_level_objf/common.py:201 - train_one_iteration - INFO ] Training neural net (pass 278)
2018-02-02 17:40:00,361 [steps/libs/nnet3/train/frame_level_objf/common.py:267 - train_one_iteration - INFO ] On iteration 278, learning rate is 0.00115386986915.
2018-02-02 17:40:03,432 [steps/libs/nnet3/train/frame_level_objf/common.py:201 - train_one_iteration - INFO ] Training neural net (pass 279)
2018-02-02 17:40:03,438 [steps/libs/nnet3/train/frame_level_objf/common.py:267 - train_one_iteration - INFO ] On iteration 279, learning rate is 0.00115278149607.
