
####==========================####
#### TRAINING AUDIO DATA PREP ####
####==========================####

./run_gmm.sh: Assuming your train audio data is in /data/librispeech/audio/8k/train
./run_gmm.sh: Making soflinks to original audio data with libri-boot_ as prefix
local/prepare_audio_data.sh: looking for audio data in input_libri-boot/audio

 4.86 hours of audio for training 
 in data_libri-boot/train/wav.scp


####==========================####
#### TRAIN FEATURE EXTRACTION ####
####==========================####

MAKE PLPs:
nj=8
Source data dir: data_libri-boot/train
Destination feats dir: plp_libri-boot
Log dir: data_libri-boot/train/make_plp_log
steps/make_plp.sh --cmd utils/run.pl --nj 8 data_libri-boot/train plp_libri-boot/make_plp_log plp_libri-boot
utils/validate_data_dir.sh: Successfully validated data-directory data_libri-boot/train
steps/make_plp.sh: [info]: no segments file exists: assuming wav.scp indexed by utterance.
Succeeded creating PLP features for train
fix_data_dir.sh: kept all 1400 utterances.
fix_data_dir.sh: old files are kept in data_libri-boot/train/.backup

Succeeded creating CMVN stats for train

fix_data_dir.sh: kept all 1400 utterances.
fix_data_dir.sh: old files are kept in data_libri-boot/train/.backup
./extract_feats.sh: splitting feats into 8 subdirs
utils/validate_data_dir.sh: Successfully validated data-directory data_libri-boot/train/split8/1
utils/validate_data_dir.sh: Successfully validated data-directory data_libri-boot/train/split8/2
utils/validate_data_dir.sh: Successfully validated data-directory data_libri-boot/train/split8/3
utils/validate_data_dir.sh: Successfully validated data-directory data_libri-boot/train/split8/4
utils/validate_data_dir.sh: Successfully validated data-directory data_libri-boot/train/split8/5
utils/validate_data_dir.sh: Successfully validated data-directory data_libri-boot/train/split8/6
utils/validate_data_dir.sh: Successfully validated data-directory data_libri-boot/train/split8/7
utils/validate_data_dir.sh: Successfully validated data-directory data_libri-boot/train/split8/8

####==============####
#### Create L.fst ####
####==============####

./compile_Lfst.sh: Looking for lexicon files in input_libri-boot
./compile_Lfst.sh: Extracting phonemes from input_libri-boot/lexicon.txt and saving them to input_libri-boot/phones.txt
local/prepare_dict.sh: Creating data_libri-boot/local/dict and moving lexicon files from input_libri-boot into it.
local/prepare_dict.sh: This script really is just copy-pasting, nothing new generated.
Dictionary preparation succeeded

Checking data_libri-boot/local/dict/silence_phones.txt ...
--> reading data_libri-boot/local/dict/silence_phones.txt
--> data_libri-boot/local/dict/silence_phones.txt is OK

Checking data_libri-boot/local/dict/optional_silence.txt ...
--> reading data_libri-boot/local/dict/optional_silence.txt
--> data_libri-boot/local/dict/optional_silence.txt is OK

Checking data_libri-boot/local/dict/nonsilence_phones.txt ...
--> reading data_libri-boot/local/dict/nonsilence_phones.txt
--> data_libri-boot/local/dict/nonsilence_phones.txt is OK

Checking disjoint: silence_phones.txt, nonsilence_phones.txt
--> disjoint property is OK.

Checking data_libri-boot/local/dict/lexicon.txt
--> reading data_libri-boot/local/dict/lexicon.txt
--> data_libri-boot/local/dict/lexicon.txt is OK

Checking data_libri-boot/local/dict/extra_questions.txt ...
--> data_libri-boot/local/dict/extra_questions.txt is empty (this is OK)
--> SUCCESS [validating dictionary directory data_libri-boot/local/dict]

**Creating data_libri-boot/local/dict/lexiconp.txt from data_libri-boot/local/dict/lexicon.txt
fstaddselfloops 'echo 72 |' 'echo 7232 |' 
Checking data_libri-boot/lang/phones.txt ...
--> data_libri-boot/lang/phones.txt is OK

Checking words.txt: #0 ...
--> data_libri-boot/lang/words.txt has "#0"
--> data_libri-boot/lang/words.txt is OK

Checking disjoint: silence.txt, nonsilence.txt, disambig.txt ...
--> silence.txt and nonsilence.txt are disjoint
--> silence.txt and disambig.txt are disjoint
--> disambig.txt and nonsilence.txt are disjoint
--> disjoint property is OK

Checking sumation: silence.txt, nonsilence.txt, disambig.txt ...
--> summation property is OK

Checking data_libri-boot/lang/phones/context_indep.{txt, int, csl} ...
--> 1 entry/entries in data_libri-boot/lang/phones/context_indep.txt
--> data_libri-boot/lang/phones/context_indep.int corresponds to data_libri-boot/lang/phones/context_indep.txt
--> data_libri-boot/lang/phones/context_indep.csl corresponds to data_libri-boot/lang/phones/context_indep.txt
--> data_libri-boot/lang/phones/context_indep.{txt, int, csl} are OK

Checking data_libri-boot/lang/phones/disambig.{txt, int, csl} ...
--> 84 entry/entries in data_libri-boot/lang/phones/disambig.txt
--> data_libri-boot/lang/phones/disambig.int corresponds to data_libri-boot/lang/phones/disambig.txt
--> data_libri-boot/lang/phones/disambig.csl corresponds to data_libri-boot/lang/phones/disambig.txt
--> data_libri-boot/lang/phones/disambig.{txt, int, csl} are OK

Checking data_libri-boot/lang/phones/nonsilence.{txt, int, csl} ...
--> 70 entry/entries in data_libri-boot/lang/phones/nonsilence.txt
--> data_libri-boot/lang/phones/nonsilence.int corresponds to data_libri-boot/lang/phones/nonsilence.txt
--> data_libri-boot/lang/phones/nonsilence.csl corresponds to data_libri-boot/lang/phones/nonsilence.txt
--> data_libri-boot/lang/phones/nonsilence.{txt, int, csl} are OK

Checking data_libri-boot/lang/phones/silence.{txt, int, csl} ...
--> 1 entry/entries in data_libri-boot/lang/phones/silence.txt
--> data_libri-boot/lang/phones/silence.int corresponds to data_libri-boot/lang/phones/silence.txt
--> data_libri-boot/lang/phones/silence.csl corresponds to data_libri-boot/lang/phones/silence.txt
--> data_libri-boot/lang/phones/silence.{txt, int, csl} are OK

Checking data_libri-boot/lang/phones/optional_silence.{txt, int, csl} ...
--> 1 entry/entries in data_libri-boot/lang/phones/optional_silence.txt
--> data_libri-boot/lang/phones/optional_silence.int corresponds to data_libri-boot/lang/phones/optional_silence.txt
--> data_libri-boot/lang/phones/optional_silence.csl corresponds to data_libri-boot/lang/phones/optional_silence.txt
--> data_libri-boot/lang/phones/optional_silence.{txt, int, csl} are OK

Checking data_libri-boot/lang/phones/roots.{txt, int} ...
--> 71 entry/entries in data_libri-boot/lang/phones/roots.txt
--> data_libri-boot/lang/phones/roots.int corresponds to data_libri-boot/lang/phones/roots.txt
--> data_libri-boot/lang/phones/roots.{txt, int} are OK

Checking data_libri-boot/lang/phones/sets.{txt, int} ...
--> 71 entry/entries in data_libri-boot/lang/phones/sets.txt
--> data_libri-boot/lang/phones/sets.int corresponds to data_libri-boot/lang/phones/sets.txt
--> data_libri-boot/lang/phones/sets.{txt, int} are OK

Checking data_libri-boot/lang/phones/extra_questions.{txt, int} ...
--> WARNING: the optional data_libri-boot/lang/phones/extra_questions.{txt, int} are empty!

Checking optional_silence.txt ...
--> reading data_libri-boot/lang/phones/optional_silence.txt
--> data_libri-boot/lang/phones/optional_silence.txt is OK

Checking disambiguation symbols: #0 and #1
--> data_libri-boot/lang/phones/disambig.txt has "#0" and "#1"
--> data_libri-boot/lang/phones/disambig.txt is OK

Checking topo ...
--> data_libri-boot/lang/topo's nonsilence section is OK
--> data_libri-boot/lang/topo's silence section is OK
--> data_libri-boot/lang/topo is OK

Checking data_libri-boot/lang/oov.{txt, int} ...
--> 1 entry/entries in data_libri-boot/lang/oov.txt
--> data_libri-boot/lang/oov.int corresponds to data_libri-boot/lang/oov.txt
--> data_libri-boot/lang/oov.{txt, int} are OK

--> data_libri-boot/lang/L.fst is olabel sorted
--> data_libri-boot/lang/L_disambig.fst is olabel sorted
--> WARNING (check output above for warnings)

####===============####
#### TRAINING GMMs ####
####===============####


####===========================####
#### BEGIN TRAINING MONOPHONES ####
####===========================####

#### Train Monophones ####
### Define audio features ###
feat-to-dim 'ark,s,cs:apply-cmvn --norm-vars=true --utt2spk=ark:data_libri-boot/train/split8/1/utt2spk scp:data_libri-boot/train/split8/1/cmvn.scp scp:data_libri-boot/train/split8/1/feats.scp ark:- | add-deltas ark:- ark:- |' - 
apply-cmvn --norm-vars=true --utt2spk=ark:data_libri-boot/train/split8/1/utt2spk scp:data_libri-boot/train/split8/1/cmvn.scp scp:data_libri-boot/train/split8/1/feats.scp ark:- 
add-deltas ark:- ark:- 
WARNING (feat-to-dim[5.3.252~1-13318]:Close():kaldi-io.cc:512) Pipe apply-cmvn --norm-vars=true --utt2spk=ark:data_libri-boot/train/split8/1/utt2spk scp:data_libri-boot/train/split8/1/cmvn.scp scp:data_libri-boot/train/split8/1/feats.scp ark:- | add-deltas ark:- ark:- | had nonzero return status 36096
steps/train_mono.sh: Initializing monophone system
steps/train_mono.sh: Compiling monophone training graphs

##########################################
### BEGIN FLATSTART MONOPHONE TRAINING ###
##########################################
steps/train_mono.sh: Aligning data from flat start (pass 0)
steps/train_mono.sh: Estimating model from flat start alignments

########################################
### BEGIN MAIN EM MONOPHONE TRAINING ###
########################################

steps/train_mono.sh: Pass 1
steps/train_mono.sh: Expectation Step in EM Algorithm
steps/train_mono.sh: Maximize-Step in EM Algorithm

steps/train_mono.sh: Pass 2
steps/train_mono.sh: Expectation Step in EM Algorithm
steps/train_mono.sh: Maximize-Step in EM Algorithm

steps/train_mono.sh: Pass 3
steps/train_mono.sh: Expectation Step in EM Algorithm
steps/train_mono.sh: Maximize-Step in EM Algorithm

steps/train_mono.sh: Pass 4
steps/train_mono.sh: Expectation Step in EM Algorithm
steps/train_mono.sh: Maximize-Step in EM Algorithm

steps/train_mono.sh: Pass 5
steps/train_mono.sh: Expectation Step in EM Algorithm
steps/train_mono.sh: Maximize-Step in EM Algorithm

steps/train_mono.sh: Pass 6
steps/train_mono.sh: Expectation Step in EM Algorithm
steps/train_mono.sh: Maximize-Step in EM Algorithm

steps/train_mono.sh: Pass 7
steps/train_mono.sh: Expectation Step in EM Algorithm
steps/train_mono.sh: Maximize-Step in EM Algorithm

steps/train_mono.sh: Pass 8
steps/train_mono.sh: Expectation Step in EM Algorithm
steps/train_mono.sh: Maximize-Step in EM Algorithm

steps/train_mono.sh: Pass 9
steps/train_mono.sh: Expectation Step in EM Algorithm
steps/train_mono.sh: Maximize-Step in EM Algorithm

steps/train_mono.sh: Pass 10
steps/train_mono.sh: Expectation Step in EM Algorithm
steps/train_mono.sh: Maximize-Step in EM Algorithm

steps/train_mono.sh: Pass 11
steps/train_mono.sh: Maximize-Step in EM Algorithm

steps/train_mono.sh: Pass 12
steps/train_mono.sh: Expectation Step in EM Algorithm
steps/train_mono.sh: Maximize-Step in EM Algorithm

steps/train_mono.sh: Pass 13
steps/train_mono.sh: Maximize-Step in EM Algorithm

steps/train_mono.sh: Pass 14
steps/train_mono.sh: Expectation Step in EM Algorithm
steps/train_mono.sh: Maximize-Step in EM Algorithm

steps/train_mono.sh: Pass 15
steps/train_mono.sh: Maximize-Step in EM Algorithm

steps/train_mono.sh: Pass 16
steps/train_mono.sh: Expectation Step in EM Algorithm
steps/train_mono.sh: Maximize-Step in EM Algorithm

steps/train_mono.sh: Pass 17
steps/train_mono.sh: Maximize-Step in EM Algorithm

steps/train_mono.sh: Pass 18
steps/train_mono.sh: Expectation Step in EM Algorithm
steps/train_mono.sh: Maximize-Step in EM Algorithm

steps/train_mono.sh: Pass 19
steps/train_mono.sh: Maximize-Step in EM Algorithm

steps/train_mono.sh: Pass 20
steps/train_mono.sh: Expectation Step in EM Algorithm
steps/train_mono.sh: Maximize-Step in EM Algorithm

steps/train_mono.sh: Pass 21
steps/train_mono.sh: Maximize-Step in EM Algorithm

steps/train_mono.sh: Pass 22
steps/train_mono.sh: Maximize-Step in EM Algorithm

steps/train_mono.sh: Pass 23
steps/train_mono.sh: Expectation Step in EM Algorithm
steps/train_mono.sh: Maximize-Step in EM Algorithm

steps/train_mono.sh: Pass 24
steps/train_mono.sh: Maximize-Step in EM Algorithm
../../../src/gmmbin/gmm-info exp_libri-boot/monophones/final.mdl 
number of phones 71
number of pdfs 215
number of transition-ids 438
number of transition-states 215
feature dimension 39
number of gaussians 814
#### Align Monophones ####
cat: exp_libri-boot/monophones/splice_opts: No such file or directory
cp: cannot stat 'exp_libri-boot/monophones/splice_opts': No such file or directory
cat: exp_libri-boot/monophones/delta_opts: No such file or directory
cp: cannot stat 'exp_libri-boot/monophones/delta_opts': No such file or directory
steps/align_si.sh: feature type is delta
steps/align_si.sh: Aligning data in data_libri-boot/train using model from exp_libri-boot/monophones putting alignments in exp_libri-boot/monophones_aligned

####===========================####
#### END TRAINING MONOPHONES ####
####===========================####


####==========================####
#### BEGIN TRAINING TRIPHONES ####
####==========================####

### Train Triphones ###
steps/train_deltas.sh --cmd utils/run.pl --num-iters 25 --beam 10 1000 2000 data_libri-boot/train data_libri-boot/lang exp_libri-boot/monophones_aligned exp_libri-boot/triphones
num_leaves = 1000
tot_gauss = 2000
steps/train_deltas.sh: accumulating tree stats
steps/train_deltas.sh: getting questions for tree-building, via clustering
steps/train_deltas.sh: building the tree
steps/train_deltas.sh: Initializing triphone model
steps/train_deltas.sh: converting alignments from exp_libri-boot/monophones_aligned to use current senomes
steps/train_deltas.sh: compiling training graphs (HMMs) of transcripts

steps/train_deltas.sh: training pass 1
steps/train_deltas.sh: M-Step in EM Algorithm

steps/train_deltas.sh: training pass 2
steps/train_deltas.sh: M-Step in EM Algorithm

steps/train_deltas.sh: training pass 3
steps/train_deltas.sh: M-Step in EM Algorithm

steps/train_deltas.sh: training pass 4
steps/train_deltas.sh: M-Step in EM Algorithm

steps/train_deltas.sh: training pass 5
steps/train_deltas.sh: M-Step in EM Algorithm

steps/train_deltas.sh: training pass 6
steps/train_deltas.sh: M-Step in EM Algorithm

steps/train_deltas.sh: training pass 7
steps/train_deltas.sh: M-Step in EM Algorithm

steps/train_deltas.sh: training pass 8
steps/train_deltas.sh: M-Step in EM Algorithm

steps/train_deltas.sh: training pass 9
steps/train_deltas.sh: M-Step in EM Algorithm

steps/train_deltas.sh: training pass 10
steps/train_deltas.sh: E-Step in EM Algorithm
steps/train_deltas.sh: M-Step in EM Algorithm

steps/train_deltas.sh: training pass 11
steps/train_deltas.sh: M-Step in EM Algorithm

steps/train_deltas.sh: training pass 12
steps/train_deltas.sh: M-Step in EM Algorithm

steps/train_deltas.sh: training pass 13
steps/train_deltas.sh: M-Step in EM Algorithm

steps/train_deltas.sh: training pass 14
steps/train_deltas.sh: M-Step in EM Algorithm

steps/train_deltas.sh: training pass 15
steps/train_deltas.sh: M-Step in EM Algorithm

steps/train_deltas.sh: training pass 16
steps/train_deltas.sh: M-Step in EM Algorithm

steps/train_deltas.sh: training pass 17
steps/train_deltas.sh: M-Step in EM Algorithm

steps/train_deltas.sh: training pass 18
steps/train_deltas.sh: M-Step in EM Algorithm

steps/train_deltas.sh: training pass 19
steps/train_deltas.sh: M-Step in EM Algorithm

steps/train_deltas.sh: training pass 20
steps/train_deltas.sh: E-Step in EM Algorithm
steps/train_deltas.sh: M-Step in EM Algorithm

steps/train_deltas.sh: training pass 21
steps/train_deltas.sh: M-Step in EM Algorithm

steps/train_deltas.sh: training pass 22
steps/train_deltas.sh: M-Step in EM Algorithm

steps/train_deltas.sh: training pass 23
steps/train_deltas.sh: M-Step in EM Algorithm

steps/train_deltas.sh: training pass 24
steps/train_deltas.sh: M-Step in EM Algorithm

steps/train_deltas.sh: Done training system with delta+delta-delta features in exp_libri-boot/triphones

../../../src/gmmbin/gmm-info exp_libri-boot/triphones/final.mdl 
number of phones 71
number of pdfs 832
number of transition-ids 1842
number of transition-states 917
feature dimension 39
number of gaussians 1920
### Align Triphones ###
cat: exp_libri-boot/triphones/splice_opts: No such file or directory
cp: cannot stat 'exp_libri-boot/triphones/splice_opts': No such file or directory
cat: exp_libri-boot/triphones/delta_opts: No such file or directory
cp: cannot stat 'exp_libri-boot/triphones/delta_opts': No such file or directory
steps/align_si.sh: feature type is delta
steps/align_si.sh: Aligning data in data_libri-boot/train using model from exp_libri-boot/triphones putting alignments in exp_libri-boot/triphones_aligned

####========================####
#### END TRAINING TRIPHONES ####
####========================####


####===================####
#### GRAPH COMPILATION ####
####===================####

arpa2fst - 
LOG (arpa2fst[5.3.252~1-13318]:Read():arpa-file-parser.cc:94) Reading \data\ section.
LOG (arpa2fst[5.3.252~1-13318]:Read():arpa-file-parser.cc:149) Reading \1-grams: section.
LOG (arpa2fst[5.3.252~1-13318]:Read():arpa-file-parser.cc:149) Reading \2-grams: section.
WARNING (arpa2fst[5.3.252~1-13318]:ConsumeNGram():arpa-lm-compiler.cc:313) line 7242 [-2.96997	<s> <s>] skipped: n-gram has invalid BOS/EOS placement
fstisstochastic data_libri-boot/lang_decode/G.fst 
8.74073e-05 -0.146296
Succeeded in formatting data

### compile LG.fst ###
fstpushspecial 
fstminimizeencoded 
fsttablecompose data_libri-boot/lang_decode/L_disambig.fst data_libri-boot/lang_decode/G.fst 
fstdeterminizestar --use-log=true 
fstisstochastic data_libri-boot/lang_decode/tmp/LG.fst 
-0.0937748 -0.0943346
[info]: LG not stochastic.
### compile CLG.fst ###
fstcomposecontext --context-size=3 --central-position=1 --read-disambig-syms=data_libri-boot/lang_decode/phones/disambig.int --write-disambig-syms=data_libri-boot/lang_decode/tmp/disambig_ilabels_3_1.int data_libri-boot/lang_decode/tmp/ilabels_3_1 
fstisstochastic data_libri-boot/lang_decode/tmp/CLG_3_1.fst 
0 -0.0943346
[info]: CLG not stochastic.
### compile Ha.fst ###
make-h-transducer --disambig-syms-out=exp_libri-boot/triphones/graph/disambig_tid.int --transition-scale=1.0 data_libri-boot/lang_decode/tmp/ilabels_3_1 exp_libri-boot/triphones/tree exp_libri-boot/triphones/final.mdl 
### compile HCLGa.fst ###
fsttablecompose exp_libri-boot/triphones/graph/Ha.fst data_libri-boot/lang_decode/tmp/CLG_3_1.fst 
fstdeterminizestar --use-log=true 
fstminimizeencoded 
fstrmsymbols exp_libri-boot/triphones/graph/disambig_tid.int 
fstrmepslocal 
fstisstochastic exp_libri-boot/triphones/graph/HCLGa.fst 
0.000479706 -0.248574
HCLGa is not stochastic
### compile HCLG.fst ###
add-self-loops --self-loop-scale=0.1 --reorder=true exp_libri-boot/triphones/final.mdl 

####==========================####
#### TESTING AUDIO DATA PREP ####
####==========================####

local/prepare_audio_data.sh: looking for audio data in /data/librispeech/audio/8k/test

 .44 hours of audio for training 
 in data_libri-boot/test/wav.scp


####=========================####
#### TEST FEATURE EXTRACTION ####
####=========================####

MAKE PLPs:
nj=8
Source data dir: data_libri-boot/test
Destination feats dir: plp_libri-boot
Log dir: data_libri-boot/test/make_plp_log
steps/make_plp.sh --cmd utils/run.pl --nj 8 data_libri-boot/test plp_libri-boot/make_plp_log plp_libri-boot
utils/validate_data_dir.sh: Successfully validated data-directory data_libri-boot/test
steps/make_plp.sh: [info]: no segments file exists: assuming wav.scp indexed by utterance.
Succeeded creating PLP features for test
fix_data_dir.sh: kept all 119 utterances.
fix_data_dir.sh: old files are kept in data_libri-boot/test/.backup

Succeeded creating CMVN stats for test

fix_data_dir.sh: kept all 119 utterances.
fix_data_dir.sh: old files are kept in data_libri-boot/test/.backup
./extract_feats.sh: splitting feats into 8 subdirs
utils/validate_data_dir.sh: Successfully validated data-directory data_libri-boot/test/split8/1
utils/validate_data_dir.sh: Successfully validated data-directory data_libri-boot/test/split8/2
utils/validate_data_dir.sh: Successfully validated data-directory data_libri-boot/test/split8/3
utils/validate_data_dir.sh: Successfully validated data-directory data_libri-boot/test/split8/4
utils/validate_data_dir.sh: Successfully validated data-directory data_libri-boot/test/split8/5
utils/validate_data_dir.sh: Successfully validated data-directory data_libri-boot/test/split8/6
utils/validate_data_dir.sh: Successfully validated data-directory data_libri-boot/test/split8/7
utils/validate_data_dir.sh: Successfully validated data-directory data_libri-boot/test/split8/8

####================####
#### BEGIN DECODING ####
####================####


####================####
#### BEGIN DECODING ####
####================####


 ### Decoding with 8 jobs  ### steps/decode.sh 6
decode.sh: feature type is delta
#### BEGIN CALCULATE WER ####

####==============####
#### END DECODING ####
####==============####

###
###
../../../src/gmmbin/gmm-info exp_libri-boot/triphones/final.mdl 
###
