
####==========================####
#### TRAINING AUDIO DATA PREP ####
####==========================####

./run_gmm.sh: Assuming your train audio data is in /data/librispeech/audio/8k/train
./run_gmm.sh: Making soflinks to original audio data with libri-place_ as prefix
local/prepare_audio_data.sh: looking for audio data in input_libri-place/audio

 4.86 hours of audio for training 
 in data_libri-place/train/wav.scp


####==========================####
#### TRAIN FEATURE EXTRACTION ####
####==========================####

MAKE PLPs:
nj=8
Source data dir: data_libri-place/train
Destination feats dir: plp_libri-place
Log dir: data_libri-place/train/make_plp_log
steps/make_plp.sh --cmd utils/run.pl --nj 8 data_libri-place/train plp_libri-place/make_plp_log plp_libri-place
utils/validate_data_dir.sh: Successfully validated data-directory data_libri-place/train
steps/make_plp.sh: [info]: no segments file exists: assuming wav.scp indexed by utterance.
Succeeded creating PLP features for train
fix_data_dir.sh: kept all 1400 utterances.
fix_data_dir.sh: old files are kept in data_libri-place/train/.backup

Succeeded creating CMVN stats for train

fix_data_dir.sh: kept all 1400 utterances.
fix_data_dir.sh: old files are kept in data_libri-place/train/.backup
./extract_feats.sh: splitting feats into 8 subdirs
utils/validate_data_dir.sh: Successfully validated data-directory data_libri-place/train/split8/1
utils/validate_data_dir.sh: Successfully validated data-directory data_libri-place/train/split8/2
utils/validate_data_dir.sh: Successfully validated data-directory data_libri-place/train/split8/3
utils/validate_data_dir.sh: Successfully validated data-directory data_libri-place/train/split8/4
utils/validate_data_dir.sh: Successfully validated data-directory data_libri-place/train/split8/5
utils/validate_data_dir.sh: Successfully validated data-directory data_libri-place/train/split8/6
utils/validate_data_dir.sh: Successfully validated data-directory data_libri-place/train/split8/7
utils/validate_data_dir.sh: Successfully validated data-directory data_libri-place/train/split8/8

####==============####
#### Create L.fst ####
####==============####

./compile_Lfst.sh: Looking for lexicon files in input_libri-place
./compile_Lfst.sh: Extracting phonemes from input_libri-place/lexicon.txt and saving them to input_libri-place/phones.txt
local/prepare_dict.sh: Creating data_libri-place/local/dict and moving lexicon files from input_libri-place into it.
local/prepare_dict.sh: This script really is just copy-pasting, nothing new generated.
Dictionary preparation succeeded

Checking data_libri-place/local/dict/silence_phones.txt ...
--> reading data_libri-place/local/dict/silence_phones.txt
--> data_libri-place/local/dict/silence_phones.txt is OK

Checking data_libri-place/local/dict/optional_silence.txt ...
--> reading data_libri-place/local/dict/optional_silence.txt
--> data_libri-place/local/dict/optional_silence.txt is OK

Checking data_libri-place/local/dict/nonsilence_phones.txt ...
--> reading data_libri-place/local/dict/nonsilence_phones.txt
--> data_libri-place/local/dict/nonsilence_phones.txt is OK

Checking disjoint: silence_phones.txt, nonsilence_phones.txt
--> disjoint property is OK.

Checking data_libri-place/local/dict/lexicon.txt
--> reading data_libri-place/local/dict/lexicon.txt
--> data_libri-place/local/dict/lexicon.txt is OK

Checking data_libri-place/local/dict/extra_questions.txt ...
--> data_libri-place/local/dict/extra_questions.txt is empty (this is OK)
--> SUCCESS [validating dictionary directory data_libri-place/local/dict]

**Creating data_libri-place/local/dict/lexiconp.txt from data_libri-place/local/dict/lexicon.txt
fstaddselfloops 'echo 60 |' 'echo 7232 |' 
Checking data_libri-place/lang/phones.txt ...
--> data_libri-place/lang/phones.txt is OK

Checking words.txt: #0 ...
--> data_libri-place/lang/words.txt has "#0"
--> data_libri-place/lang/words.txt is OK

Checking disjoint: silence.txt, nonsilence.txt, disambig.txt ...
--> silence.txt and nonsilence.txt are disjoint
--> silence.txt and disambig.txt are disjoint
--> disambig.txt and nonsilence.txt are disjoint
--> disjoint property is OK

Checking sumation: silence.txt, nonsilence.txt, disambig.txt ...
--> summation property is OK

Checking data_libri-place/lang/phones/context_indep.{txt, int, csl} ...
--> 1 entry/entries in data_libri-place/lang/phones/context_indep.txt
--> data_libri-place/lang/phones/context_indep.int corresponds to data_libri-place/lang/phones/context_indep.txt
--> data_libri-place/lang/phones/context_indep.csl corresponds to data_libri-place/lang/phones/context_indep.txt
--> data_libri-place/lang/phones/context_indep.{txt, int, csl} are OK

Checking data_libri-place/lang/phones/disambig.{txt, int, csl} ...
--> 84 entry/entries in data_libri-place/lang/phones/disambig.txt
--> data_libri-place/lang/phones/disambig.int corresponds to data_libri-place/lang/phones/disambig.txt
--> data_libri-place/lang/phones/disambig.csl corresponds to data_libri-place/lang/phones/disambig.txt
--> data_libri-place/lang/phones/disambig.{txt, int, csl} are OK

Checking data_libri-place/lang/phones/nonsilence.{txt, int, csl} ...
--> 58 entry/entries in data_libri-place/lang/phones/nonsilence.txt
--> data_libri-place/lang/phones/nonsilence.int corresponds to data_libri-place/lang/phones/nonsilence.txt
--> data_libri-place/lang/phones/nonsilence.csl corresponds to data_libri-place/lang/phones/nonsilence.txt
--> data_libri-place/lang/phones/nonsilence.{txt, int, csl} are OK

Checking data_libri-place/lang/phones/silence.{txt, int, csl} ...
--> 1 entry/entries in data_libri-place/lang/phones/silence.txt
--> data_libri-place/lang/phones/silence.int corresponds to data_libri-place/lang/phones/silence.txt
--> data_libri-place/lang/phones/silence.csl corresponds to data_libri-place/lang/phones/silence.txt
--> data_libri-place/lang/phones/silence.{txt, int, csl} are OK

Checking data_libri-place/lang/phones/optional_silence.{txt, int, csl} ...
--> 1 entry/entries in data_libri-place/lang/phones/optional_silence.txt
--> data_libri-place/lang/phones/optional_silence.int corresponds to data_libri-place/lang/phones/optional_silence.txt
--> data_libri-place/lang/phones/optional_silence.csl corresponds to data_libri-place/lang/phones/optional_silence.txt
--> data_libri-place/lang/phones/optional_silence.{txt, int, csl} are OK

Checking data_libri-place/lang/phones/roots.{txt, int} ...
--> 59 entry/entries in data_libri-place/lang/phones/roots.txt
--> data_libri-place/lang/phones/roots.int corresponds to data_libri-place/lang/phones/roots.txt
--> data_libri-place/lang/phones/roots.{txt, int} are OK

Checking data_libri-place/lang/phones/sets.{txt, int} ...
--> 59 entry/entries in data_libri-place/lang/phones/sets.txt
--> data_libri-place/lang/phones/sets.int corresponds to data_libri-place/lang/phones/sets.txt
--> data_libri-place/lang/phones/sets.{txt, int} are OK

Checking data_libri-place/lang/phones/extra_questions.{txt, int} ...
--> WARNING: the optional data_libri-place/lang/phones/extra_questions.{txt, int} are empty!

Checking optional_silence.txt ...
--> reading data_libri-place/lang/phones/optional_silence.txt
--> data_libri-place/lang/phones/optional_silence.txt is OK

Checking disambiguation symbols: #0 and #1
--> data_libri-place/lang/phones/disambig.txt has "#0" and "#1"
--> data_libri-place/lang/phones/disambig.txt is OK

Checking topo ...
--> data_libri-place/lang/topo's nonsilence section is OK
--> data_libri-place/lang/topo's silence section is OK
--> data_libri-place/lang/topo is OK

Checking data_libri-place/lang/oov.{txt, int} ...
--> 1 entry/entries in data_libri-place/lang/oov.txt
--> data_libri-place/lang/oov.int corresponds to data_libri-place/lang/oov.txt
--> data_libri-place/lang/oov.{txt, int} are OK

--> data_libri-place/lang/L.fst is olabel sorted
--> data_libri-place/lang/L_disambig.fst is olabel sorted
--> WARNING (check output above for warnings)

####===============####
#### TRAINING GMMs ####
####===============####


####===========================####
#### BEGIN TRAINING MONOPHONES ####
####===========================####

#### Train Monophones ####
### Define audio features ###
feat-to-dim 'ark,s,cs:apply-cmvn --norm-vars=true --utt2spk=ark:data_libri-place/train/split8/1/utt2spk scp:data_libri-place/train/split8/1/cmvn.scp scp:data_libri-place/train/split8/1/feats.scp ark:- | add-deltas ark:- ark:- |' - 
apply-cmvn --norm-vars=true --utt2spk=ark:data_libri-place/train/split8/1/utt2spk scp:data_libri-place/train/split8/1/cmvn.scp scp:data_libri-place/train/split8/1/feats.scp ark:- 
add-deltas ark:- ark:- 
WARNING (feat-to-dim[5.3.7961~1-3dd6f]:Close():kaldi-io.cc:512) Pipe apply-cmvn --norm-vars=true --utt2spk=ark:data_libri-place/train/split8/1/utt2spk scp:data_libri-place/train/split8/1/cmvn.scp scp:data_libri-place/train/split8/1/feats.scp ark:- | add-deltas ark:- ark:- | had nonzero return status 36096
steps/train_mono.sh: Initializing monophone system
steps/train_mono.sh: Compiling monophone training graphs

##########################################
### BEGIN FLATSTART MONOPHONE TRAINING ###
##########################################
steps/train_mono.sh: Aligning data from flat start (pass 0)
steps/train_mono.sh: Estimating model from flat start alignments

########################################
### BEGIN MAIN EM MONOPHONE TRAINING ###
########################################

steps/train_mono.sh: Pass 1
steps/train_mono.sh: Expectation Step in EM Algorithm
steps/train_mono.sh: Maximize-Step in EM Algorithm

steps/train_mono.sh: Pass 2
steps/train_mono.sh: Expectation Step in EM Algorithm
steps/train_mono.sh: Maximize-Step in EM Algorithm

steps/train_mono.sh: Pass 3
steps/train_mono.sh: Expectation Step in EM Algorithm
steps/train_mono.sh: Maximize-Step in EM Algorithm

steps/train_mono.sh: Pass 4
steps/train_mono.sh: Expectation Step in EM Algorithm
steps/train_mono.sh: Maximize-Step in EM Algorithm

steps/train_mono.sh: Pass 5
steps/train_mono.sh: Expectation Step in EM Algorithm
steps/train_mono.sh: Maximize-Step in EM Algorithm

steps/train_mono.sh: Pass 6
steps/train_mono.sh: Expectation Step in EM Algorithm
steps/train_mono.sh: Maximize-Step in EM Algorithm

steps/train_mono.sh: Pass 7
steps/train_mono.sh: Expectation Step in EM Algorithm
steps/train_mono.sh: Maximize-Step in EM Algorithm

steps/train_mono.sh: Pass 8
steps/train_mono.sh: Expectation Step in EM Algorithm
steps/train_mono.sh: Maximize-Step in EM Algorithm

steps/train_mono.sh: Pass 9
steps/train_mono.sh: Expectation Step in EM Algorithm
steps/train_mono.sh: Maximize-Step in EM Algorithm

steps/train_mono.sh: Pass 10
steps/train_mono.sh: Expectation Step in EM Algorithm
steps/train_mono.sh: Maximize-Step in EM Algorithm

steps/train_mono.sh: Pass 11
steps/train_mono.sh: Maximize-Step in EM Algorithm

steps/train_mono.sh: Pass 12
steps/train_mono.sh: Expectation Step in EM Algorithm
steps/train_mono.sh: Maximize-Step in EM Algorithm

steps/train_mono.sh: Pass 13
steps/train_mono.sh: Maximize-Step in EM Algorithm

steps/train_mono.sh: Pass 14
steps/train_mono.sh: Expectation Step in EM Algorithm
steps/train_mono.sh: Maximize-Step in EM Algorithm

steps/train_mono.sh: Pass 15
steps/train_mono.sh: Maximize-Step in EM Algorithm

steps/train_mono.sh: Pass 16
steps/train_mono.sh: Expectation Step in EM Algorithm
steps/train_mono.sh: Maximize-Step in EM Algorithm

steps/train_mono.sh: Pass 17
steps/train_mono.sh: Maximize-Step in EM Algorithm

steps/train_mono.sh: Pass 18
steps/train_mono.sh: Expectation Step in EM Algorithm
steps/train_mono.sh: Maximize-Step in EM Algorithm

steps/train_mono.sh: Pass 19
steps/train_mono.sh: Maximize-Step in EM Algorithm

steps/train_mono.sh: Pass 20
steps/train_mono.sh: Expectation Step in EM Algorithm
steps/train_mono.sh: Maximize-Step in EM Algorithm

steps/train_mono.sh: Pass 21
steps/train_mono.sh: Maximize-Step in EM Algorithm

steps/train_mono.sh: Pass 22
steps/train_mono.sh: Maximize-Step in EM Algorithm

steps/train_mono.sh: Pass 23
steps/train_mono.sh: Expectation Step in EM Algorithm
steps/train_mono.sh: Maximize-Step in EM Algorithm

steps/train_mono.sh: Pass 24
steps/train_mono.sh: Maximize-Step in EM Algorithm
../../../src/gmmbin/gmm-info exp_libri-place/monophones/final.mdl 
number of phones 59
number of pdfs 179
number of transition-ids 366
number of transition-states 179
feature dimension 39
number of gaussians 801
#### Align Monophones ####
cat: exp_libri-place/monophones/splice_opts: No such file or directory
cp: cannot stat 'exp_libri-place/monophones/splice_opts': No such file or directory
cat: exp_libri-place/monophones/delta_opts: No such file or directory
cp: cannot stat 'exp_libri-place/monophones/delta_opts': No such file or directory
steps/align_si.sh: feature type is delta
steps/align_si.sh: Aligning data in data_libri-place/train using model from exp_libri-place/monophones putting alignments in exp_libri-place/monophones_aligned

####===========================####
#### END TRAINING MONOPHONES ####
####===========================####


####==========================####
#### BEGIN TRAINING TRIPHONES ####
####==========================####

### Train Triphones ###
steps/train_deltas.sh --cmd utils/run.pl --num-iters 25 --beam 10 1000 2000 data_libri-place/train data_libri-place/lang exp_libri-place/monophones_aligned exp_libri-place/triphones
num_leaves = 1000
tot_gauss = 2000
steps/train_deltas.sh: accumulating tree stats
steps/train_deltas.sh: getting questions for tree-building, via clustering
steps/train_deltas.sh: building the tree
steps/train_deltas.sh: Initializing triphone model
steps/train_deltas.sh: converting alignments from exp_libri-place/monophones_aligned to use current senomes
steps/train_deltas.sh: compiling training graphs (HMMs) of transcripts

steps/train_deltas.sh: training pass 1
steps/train_deltas.sh: M-Step in EM Algorithm

steps/train_deltas.sh: training pass 2
steps/train_deltas.sh: M-Step in EM Algorithm

steps/train_deltas.sh: training pass 3
steps/train_deltas.sh: M-Step in EM Algorithm

steps/train_deltas.sh: training pass 4
steps/train_deltas.sh: M-Step in EM Algorithm

steps/train_deltas.sh: training pass 5
steps/train_deltas.sh: M-Step in EM Algorithm

steps/train_deltas.sh: training pass 6
steps/train_deltas.sh: M-Step in EM Algorithm

steps/train_deltas.sh: training pass 7
steps/train_deltas.sh: M-Step in EM Algorithm

steps/train_deltas.sh: training pass 8
steps/train_deltas.sh: M-Step in EM Algorithm

steps/train_deltas.sh: training pass 9
steps/train_deltas.sh: M-Step in EM Algorithm

steps/train_deltas.sh: training pass 10
steps/train_deltas.sh: E-Step in EM Algorithm
steps/train_deltas.sh: M-Step in EM Algorithm

steps/train_deltas.sh: training pass 11
steps/train_deltas.sh: M-Step in EM Algorithm

steps/train_deltas.sh: training pass 12
steps/train_deltas.sh: M-Step in EM Algorithm

steps/train_deltas.sh: training pass 13
steps/train_deltas.sh: M-Step in EM Algorithm

steps/train_deltas.sh: training pass 14
steps/train_deltas.sh: M-Step in EM Algorithm

steps/train_deltas.sh: training pass 15
steps/train_deltas.sh: M-Step in EM Algorithm

steps/train_deltas.sh: training pass 16
steps/train_deltas.sh: M-Step in EM Algorithm

steps/train_deltas.sh: training pass 17
steps/train_deltas.sh: M-Step in EM Algorithm

steps/train_deltas.sh: training pass 18
steps/train_deltas.sh: M-Step in EM Algorithm

steps/train_deltas.sh: training pass 19
steps/train_deltas.sh: M-Step in EM Algorithm

steps/train_deltas.sh: training pass 20
steps/train_deltas.sh: E-Step in EM Algorithm
steps/train_deltas.sh: M-Step in EM Algorithm

steps/train_deltas.sh: training pass 21
steps/train_deltas.sh: M-Step in EM Algorithm

steps/train_deltas.sh: training pass 22
steps/train_deltas.sh: M-Step in EM Algorithm

steps/train_deltas.sh: training pass 23
steps/train_deltas.sh: M-Step in EM Algorithm

steps/train_deltas.sh: training pass 24
steps/train_deltas.sh: M-Step in EM Algorithm

steps/train_deltas.sh: Done training system with delta+delta-delta features in exp_libri-place/triphones

../../../src/gmmbin/gmm-info exp_libri-place/triphones/final.mdl 
number of phones 59
number of pdfs 856
number of transition-ids 1852
number of transition-states 922
feature dimension 39
number of gaussians 1920
### Align Triphones ###
cat: exp_libri-place/triphones/splice_opts: No such file or directory
cp: cannot stat 'exp_libri-place/triphones/splice_opts': No such file or directory
cat: exp_libri-place/triphones/delta_opts: No such file or directory
cp: cannot stat 'exp_libri-place/triphones/delta_opts': No such file or directory
steps/align_si.sh: feature type is delta
steps/align_si.sh: Aligning data in data_libri-place/train using model from exp_libri-place/triphones putting alignments in exp_libri-place/triphones_aligned

####========================####
#### END TRAINING TRIPHONES ####
####========================####


####===================####
#### GRAPH COMPILATION ####
####===================####

arpa2fst - 
LOG (arpa2fst[5.3.7961~1-3dd6f]:Read():arpa-file-parser.cc:94) Reading \data\ section.
LOG (arpa2fst[5.3.7961~1-3dd6f]:Read():arpa-file-parser.cc:149) Reading \1-grams: section.
fstisstochastic data_libri-place/lang_decode/G.fst 
8.74073e-05 8.74073e-05
Succeeded in formatting data

### compile LG.fst ###
fsttablecompose data_libri-place/lang_decode/L_disambig.fst data_libri-place/lang_decode/G.fst 
fstdeterminizestar --use-log=true 
fstminimizeencoded 
fstpushspecial 
fstisstochastic data_libri-place/lang_decode/tmp/LG.fst 
-0.0805625 -0.0806918
[info]: LG not stochastic.
### compile CLG.fst ###
fstcomposecontext --context-size=3 --central-position=1 --read-disambig-syms=data_libri-place/lang_decode/phones/disambig.int --write-disambig-syms=data_libri-place/lang_decode/tmp/disambig_ilabels_3_1.int data_libri-place/lang_decode/tmp/ilabels_3_1 
fstisstochastic data_libri-place/lang_decode/tmp/CLG_3_1.fst 
0 -0.0806918
[info]: CLG not stochastic.
### compile Ha.fst ###
make-h-transducer --disambig-syms-out=exp_libri-place/triphones/graph/disambig_tid.int --transition-scale=1.0 data_libri-place/lang_decode/tmp/ilabels_3_1 exp_libri-place/triphones/tree exp_libri-place/triphones/final.mdl 
### compile HCLGa.fst ###
fstminimizeencoded 
fstdeterminizestar --use-log=true 
fsttablecompose exp_libri-place/triphones/graph/Ha.fst data_libri-place/lang_decode/tmp/CLG_3_1.fst 
fstrmepslocal 
fstrmsymbols exp_libri-place/triphones/graph/disambig_tid.int 
fstisstochastic exp_libri-place/triphones/graph/HCLGa.fst 
0.000481428 -0.203618
HCLGa is not stochastic
### compile HCLG.fst ###
add-self-loops --self-loop-scale=0.1 --reorder=true exp_libri-place/triphones/final.mdl 

####==========================####
#### TESTING AUDIO DATA PREP ####
####==========================####

local/prepare_audio_data.sh: looking for audio data in /data/librispeech/audio/8k/test

 .44 hours of audio for training 
 in data_libri-place/test/wav.scp


####=========================####
#### TEST FEATURE EXTRACTION ####
####=========================####

MAKE PLPs:
nj=8
Source data dir: data_libri-place/test
Destination feats dir: plp_libri-place
Log dir: data_libri-place/test/make_plp_log
steps/make_plp.sh --cmd utils/run.pl --nj 8 data_libri-place/test plp_libri-place/make_plp_log plp_libri-place
utils/validate_data_dir.sh: Successfully validated data-directory data_libri-place/test
steps/make_plp.sh: [info]: no segments file exists: assuming wav.scp indexed by utterance.
Succeeded creating PLP features for test
fix_data_dir.sh: kept all 119 utterances.
fix_data_dir.sh: old files are kept in data_libri-place/test/.backup

Succeeded creating CMVN stats for test

fix_data_dir.sh: kept all 119 utterances.
fix_data_dir.sh: old files are kept in data_libri-place/test/.backup
./extract_feats.sh: splitting feats into 8 subdirs
utils/validate_data_dir.sh: Successfully validated data-directory data_libri-place/test/split8/1
utils/validate_data_dir.sh: Successfully validated data-directory data_libri-place/test/split8/2
utils/validate_data_dir.sh: Successfully validated data-directory data_libri-place/test/split8/3
utils/validate_data_dir.sh: Successfully validated data-directory data_libri-place/test/split8/4
utils/validate_data_dir.sh: Successfully validated data-directory data_libri-place/test/split8/5
utils/validate_data_dir.sh: Successfully validated data-directory data_libri-place/test/split8/6
utils/validate_data_dir.sh: Successfully validated data-directory data_libri-place/test/split8/7
utils/validate_data_dir.sh: Successfully validated data-directory data_libri-place/test/split8/8

####================####
#### BEGIN DECODING ####
####================####


####================####
#### BEGIN DECODING ####
####================####


 ### Decoding with 8 jobs  ### steps/decode.sh 6
decode.sh: feature type is delta
#### BEGIN CALCULATE WER ####

####==============####
#### END DECODING ####
####==============####

###
###
../../../src/gmmbin/gmm-info exp_libri-place/triphones/final.mdl 
###
