# gmm-align-compiled --transition-scale=1.0 --acoustic-scale=0.1 --self-loop-scale=0.1 --beam=6 --retry-beam=24 --careful=false "gmm-boost-silence --boost=1.0 1 exp_org/monophones/1.mdl - |" "ark:gunzip -c exp_org/monophones/fsts.7.gz|" "ark,s,cs:apply-cmvn --norm-vars=true  --utt2spk=ark:data_org/train/split8/7/utt2spk scp:data_org/train/split8/7/cmvn.scp scp:data_org/train/split8/7/feats.scp ark:- | add-deltas ark:- ark:- |" "ark,t:|gzip -c >exp_org/monophones/ali.7.gz" 
# Started at Mon Dec 11 18:08:36 UTC 2017
#
gmm-align-compiled --transition-scale=1.0 --acoustic-scale=0.1 --self-loop-scale=0.1 --beam=6 --retry-beam=24 --careful=false 'gmm-boost-silence --boost=1.0 1 exp_org/monophones/1.mdl - |' 'ark:gunzip -c exp_org/monophones/fsts.7.gz|' 'ark,s,cs:apply-cmvn --norm-vars=true  --utt2spk=ark:data_org/train/split8/7/utt2spk scp:data_org/train/split8/7/cmvn.scp scp:data_org/train/split8/7/feats.scp ark:- | add-deltas ark:- ark:- |' 'ark,t:|gzip -c >exp_org/monophones/ali.7.gz' 
gmm-boost-silence --boost=1.0 1 exp_org/monophones/1.mdl - 
LOG (gmm-boost-silence[5.3.101~2-5c219]:main():gmm-boost-silence.cc:93) Boosted weights for 5 pdfs, by factor of 1
LOG (gmm-boost-silence[5.3.101~2-5c219]:main():gmm-boost-silence.cc:103) Wrote model to -
apply-cmvn --norm-vars=true --utt2spk=ark:data_org/train/split8/7/utt2spk scp:data_org/train/split8/7/cmvn.scp scp:data_org/train/split8/7/feats.scp ark:- 
add-deltas ark:- ark:- 
LOG (gmm-align-compiled[5.3.101~2-5c219]:main():gmm-align-compiled.cc:127) org_atai_507
WARNING (gmm-align-compiled[5.3.101~2-5c219]:AlignUtteranceWrapper():decoder-wrappers.cc:468) Retrying utterance org_atai_507 with beam 24
LOG (gmm-align-compiled[5.3.101~2-5c219]:main():gmm-align-compiled.cc:127) org_atai_508
LOG (gmm-align-compiled[5.3.101~2-5c219]:main():gmm-align-compiled.cc:127) org_atai_509
WARNING (gmm-align-compiled[5.3.101~2-5c219]:AlignUtteranceWrapper():decoder-wrappers.cc:468) Retrying utterance org_atai_509 with beam 24
LOG (gmm-align-compiled[5.3.101~2-5c219]:main():gmm-align-compiled.cc:127) org_atai_510
WARNING (gmm-align-compiled[5.3.101~2-5c219]:AlignUtteranceWrapper():decoder-wrappers.cc:468) Retrying utterance org_atai_510 with beam 24
LOG (gmm-align-compiled[5.3.101~2-5c219]:main():gmm-align-compiled.cc:127) org_atai_511
WARNING (gmm-align-compiled[5.3.101~2-5c219]:AlignUtteranceWrapper():decoder-wrappers.cc:468) Retrying utterance org_atai_511 with beam 24
LOG (gmm-align-compiled[5.3.101~2-5c219]:main():gmm-align-compiled.cc:127) org_atai_513
WARNING (gmm-align-compiled[5.3.101~2-5c219]:AlignUtteranceWrapper():decoder-wrappers.cc:468) Retrying utterance org_atai_513 with beam 24
LOG (gmm-align-compiled[5.3.101~2-5c219]:main():gmm-align-compiled.cc:127) org_atai_514
LOG (gmm-align-compiled[5.3.101~2-5c219]:main():gmm-align-compiled.cc:127) org_atai_515
LOG (gmm-align-compiled[5.3.101~2-5c219]:main():gmm-align-compiled.cc:127) org_atai_516
LOG (gmm-align-compiled[5.3.101~2-5c219]:main():gmm-align-compiled.cc:127) org_atai_517
LOG (gmm-align-compiled[5.3.101~2-5c219]:main():gmm-align-compiled.cc:127) org_atai_518
LOG (gmm-align-compiled[5.3.101~2-5c219]:main():gmm-align-compiled.cc:127) org_atai_52
LOG (gmm-align-compiled[5.3.101~2-5c219]:main():gmm-align-compiled.cc:127) org_atai_520
LOG (gmm-align-compiled[5.3.101~2-5c219]:main():gmm-align-compiled.cc:127) org_atai_521
WARNING (gmm-align-compiled[5.3.101~2-5c219]:AlignUtteranceWrapper():decoder-wrappers.cc:468) Retrying utterance org_atai_521 with beam 24
LOG (gmm-align-compiled[5.3.101~2-5c219]:main():gmm-align-compiled.cc:127) org_atai_522
WARNING (gmm-align-compiled[5.3.101~2-5c219]:AlignUtteranceWrapper():decoder-wrappers.cc:468) Retrying utterance org_atai_522 with beam 24
LOG (gmm-align-compiled[5.3.101~2-5c219]:main():gmm-align-compiled.cc:127) org_atai_523
LOG (gmm-align-compiled[5.3.101~2-5c219]:main():gmm-align-compiled.cc:127) org_atai_524
LOG (gmm-align-compiled[5.3.101~2-5c219]:main():gmm-align-compiled.cc:127) org_atai_525
LOG (gmm-align-compiled[5.3.101~2-5c219]:main():gmm-align-compiled.cc:127) org_atai_526
LOG (gmm-align-compiled[5.3.101~2-5c219]:main():gmm-align-compiled.cc:127) org_atai_527
LOG (gmm-align-compiled[5.3.101~2-5c219]:main():gmm-align-compiled.cc:127) org_atai_528
LOG (gmm-align-compiled[5.3.101~2-5c219]:main():gmm-align-compiled.cc:127) org_atai_529
LOG (gmm-align-compiled[5.3.101~2-5c219]:main():gmm-align-compiled.cc:127) org_atai_53
LOG (gmm-align-compiled[5.3.101~2-5c219]:main():gmm-align-compiled.cc:127) org_atai_530
WARNING (gmm-align-compiled[5.3.101~2-5c219]:AlignUtteranceWrapper():decoder-wrappers.cc:468) Retrying utterance org_atai_530 with beam 24
LOG (gmm-align-compiled[5.3.101~2-5c219]:main():gmm-align-compiled.cc:127) org_atai_531
WARNING (gmm-align-compiled[5.3.101~2-5c219]:AlignUtteranceWrapper():decoder-wrappers.cc:468) Retrying utterance org_atai_531 with beam 24
LOG (gmm-align-compiled[5.3.101~2-5c219]:main():gmm-align-compiled.cc:127) org_atai_532
LOG (gmm-align-compiled[5.3.101~2-5c219]:main():gmm-align-compiled.cc:127) org_atai_533
WARNING (gmm-align-compiled[5.3.101~2-5c219]:AlignUtteranceWrapper():decoder-wrappers.cc:468) Retrying utterance org_atai_533 with beam 24
LOG (gmm-align-compiled[5.3.101~2-5c219]:main():gmm-align-compiled.cc:127) org_atai_534
WARNING (gmm-align-compiled[5.3.101~2-5c219]:AlignUtteranceWrapper():decoder-wrappers.cc:468) Retrying utterance org_atai_534 with beam 24
LOG (gmm-align-compiled[5.3.101~2-5c219]:main():gmm-align-compiled.cc:127) org_atai_535
WARNING (gmm-align-compiled[5.3.101~2-5c219]:AlignUtteranceWrapper():decoder-wrappers.cc:468) Retrying utterance org_atai_535 with beam 24
LOG (gmm-align-compiled[5.3.101~2-5c219]:main():gmm-align-compiled.cc:127) org_atai_536
WARNING (gmm-align-compiled[5.3.101~2-5c219]:AlignUtteranceWrapper():decoder-wrappers.cc:468) Retrying utterance org_atai_536 with beam 24
LOG (gmm-align-compiled[5.3.101~2-5c219]:main():gmm-align-compiled.cc:127) org_atai_537
LOG (gmm-align-compiled[5.3.101~2-5c219]:main():gmm-align-compiled.cc:127) org_atai_538
WARNING (gmm-align-compiled[5.3.101~2-5c219]:AlignUtteranceWrapper():decoder-wrappers.cc:468) Retrying utterance org_atai_538 with beam 24
LOG (gmm-align-compiled[5.3.101~2-5c219]:main():gmm-align-compiled.cc:127) org_atai_539
LOG (gmm-align-compiled[5.3.101~2-5c219]:main():gmm-align-compiled.cc:127) org_atai_54
WARNING (gmm-align-compiled[5.3.101~2-5c219]:AlignUtteranceWrapper():decoder-wrappers.cc:468) Retrying utterance org_atai_54 with beam 24
LOG (gmm-align-compiled[5.3.101~2-5c219]:main():gmm-align-compiled.cc:127) org_atai_541
LOG (gmm-align-compiled[5.3.101~2-5c219]:main():gmm-align-compiled.cc:127) org_atai_542
WARNING (gmm-align-compiled[5.3.101~2-5c219]:AlignUtteranceWrapper():decoder-wrappers.cc:468) Retrying utterance org_atai_542 with beam 24
WARNING (gmm-align-compiled[5.3.101~2-5c219]:AlignUtteranceWrapper():decoder-wrappers.cc:477) Did not successfully decode file org_atai_542, len = 1983
LOG (gmm-align-compiled[5.3.101~2-5c219]:main():gmm-align-compiled.cc:127) org_atai_543
WARNING (gmm-align-compiled[5.3.101~2-5c219]:AlignUtteranceWrapper():decoder-wrappers.cc:468) Retrying utterance org_atai_543 with beam 24
LOG (gmm-align-compiled[5.3.101~2-5c219]:main():gmm-align-compiled.cc:127) org_atai_544
LOG (gmm-align-compiled[5.3.101~2-5c219]:main():gmm-align-compiled.cc:127) org_atai_545
WARNING (gmm-align-compiled[5.3.101~2-5c219]:AlignUtteranceWrapper():decoder-wrappers.cc:468) Retrying utterance org_atai_545 with beam 24
LOG (gmm-align-compiled[5.3.101~2-5c219]:main():gmm-align-compiled.cc:127) org_atai_546
LOG (gmm-align-compiled[5.3.101~2-5c219]:main():gmm-align-compiled.cc:127) org_atai_547
WARNING (gmm-align-compiled[5.3.101~2-5c219]:AlignUtteranceWrapper():decoder-wrappers.cc:468) Retrying utterance org_atai_547 with beam 24
LOG (gmm-align-compiled[5.3.101~2-5c219]:main():gmm-align-compiled.cc:127) org_atai_548
LOG (gmm-align-compiled[5.3.101~2-5c219]:main():gmm-align-compiled.cc:127) org_atai_549
LOG (gmm-align-compiled[5.3.101~2-5c219]:main():gmm-align-compiled.cc:127) org_atai_55
LOG (gmm-align-compiled[5.3.101~2-5c219]:main():gmm-align-compiled.cc:127) org_atai_550
LOG (gmm-align-compiled[5.3.101~2-5c219]:main():gmm-align-compiled.cc:127) org_atai_551
LOG (gmm-align-compiled[5.3.101~2-5c219]:main():gmm-align-compiled.cc:127) org_atai_552
WARNING (gmm-align-compiled[5.3.101~2-5c219]:AlignUtteranceWrapper():decoder-wrappers.cc:468) Retrying utterance org_atai_552 with beam 24
LOG (gmm-align-compiled[5.3.101~2-5c219]:main():gmm-align-compiled.cc:127) org_atai_553
LOG (gmm-align-compiled[5.3.101~2-5c219]:main():gmm-align-compiled.cc:127) org_atai_554
LOG (gmm-align-compiled[5.3.101~2-5c219]:main():gmm-align-compiled.cc:127) org_atai_555
WARNING (gmm-align-compiled[5.3.101~2-5c219]:AlignUtteranceWrapper():decoder-wrappers.cc:468) Retrying utterance org_atai_555 with beam 24
LOG (gmm-align-compiled[5.3.101~2-5c219]:main():gmm-align-compiled.cc:127) org_atai_556
LOG (gmm-align-compiled[5.3.101~2-5c219]:main():gmm-align-compiled.cc:127) org_atai_558
LOG (gmm-align-compiled[5.3.101~2-5c219]:main():gmm-align-compiled.cc:127) org_atai_559
WARNING (gmm-align-compiled[5.3.101~2-5c219]:AlignUtteranceWrapper():decoder-wrappers.cc:468) Retrying utterance org_atai_559 with beam 24
LOG (gmm-align-compiled[5.3.101~2-5c219]:main():gmm-align-compiled.cc:127) org_atai_560
LOG (gmm-align-compiled[5.3.101~2-5c219]:main():gmm-align-compiled.cc:127) org_atai_561
LOG (gmm-align-compiled[5.3.101~2-5c219]:main():gmm-align-compiled.cc:127) org_atai_562
LOG (gmm-align-compiled[5.3.101~2-5c219]:main():gmm-align-compiled.cc:127) org_atai_563
LOG (gmm-align-compiled[5.3.101~2-5c219]:main():gmm-align-compiled.cc:127) org_atai_564
WARNING (gmm-align-compiled[5.3.101~2-5c219]:AlignUtteranceWrapper():decoder-wrappers.cc:468) Retrying utterance org_atai_564 with beam 24
WARNING (gmm-align-compiled[5.3.101~2-5c219]:AlignUtteranceWrapper():decoder-wrappers.cc:477) Did not successfully decode file org_atai_564, len = 3532
LOG (gmm-align-compiled[5.3.101~2-5c219]:main():gmm-align-compiled.cc:127) org_atai_565
WARNING (gmm-align-compiled[5.3.101~2-5c219]:AlignUtteranceWrapper():decoder-wrappers.cc:468) Retrying utterance org_atai_565 with beam 24
LOG (gmm-align-compiled[5.3.101~2-5c219]:main():gmm-align-compiled.cc:127) org_atai_566
LOG (gmm-align-compiled[5.3.101~2-5c219]:main():gmm-align-compiled.cc:127) org_atai_567
LOG (gmm-align-compiled[5.3.101~2-5c219]:main():gmm-align-compiled.cc:127) org_atai_568
WARNING (gmm-align-compiled[5.3.101~2-5c219]:AlignUtteranceWrapper():decoder-wrappers.cc:468) Retrying utterance org_atai_568 with beam 24
LOG (gmm-align-compiled[5.3.101~2-5c219]:main():gmm-align-compiled.cc:127) org_atai_569
WARNING (gmm-align-compiled[5.3.101~2-5c219]:AlignUtteranceWrapper():decoder-wrappers.cc:468) Retrying utterance org_atai_569 with beam 24
LOG (gmm-align-compiled[5.3.101~2-5c219]:main():gmm-align-compiled.cc:127) org_atai_57
LOG (gmm-align-compiled[5.3.101~2-5c219]:main():gmm-align-compiled.cc:127) org_atai_570
WARNING (gmm-align-compiled[5.3.101~2-5c219]:AlignUtteranceWrapper():decoder-wrappers.cc:468) Retrying utterance org_atai_570 with beam 24
LOG (gmm-align-compiled[5.3.101~2-5c219]:main():gmm-align-compiled.cc:127) org_atai_571
WARNING (gmm-align-compiled[5.3.101~2-5c219]:AlignUtteranceWrapper():decoder-wrappers.cc:468) Retrying utterance org_atai_571 with beam 24
LOG (gmm-align-compiled[5.3.101~2-5c219]:main():gmm-align-compiled.cc:127) org_atai_572
LOG (apply-cmvn[5.3.101~2-5c219]:main():apply-cmvn.cc:159) Applied cepstral mean and variance normalization to 69 utterances, errors on 0
WARNING (gmm-align-compiled[5.3.101~2-5c219]:AlignUtteranceWrapper():decoder-wrappers.cc:468) Retrying utterance org_atai_572 with beam 24
LOG (gmm-align-compiled[5.3.101~2-5c219]:main():gmm-align-compiled.cc:127) org_atai_573
LOG (gmm-align-compiled[5.3.101~2-5c219]:main():gmm-align-compiled.cc:127) org_atai_574
WARNING (gmm-align-compiled[5.3.101~2-5c219]:AlignUtteranceWrapper():decoder-wrappers.cc:468) Retrying utterance org_atai_574 with beam 24
LOG (gmm-align-compiled[5.3.101~2-5c219]:main():gmm-align-compiled.cc:135) Overall log-likelihood per frame is -8.36449 over 51102 frames.
LOG (gmm-align-compiled[5.3.101~2-5c219]:main():gmm-align-compiled.cc:137) Retried 30 out of 69 utterances.
LOG (gmm-align-compiled[5.3.101~2-5c219]:main():gmm-align-compiled.cc:139) Done 67, errors on 2
# Accounting: time=49 threads=1
# Ended (code 0) at Mon Dec 11 18:09:25 UTC 2017, elapsed time 49 seconds
