# gmm-align-compiled --transition-scale=1.0 --acoustic-scale=0.1 --self-loop-scale=0.1 --beam=6 --retry-beam=24 --careful=false "gmm-boost-silence --boost=1.0 1 exp_org/monophones/1.mdl - |" "ark:gunzip -c exp_org/monophones/fsts.1.gz|" "ark,s,cs:apply-cmvn --norm-vars=true  --utt2spk=ark:data_org/train/split8/1/utt2spk scp:data_org/train/split8/1/cmvn.scp scp:data_org/train/split8/1/feats.scp ark:- | add-deltas ark:- ark:- |" "ark,t:|gzip -c >exp_org/monophones/ali.1.gz" 
# Started at Mon Dec 11 18:08:36 UTC 2017
#
gmm-align-compiled --transition-scale=1.0 --acoustic-scale=0.1 --self-loop-scale=0.1 --beam=6 --retry-beam=24 --careful=false 'gmm-boost-silence --boost=1.0 1 exp_org/monophones/1.mdl - |' 'ark:gunzip -c exp_org/monophones/fsts.1.gz|' 'ark,s,cs:apply-cmvn --norm-vars=true  --utt2spk=ark:data_org/train/split8/1/utt2spk scp:data_org/train/split8/1/cmvn.scp scp:data_org/train/split8/1/feats.scp ark:- | add-deltas ark:- ark:- |' 'ark,t:|gzip -c >exp_org/monophones/ali.1.gz' 
gmm-boost-silence --boost=1.0 1 exp_org/monophones/1.mdl - 
LOG (gmm-boost-silence[5.3.101~2-5c219]:main():gmm-boost-silence.cc:93) Boosted weights for 5 pdfs, by factor of 1
LOG (gmm-boost-silence[5.3.101~2-5c219]:main():gmm-boost-silence.cc:103) Wrote model to -
apply-cmvn --norm-vars=true --utt2spk=ark:data_org/train/split8/1/utt2spk scp:data_org/train/split8/1/cmvn.scp scp:data_org/train/split8/1/feats.scp ark:- 
add-deltas ark:- ark:- 
LOG (gmm-align-compiled[5.3.101~2-5c219]:main():gmm-align-compiled.cc:127) org_atai_02
WARNING (gmm-align-compiled[5.3.101~2-5c219]:AlignUtteranceWrapper():decoder-wrappers.cc:468) Retrying utterance org_atai_02 with beam 24
LOG (gmm-align-compiled[5.3.101~2-5c219]:main():gmm-align-compiled.cc:127) org_atai_03
WARNING (gmm-align-compiled[5.3.101~2-5c219]:AlignUtteranceWrapper():decoder-wrappers.cc:468) Retrying utterance org_atai_03 with beam 24
LOG (gmm-align-compiled[5.3.101~2-5c219]:main():gmm-align-compiled.cc:127) org_atai_04
WARNING (gmm-align-compiled[5.3.101~2-5c219]:AlignUtteranceWrapper():decoder-wrappers.cc:468) Retrying utterance org_atai_04 with beam 24
LOG (gmm-align-compiled[5.3.101~2-5c219]:main():gmm-align-compiled.cc:127) org_atai_05
LOG (gmm-align-compiled[5.3.101~2-5c219]:main():gmm-align-compiled.cc:127) org_atai_06
WARNING (gmm-align-compiled[5.3.101~2-5c219]:AlignUtteranceWrapper():decoder-wrappers.cc:468) Retrying utterance org_atai_06 with beam 24
LOG (gmm-align-compiled[5.3.101~2-5c219]:main():gmm-align-compiled.cc:127) org_atai_07
WARNING (gmm-align-compiled[5.3.101~2-5c219]:AlignUtteranceWrapper():decoder-wrappers.cc:468) Retrying utterance org_atai_07 with beam 24
LOG (gmm-align-compiled[5.3.101~2-5c219]:main():gmm-align-compiled.cc:127) org_atai_08
WARNING (gmm-align-compiled[5.3.101~2-5c219]:AlignUtteranceWrapper():decoder-wrappers.cc:468) Retrying utterance org_atai_08 with beam 24
LOG (gmm-align-compiled[5.3.101~2-5c219]:main():gmm-align-compiled.cc:127) org_atai_09
LOG (gmm-align-compiled[5.3.101~2-5c219]:main():gmm-align-compiled.cc:127) org_atai_10
LOG (gmm-align-compiled[5.3.101~2-5c219]:main():gmm-align-compiled.cc:127) org_atai_100
WARNING (gmm-align-compiled[5.3.101~2-5c219]:AlignUtteranceWrapper():decoder-wrappers.cc:468) Retrying utterance org_atai_100 with beam 24
LOG (gmm-align-compiled[5.3.101~2-5c219]:main():gmm-align-compiled.cc:127) org_atai_101
LOG (gmm-align-compiled[5.3.101~2-5c219]:main():gmm-align-compiled.cc:127) org_atai_102
WARNING (gmm-align-compiled[5.3.101~2-5c219]:AlignUtteranceWrapper():decoder-wrappers.cc:468) Retrying utterance org_atai_102 with beam 24
LOG (gmm-align-compiled[5.3.101~2-5c219]:main():gmm-align-compiled.cc:127) org_atai_103
LOG (gmm-align-compiled[5.3.101~2-5c219]:main():gmm-align-compiled.cc:127) org_atai_104
LOG (gmm-align-compiled[5.3.101~2-5c219]:main():gmm-align-compiled.cc:127) org_atai_105
WARNING (gmm-align-compiled[5.3.101~2-5c219]:AlignUtteranceWrapper():decoder-wrappers.cc:468) Retrying utterance org_atai_105 with beam 24
LOG (gmm-align-compiled[5.3.101~2-5c219]:main():gmm-align-compiled.cc:127) org_atai_106
LOG (gmm-align-compiled[5.3.101~2-5c219]:main():gmm-align-compiled.cc:127) org_atai_107
LOG (gmm-align-compiled[5.3.101~2-5c219]:main():gmm-align-compiled.cc:127) org_atai_108
WARNING (gmm-align-compiled[5.3.101~2-5c219]:AlignUtteranceWrapper():decoder-wrappers.cc:468) Retrying utterance org_atai_108 with beam 24
LOG (gmm-align-compiled[5.3.101~2-5c219]:main():gmm-align-compiled.cc:127) org_atai_109
LOG (gmm-align-compiled[5.3.101~2-5c219]:main():gmm-align-compiled.cc:127) org_atai_11
LOG (gmm-align-compiled[5.3.101~2-5c219]:main():gmm-align-compiled.cc:127) org_atai_110
LOG (gmm-align-compiled[5.3.101~2-5c219]:main():gmm-align-compiled.cc:127) org_atai_111
WARNING (gmm-align-compiled[5.3.101~2-5c219]:AlignUtteranceWrapper():decoder-wrappers.cc:468) Retrying utterance org_atai_111 with beam 24
LOG (gmm-align-compiled[5.3.101~2-5c219]:main():gmm-align-compiled.cc:127) org_atai_112
WARNING (gmm-align-compiled[5.3.101~2-5c219]:AlignUtteranceWrapper():decoder-wrappers.cc:468) Retrying utterance org_atai_112 with beam 24
LOG (gmm-align-compiled[5.3.101~2-5c219]:main():gmm-align-compiled.cc:127) org_atai_113
WARNING (gmm-align-compiled[5.3.101~2-5c219]:AlignUtteranceWrapper():decoder-wrappers.cc:468) Retrying utterance org_atai_113 with beam 24
LOG (gmm-align-compiled[5.3.101~2-5c219]:main():gmm-align-compiled.cc:127) org_atai_114
LOG (gmm-align-compiled[5.3.101~2-5c219]:main():gmm-align-compiled.cc:127) org_atai_115
WARNING (gmm-align-compiled[5.3.101~2-5c219]:AlignUtteranceWrapper():decoder-wrappers.cc:468) Retrying utterance org_atai_115 with beam 24
LOG (gmm-align-compiled[5.3.101~2-5c219]:main():gmm-align-compiled.cc:127) org_atai_117
WARNING (gmm-align-compiled[5.3.101~2-5c219]:AlignUtteranceWrapper():decoder-wrappers.cc:468) Retrying utterance org_atai_117 with beam 24
LOG (gmm-align-compiled[5.3.101~2-5c219]:main():gmm-align-compiled.cc:127) org_atai_118
WARNING (gmm-align-compiled[5.3.101~2-5c219]:AlignUtteranceWrapper():decoder-wrappers.cc:468) Retrying utterance org_atai_118 with beam 24
LOG (gmm-align-compiled[5.3.101~2-5c219]:main():gmm-align-compiled.cc:127) org_atai_119
LOG (gmm-align-compiled[5.3.101~2-5c219]:main():gmm-align-compiled.cc:127) org_atai_12
WARNING (gmm-align-compiled[5.3.101~2-5c219]:AlignUtteranceWrapper():decoder-wrappers.cc:468) Retrying utterance org_atai_12 with beam 24
LOG (gmm-align-compiled[5.3.101~2-5c219]:main():gmm-align-compiled.cc:127) org_atai_120
WARNING (gmm-align-compiled[5.3.101~2-5c219]:AlignUtteranceWrapper():decoder-wrappers.cc:468) Retrying utterance org_atai_120 with beam 24
LOG (gmm-align-compiled[5.3.101~2-5c219]:main():gmm-align-compiled.cc:127) org_atai_122
WARNING (gmm-align-compiled[5.3.101~2-5c219]:AlignUtteranceWrapper():decoder-wrappers.cc:468) Retrying utterance org_atai_122 with beam 24
LOG (gmm-align-compiled[5.3.101~2-5c219]:main():gmm-align-compiled.cc:127) org_atai_123
LOG (gmm-align-compiled[5.3.101~2-5c219]:main():gmm-align-compiled.cc:127) org_atai_124
WARNING (gmm-align-compiled[5.3.101~2-5c219]:AlignUtteranceWrapper():decoder-wrappers.cc:468) Retrying utterance org_atai_124 with beam 24
LOG (gmm-align-compiled[5.3.101~2-5c219]:main():gmm-align-compiled.cc:127) org_atai_125
WARNING (gmm-align-compiled[5.3.101~2-5c219]:AlignUtteranceWrapper():decoder-wrappers.cc:468) Retrying utterance org_atai_125 with beam 24
LOG (gmm-align-compiled[5.3.101~2-5c219]:main():gmm-align-compiled.cc:127) org_atai_126
WARNING (gmm-align-compiled[5.3.101~2-5c219]:AlignUtteranceWrapper():decoder-wrappers.cc:468) Retrying utterance org_atai_126 with beam 24
LOG (gmm-align-compiled[5.3.101~2-5c219]:main():gmm-align-compiled.cc:127) org_atai_127
LOG (gmm-align-compiled[5.3.101~2-5c219]:main():gmm-align-compiled.cc:127) org_atai_128
WARNING (gmm-align-compiled[5.3.101~2-5c219]:AlignUtteranceWrapper():decoder-wrappers.cc:468) Retrying utterance org_atai_128 with beam 24
LOG (gmm-align-compiled[5.3.101~2-5c219]:main():gmm-align-compiled.cc:127) org_atai_129
WARNING (gmm-align-compiled[5.3.101~2-5c219]:AlignUtteranceWrapper():decoder-wrappers.cc:468) Retrying utterance org_atai_129 with beam 24
LOG (gmm-align-compiled[5.3.101~2-5c219]:main():gmm-align-compiled.cc:127) org_atai_13
LOG (gmm-align-compiled[5.3.101~2-5c219]:main():gmm-align-compiled.cc:127) org_atai_130
WARNING (gmm-align-compiled[5.3.101~2-5c219]:AlignUtteranceWrapper():decoder-wrappers.cc:468) Retrying utterance org_atai_130 with beam 24
LOG (gmm-align-compiled[5.3.101~2-5c219]:main():gmm-align-compiled.cc:127) org_atai_131
LOG (gmm-align-compiled[5.3.101~2-5c219]:main():gmm-align-compiled.cc:127) org_atai_132
LOG (gmm-align-compiled[5.3.101~2-5c219]:main():gmm-align-compiled.cc:127) org_atai_133
WARNING (gmm-align-compiled[5.3.101~2-5c219]:AlignUtteranceWrapper():decoder-wrappers.cc:468) Retrying utterance org_atai_133 with beam 24
WARNING (gmm-align-compiled[5.3.101~2-5c219]:AlignUtteranceWrapper():decoder-wrappers.cc:477) Did not successfully decode file org_atai_133, len = 3967
LOG (gmm-align-compiled[5.3.101~2-5c219]:main():gmm-align-compiled.cc:127) org_atai_134
WARNING (gmm-align-compiled[5.3.101~2-5c219]:AlignUtteranceWrapper():decoder-wrappers.cc:468) Retrying utterance org_atai_134 with beam 24
LOG (gmm-align-compiled[5.3.101~2-5c219]:main():gmm-align-compiled.cc:127) org_atai_135
LOG (gmm-align-compiled[5.3.101~2-5c219]:main():gmm-align-compiled.cc:127) org_atai_137
LOG (gmm-align-compiled[5.3.101~2-5c219]:main():gmm-align-compiled.cc:127) org_atai_138
WARNING (gmm-align-compiled[5.3.101~2-5c219]:AlignUtteranceWrapper():decoder-wrappers.cc:468) Retrying utterance org_atai_138 with beam 24
LOG (gmm-align-compiled[5.3.101~2-5c219]:main():gmm-align-compiled.cc:127) org_atai_139
WARNING (gmm-align-compiled[5.3.101~2-5c219]:AlignUtteranceWrapper():decoder-wrappers.cc:468) Retrying utterance org_atai_139 with beam 24
LOG (gmm-align-compiled[5.3.101~2-5c219]:main():gmm-align-compiled.cc:127) org_atai_14
LOG (gmm-align-compiled[5.3.101~2-5c219]:main():gmm-align-compiled.cc:127) org_atai_140
LOG (gmm-align-compiled[5.3.101~2-5c219]:main():gmm-align-compiled.cc:127) org_atai_141
LOG (gmm-align-compiled[5.3.101~2-5c219]:main():gmm-align-compiled.cc:127) org_atai_142
LOG (gmm-align-compiled[5.3.101~2-5c219]:main():gmm-align-compiled.cc:127) org_atai_143
WARNING (gmm-align-compiled[5.3.101~2-5c219]:AlignUtteranceWrapper():decoder-wrappers.cc:468) Retrying utterance org_atai_143 with beam 24
LOG (gmm-align-compiled[5.3.101~2-5c219]:main():gmm-align-compiled.cc:127) org_atai_144
WARNING (gmm-align-compiled[5.3.101~2-5c219]:AlignUtteranceWrapper():decoder-wrappers.cc:468) Retrying utterance org_atai_144 with beam 24
LOG (gmm-align-compiled[5.3.101~2-5c219]:main():gmm-align-compiled.cc:127) org_atai_145
LOG (gmm-align-compiled[5.3.101~2-5c219]:main():gmm-align-compiled.cc:127) org_atai_146
WARNING (gmm-align-compiled[5.3.101~2-5c219]:AlignUtteranceWrapper():decoder-wrappers.cc:468) Retrying utterance org_atai_146 with beam 24
LOG (gmm-align-compiled[5.3.101~2-5c219]:main():gmm-align-compiled.cc:127) org_atai_147
WARNING (gmm-align-compiled[5.3.101~2-5c219]:AlignUtteranceWrapper():decoder-wrappers.cc:468) Retrying utterance org_atai_147 with beam 24
LOG (gmm-align-compiled[5.3.101~2-5c219]:main():gmm-align-compiled.cc:127) org_atai_148
LOG (gmm-align-compiled[5.3.101~2-5c219]:main():gmm-align-compiled.cc:127) org_atai_149
LOG (gmm-align-compiled[5.3.101~2-5c219]:main():gmm-align-compiled.cc:127) org_atai_150
LOG (gmm-align-compiled[5.3.101~2-5c219]:main():gmm-align-compiled.cc:127) org_atai_152
LOG (gmm-align-compiled[5.3.101~2-5c219]:main():gmm-align-compiled.cc:127) org_atai_154
LOG (gmm-align-compiled[5.3.101~2-5c219]:main():gmm-align-compiled.cc:127) org_atai_155
LOG (apply-cmvn[5.3.101~2-5c219]:main():apply-cmvn.cc:159) Applied cepstral mean and variance normalization to 69 utterances, errors on 0
LOG (gmm-align-compiled[5.3.101~2-5c219]:main():gmm-align-compiled.cc:127) org_atai_156
WARNING (gmm-align-compiled[5.3.101~2-5c219]:AlignUtteranceWrapper():decoder-wrappers.cc:468) Retrying utterance org_atai_156 with beam 24
LOG (gmm-align-compiled[5.3.101~2-5c219]:main():gmm-align-compiled.cc:127) org_atai_157
LOG (gmm-align-compiled[5.3.101~2-5c219]:main():gmm-align-compiled.cc:127) org_atai_159
LOG (gmm-align-compiled[5.3.101~2-5c219]:main():gmm-align-compiled.cc:127) org_atai_16
LOG (gmm-align-compiled[5.3.101~2-5c219]:main():gmm-align-compiled.cc:127) org_atai_160
WARNING (gmm-align-compiled[5.3.101~2-5c219]:AlignUtteranceWrapper():decoder-wrappers.cc:468) Retrying utterance org_atai_160 with beam 24
LOG (gmm-align-compiled[5.3.101~2-5c219]:main():gmm-align-compiled.cc:135) Overall log-likelihood per frame is -9.29057 over 60911 frames.
LOG (gmm-align-compiled[5.3.101~2-5c219]:main():gmm-align-compiled.cc:137) Retried 35 out of 69 utterances.
LOG (gmm-align-compiled[5.3.101~2-5c219]:main():gmm-align-compiled.cc:139) Done 68, errors on 1
# Accounting: time=58 threads=1
# Ended (code 0) at Mon Dec 11 18:09:34 UTC 2017, elapsed time 58 seconds
