# compile-train-graphs exp_org/monophones/tree exp_org/monophones/0.mdl data_org/lang/L.fst "ark:sym2int.pl --map-oov 2 -f 2- data_org/lang/words.txt < data_org/train/split8/6/text|" "ark:|gzip -c >exp_org/monophones/fsts.6.gz" 
# Started at Mon Dec 11 18:08:31 UTC 2017
#
compile-train-graphs exp_org/monophones/tree exp_org/monophones/0.mdl data_org/lang/L.fst 'ark:sym2int.pl --map-oov 2 -f 2- data_org/lang/words.txt < data_org/train/split8/6/text|' 'ark:|gzip -c >exp_org/monophones/fsts.6.gz' 
sym2int.pl: replacing акырайып with 2
sym2int.pl: replacing ташын with 2
sym2int.pl: replacing ташын with 2
sym2int.pl: replacing бүтүшкөндөн with 2
sym2int.pl: replacing борозду with 2
sym2int.pl: replacing өнөт with 2
sym2int.pl: replacing шумдугуң with 2
sym2int.pl: replacing султаналы with 2
sym2int.pl: replacing кылыша with 2
sym2int.pl: replacing ысыды with 2
sym2int.pl: replacing тепселип with 2
sym2int.pl: replacing чымынчиркей with 2
sym2int.pl: replacing ылаага with 2
sym2int.pl: replacing тескейлери with 2
sym2int.pl: replacing жайыттын with 2
sym2int.pl: replacing этекти with 2
sym2int.pl: replacing отурушкан with 2
sym2int.pl: replacing адалдан with 2
sym2int.pl: replacing кыштоодо with 2
sym2int.pl: replacing тырмышканы with 2
sym2int.pl: not warning for OOVs any more times
** Replaced 209 instances of OOVs with 2
LOG (compile-train-graphs[5.3.101~2-5c219]:main():compile-train-graphs.cc:147) compile-train-graphs: succeeded for 68 graphs, failed for 0
# Accounting: time=4 threads=1
# Ended (code 0) at Mon Dec 11 18:08:35 UTC 2017, elapsed time 4 seconds
