# compile-train-graphs exp_org/monophones/tree exp_org/monophones/0.mdl data_org/lang/L.fst "ark:sym2int.pl --map-oov 2 -f 2- data_org/lang/words.txt < data_org/train/split8/7/text|" "ark:|gzip -c >exp_org/monophones/fsts.7.gz" 
# Started at Mon Dec 11 18:08:31 UTC 2017
#
compile-train-graphs exp_org/monophones/tree exp_org/monophones/0.mdl data_org/lang/L.fst 'ark:sym2int.pl --map-oov 2 -f 2- data_org/lang/words.txt < data_org/train/split8/7/text|' 'ark:|gzip -c >exp_org/monophones/fsts.7.gz' 
sym2int.pl: replacing күмбөзүнүн with 2
sym2int.pl: replacing түшүштү with 2
sym2int.pl: replacing аккыз with 2
sym2int.pl: replacing аккыз with 2
sym2int.pl: replacing күмбөзге with 2
sym2int.pl: replacing жүрбөсүн with 2
sym2int.pl: replacing сыйынышчу with 2
sym2int.pl: replacing өңүндө with 2
sym2int.pl: replacing жблугушуп with 2
sym2int.pl: replacing эмиштер with 2
sym2int.pl: replacing кеңколдун with 2
sym2int.pl: replacing өрдөгөн with 2
sym2int.pl: replacing жогбрулай with 2
sym2int.pl: replacing терсколдун with 2
sym2int.pl: replacing оозуңа with 2
sym2int.pl: replacing арыктын with 2
sym2int.pl: replacing чакмагын with 2
sym2int.pl: replacing табылбаган with 2
sym2int.pl: replacing бөлүндү with 2
sym2int.pl: replacing салаалап with 2
sym2int.pl: not warning for OOVs any more times
** Replaced 168 instances of OOVs with 2
LOG (compile-train-graphs[5.3.101~2-5c219]:main():compile-train-graphs.cc:147) compile-train-graphs: succeeded for 69 graphs, failed for 0
# Accounting: time=4 threads=1
# Ended (code 0) at Mon Dec 11 18:08:35 UTC 2017, elapsed time 4 seconds
