# compile-train-graphs exp_org/monophones/tree exp_org/monophones/0.mdl data_org/lang/L.fst "ark:sym2int.pl --map-oov 2 -f 2- data_org/lang/words.txt < data_org/train/split8/3/text|" "ark:|gzip -c >exp_org/monophones/fsts.3.gz" 
# Started at Mon Dec 11 18:08:31 UTC 2017
#
compile-train-graphs exp_org/monophones/tree exp_org/monophones/0.mdl data_org/lang/L.fst 'ark:sym2int.pl --map-oov 2 -f 2- data_org/lang/words.txt < data_org/train/split8/3/text|' 'ark:|gzip -c >exp_org/monophones/fsts.3.gz' 
sym2int.pl: replacing желп with 2
sym2int.pl: replacing канбаган with 2
sym2int.pl: replacing жожок with 2
sym2int.pl: replacing магдыроо with 2
sym2int.pl: replacing токолунун with 2
sym2int.pl: replacing түнөгөндүктүн with 2
sym2int.pl: replacing дыңгыратып with 2
sym2int.pl: replacing толгой with 2
sym2int.pl: replacing шилтенгенин with 2
sym2int.pl: replacing керкейген with 2
sym2int.pl: replacing серке with 2
sym2int.pl: replacing сеңселтип with 2
sym2int.pl: replacing тикирейтип with 2
sym2int.pl: replacing атырылган with 2
sym2int.pl: replacing шыкала with 2
sym2int.pl: replacing серке with 2
sym2int.pl: replacing кечпеген with 2
sym2int.pl: replacing кыйыктанбай with 2
sym2int.pl: replacing серке with 2
sym2int.pl: replacing улагыңда with 2
sym2int.pl: not warning for OOVs any more times
** Replaced 202 instances of OOVs with 2
LOG (compile-train-graphs[5.3.101~2-5c219]:main():compile-train-graphs.cc:147) compile-train-graphs: succeeded for 68 graphs, failed for 0
# Accounting: time=4 threads=1
# Ended (code 0) at Mon Dec 11 18:08:35 UTC 2017, elapsed time 4 seconds
