# gmm-est --write-occs=exp_org/monophones/17.occs --mix-up=539 --power=0.25 exp_org/monophones/16.mdl "gmm-sum-accs - exp_org/monophones/16.*.acc|" exp_org/monophones/17.mdl 
# Started at Mon Dec 11 18:11:00 UTC 2017
#
gmm-est --write-occs=exp_org/monophones/17.occs --mix-up=539 --power=0.25 exp_org/monophones/16.mdl 'gmm-sum-accs - exp_org/monophones/16.*.acc|' exp_org/monophones/17.mdl 
gmm-sum-accs - exp_org/monophones/16.1.acc exp_org/monophones/16.2.acc exp_org/monophones/16.3.acc exp_org/monophones/16.4.acc exp_org/monophones/16.5.acc exp_org/monophones/16.6.acc exp_org/monophones/16.7.acc exp_org/monophones/16.8.acc 
LOG (gmm-sum-accs[5.3.101~2-5c219]:main():gmm-sum-accs.cc:63) Summed 8 stats, total count 480044, avg like/frame 0.457433
LOG (gmm-sum-accs[5.3.101~2-5c219]:main():gmm-sum-accs.cc:66) Total count of stats is 480044
LOG (gmm-sum-accs[5.3.101~2-5c219]:main():gmm-sum-accs.cc:67) Written stats to -
LOG (gmm-est[5.3.101~2-5c219]:MleUpdate():transition-model.cc:517) TransitionModel::Update, objf change is 0.000300026 per frame over 480044 frames. 
LOG (gmm-est[5.3.101~2-5c219]:MleUpdate():transition-model.cc:520) 7 probabilities floored, 6 out of 89 transition-states skipped due to insuffient data (it is normal to have some skipped.)
LOG (gmm-est[5.3.101~2-5c219]:main():gmm-est.cc:102) Transition model update: Overall 0.000300026 log-like improvement per frame over 480044 frames.
WARNING (gmm-est[5.3.101~2-5c219]:MleDiagGmmUpdate():mle-diag-gmm.cc:365) Gaussian has too little data but not removing it because it is the last Gaussian: i = 0, occ = 2, weight = 1
WARNING (gmm-est[5.3.101~2-5c219]:MleDiagGmmUpdate():mle-diag-gmm.cc:365) Gaussian has too little data but not removing it because it is the last Gaussian: i = 0, occ = 2, weight = 1
WARNING (gmm-est[5.3.101~2-5c219]:MleDiagGmmUpdate():mle-diag-gmm.cc:365) Gaussian has too little data but not removing it because it is the last Gaussian: i = 0, occ = 2, weight = 1
WARNING (gmm-est[5.3.101~2-5c219]:MleDiagGmmUpdate():mle-diag-gmm.cc:365) Gaussian has too little data but not removing it because it is the last Gaussian: i = 0, occ = 1, weight = 1
WARNING (gmm-est[5.3.101~2-5c219]:MleDiagGmmUpdate():mle-diag-gmm.cc:365) Gaussian has too little data but not removing it because it is the last Gaussian: i = 0, occ = 1, weight = 1
WARNING (gmm-est[5.3.101~2-5c219]:MleDiagGmmUpdate():mle-diag-gmm.cc:365) Gaussian has too little data but not removing it because it is the last Gaussian: i = 0, occ = 4, weight = 1
LOG (gmm-est[5.3.101~2-5c219]:MleAmDiagGmmUpdate():mle-am-diag-gmm.cc:225) 383 variance elements floored in 226 Gaussians, out of 509
LOG (gmm-est[5.3.101~2-5c219]:MleAmDiagGmmUpdate():mle-am-diag-gmm.cc:229) Removed 0 Gaussians due to counts < --min-gaussian-occupancy=10 and --remove-low-count-gaussians=true
LOG (gmm-est[5.3.101~2-5c219]:main():gmm-est.cc:113) GMM update: Overall 0.0989229 objective function improvement per frame over 480044 frames
LOG (gmm-est[5.3.101~2-5c219]:main():gmm-est.cc:116) GMM update: Overall avg like per frame = 0.457433 over 480044 frames.
LOG (gmm-est[5.3.101~2-5c219]:SplitByCount():am-diag-gmm.cc:116) Split 89 states with target = 539, power = 0.25, perturb_factor = 0.01 and min_count = 20, split #Gauss from 509 to 539
LOG (gmm-est[5.3.101~2-5c219]:main():gmm-est.cc:146) Written model to exp_org/monophones/17.mdl
# Accounting: time=0 threads=1
# Ended (code 0) at Mon Dec 11 18:11:00 UTC 2017, elapsed time 0 seconds
