# gmm-est --write-occs=exp_org/monophones/27.occs --mix-up=839 --power=0.25 exp_org/monophones/26.mdl "gmm-sum-accs - exp_org/monophones/26.*.acc|" exp_org/monophones/27.mdl 
# Started at Mon Dec 11 18:11:26 UTC 2017
#
gmm-est --write-occs=exp_org/monophones/27.occs --mix-up=839 --power=0.25 exp_org/monophones/26.mdl 'gmm-sum-accs - exp_org/monophones/26.*.acc|' exp_org/monophones/27.mdl 
gmm-sum-accs - exp_org/monophones/26.1.acc exp_org/monophones/26.2.acc exp_org/monophones/26.3.acc exp_org/monophones/26.4.acc exp_org/monophones/26.5.acc exp_org/monophones/26.6.acc exp_org/monophones/26.7.acc exp_org/monophones/26.8.acc 
LOG (gmm-sum-accs[5.3.101~2-5c219]:main():gmm-sum-accs.cc:63) Summed 8 stats, total count 480044, avg like/frame 1.74617
LOG (gmm-sum-accs[5.3.101~2-5c219]:main():gmm-sum-accs.cc:66) Total count of stats is 480044
LOG (gmm-sum-accs[5.3.101~2-5c219]:main():gmm-sum-accs.cc:67) Written stats to -
LOG (gmm-est[5.3.101~2-5c219]:MleUpdate():transition-model.cc:517) TransitionModel::Update, objf change is 0.000122587 per frame over 480044 frames. 
LOG (gmm-est[5.3.101~2-5c219]:MleUpdate():transition-model.cc:520) 7 probabilities floored, 6 out of 89 transition-states skipped due to insuffient data (it is normal to have some skipped.)
LOG (gmm-est[5.3.101~2-5c219]:main():gmm-est.cc:102) Transition model update: Overall 0.000122587 log-like improvement per frame over 480044 frames.
WARNING (gmm-est[5.3.101~2-5c219]:MleDiagGmmUpdate():mle-diag-gmm.cc:365) Gaussian has too little data but not removing it because it is the last Gaussian: i = 0, occ = 2, weight = 1
WARNING (gmm-est[5.3.101~2-5c219]:MleDiagGmmUpdate():mle-diag-gmm.cc:365) Gaussian has too little data but not removing it because it is the last Gaussian: i = 0, occ = 2, weight = 1
WARNING (gmm-est[5.3.101~2-5c219]:MleDiagGmmUpdate():mle-diag-gmm.cc:365) Gaussian has too little data but not removing it because it is the last Gaussian: i = 0, occ = 2, weight = 1
WARNING (gmm-est[5.3.101~2-5c219]:MleDiagGmmUpdate():mle-diag-gmm.cc:365) Gaussian has too little data but not removing it because it is the last Gaussian: i = 0, occ = 1, weight = 1
WARNING (gmm-est[5.3.101~2-5c219]:MleDiagGmmUpdate():mle-diag-gmm.cc:365) Gaussian has too little data but not removing it because it is the last Gaussian: i = 0, occ = 1, weight = 1
WARNING (gmm-est[5.3.101~2-5c219]:MleDiagGmmUpdate():mle-diag-gmm.cc:365) Gaussian has too little data but not removing it because it is the last Gaussian: i = 0, occ = 4, weight = 1
LOG (gmm-est[5.3.101~2-5c219]:MleAmDiagGmmUpdate():mle-am-diag-gmm.cc:225) 726 variance elements floored in 425 Gaussians, out of 809
LOG (gmm-est[5.3.101~2-5c219]:MleAmDiagGmmUpdate():mle-am-diag-gmm.cc:229) Removed 0 Gaussians due to counts < --min-gaussian-occupancy=10 and --remove-low-count-gaussians=true
LOG (gmm-est[5.3.101~2-5c219]:main():gmm-est.cc:113) GMM update: Overall 0.0555176 objective function improvement per frame over 480044 frames
LOG (gmm-est[5.3.101~2-5c219]:main():gmm-est.cc:116) GMM update: Overall avg like per frame = 1.74617 over 480044 frames.
LOG (gmm-est[5.3.101~2-5c219]:SplitByCount():am-diag-gmm.cc:116) Split 89 states with target = 839, power = 0.25, perturb_factor = 0.01 and min_count = 20, split #Gauss from 809 to 839
LOG (gmm-est[5.3.101~2-5c219]:main():gmm-est.cc:146) Written model to exp_org/monophones/27.mdl
# Accounting: time=0 threads=1
# Ended (code 0) at Mon Dec 11 18:11:26 UTC 2017, elapsed time 0 seconds
